Log file open, 12/08/16 15:21:58
LogInit:Display: Running engine for game: MORAL
LogPlatformFile: Not using cached read wrapper
LogInit:Display: RandInit(-1420976411) SRandInit(-1420976410).
LogTaskGraph: Started task graph with 5 named threads and 6 total threads with 1 sets of task threads.
LogStats: Stats thread started at 0.721307
LogPluginManager: Loaded Plugin Paper2D, From D:/Epic Games/4.14/Engine/Plugins/2D/Paper2D/Paper2D.uplugin
LogPluginManager: Loaded Plugin LightPropagationVolume, From D:/Epic Games/4.14/Engine/Plugins/Blendables/LightPropagationVolume/LightPropagationVolume.uplugin
LogPluginManager: Loaded Plugin BlankPlugin, From D:/Epic Games/4.14/Engine/Plugins/Developer/BlankPlugin/BlankPlugin.uplugin
LogPluginManager: Loaded Plugin CodeLiteSourceCodeAccess, From D:/Epic Games/4.14/Engine/Plugins/Developer/CodeLiteSourceCodeAccess/CodeLiteSourceCodeAccess.uplugin
LogPluginManager: Loaded Plugin GitSourceControl, From D:/Epic Games/4.14/Engine/Plugins/Developer/GitSourceControl/GitSourceControl.uplugin
LogPluginManager: Loaded Plugin KDevelopSourceCodeAccess, From D:/Epic Games/4.14/Engine/Plugins/Developer/KDevelopSourceCodeAccess/KDevelopSourceCodeAccess.uplugin
LogPluginManager: Loaded Plugin NullSourceCodeAccess, From D:/Epic Games/4.14/Engine/Plugins/Developer/NullSourceCodeAccess/NullSourceCodeAccess.uplugin
LogPluginManager: Loaded Plugin OneSkyLocalizationService, From D:/Epic Games/4.14/Engine/Plugins/Developer/OneSkyLocalizationService/OneSkyLocalizationService.uplugin
LogPluginManager: Loaded Plugin PerforceSourceControl, From D:/Epic Games/4.14/Engine/Plugins/Developer/PerforceSourceControl/PerforceSourceControl.uplugin
LogPluginManager: Loaded Plugin SubversionSourceControl, From D:/Epic Games/4.14/Engine/Plugins/Developer/SubversionSourceControl/SubversionSourceControl.uplugin
LogPluginManager: Loaded Plugin UObjectPlugin, From D:/Epic Games/4.14/Engine/Plugins/Developer/UObjectPlugin/UObjectPlugin.uplugin
LogPluginManager: Loaded Plugin VisualStudioSourceCodeAccess, From D:/Epic Games/4.14/Engine/Plugins/Developer/VisualStudioSourceCodeAccess/VisualStudioSourceCodeAccess.uplugin
LogPluginManager: Loaded Plugin XCodeSourceCodeAccess, From D:/Epic Games/4.14/Engine/Plugins/Developer/XCodeSourceCodeAccess/XCodeSourceCodeAccess.uplugin
LogPluginManager: Loaded Plugin AudioCapture, From D:/Epic Games/4.14/Engine/Plugins/Editor/AudioCapture/AudioCapture.uplugin
LogPluginManager: Loaded Plugin EpicSurvey, From D:/Epic Games/4.14/Engine/Plugins/Editor/EpicSurvey/EpicSurvey.uplugin
LogPluginManager: Loaded Plugin MacGraphicsSwitching, From D:/Epic Games/4.14/Engine/Plugins/Editor/MacGraphicsSwitching/MacGraphicsSwitching.uplugin
LogPluginManager: Loaded Plugin MobileLauncherProfileWizard, From D:/Epic Games/4.14/Engine/Plugins/Editor/MobileLauncherProfileWizard/MobileLauncherProfileWizard.uplugin
LogPluginManager: Loaded Plugin PluginBrowser, From D:/Epic Games/4.14/Engine/Plugins/Editor/PluginBrowser/PluginBrowser.uplugin
LogPluginManager: Loaded Plugin SpeedTreeImporter, From D:/Epic Games/4.14/Engine/Plugins/Editor/SpeedTreeImporter/SpeedTreeImporter.uplugin
LogPluginManager: Loaded Plugin SuperSearchEditor, From D:/Epic Games/4.14/Engine/Plugins/Editor/SuperSearchEditor/SuperSearchEditor.uplugin
LogPluginManager: Loaded Plugin AlembicImporter, From D:/Epic Games/4.14/Engine/Plugins/Experimental/AlembicImporter/AlembicImporter.uplugin
LogPluginManager: Loaded Plugin BlueprintStats, From D:/Epic Games/4.14/Engine/Plugins/Experimental/BlueprintStats/BlueprintStats.uplugin
LogPluginManager: Loaded Plugin CharacterAI, From D:/Epic Games/4.14/Engine/Plugins/Experimental/CharacterAI/CharacterAI.uplugin
LogPluginManager: Loaded Plugin CodeEditor, From D:/Epic Games/4.14/Engine/Plugins/Experimental/CodeEditor/CodeEditor.uplugin
LogPluginManager: Loaded Plugin CodeView, From D:/Epic Games/4.14/Engine/Plugins/Experimental/CodeView/CodeView.uplugin
LogPluginManager: Loaded Plugin HTML5Networking, From D:/Epic Games/4.14/Engine/Plugins/Experimental/HTML5Networking/HTML5Networking.uplugin
LogPluginManager: Loaded Plugin OSVR, From D:/Epic Games/4.14/Engine/Plugins/Experimental/OSVR/OSVR.uplugin
LogPluginManager: Loaded Plugin Phya, From D:/Epic Games/4.14/Engine/Plugins/Experimental/Phya/Phya.uplugin
LogPluginManager: Loaded Plugin SignificanceManager, From D:/Epic Games/4.14/Engine/Plugins/Experimental/SignificanceManager/SignificanceManager.uplugin
LogPluginManager: Loaded Plugin SimpleHMD, From D:/Epic Games/4.14/Engine/Plugins/Experimental/SimpleHMD/SimpleHMD.uplugin
LogPluginManager: Loaded Plugin StereoPanorama, From D:/Epic Games/4.14/Engine/Plugins/Experimental/StereoPanorama/StereoPanorama.uplugin
LogPluginManager: Loaded Plugin StructBox, From D:/Epic Games/4.14/Engine/Plugins/Experimental/StructBox/StructBox.uplugin
LogPluginManager: Loaded Plugin AndroidMedia, From D:/Epic Games/4.14/Engine/Plugins/Media/AndroidMedia/AndroidMedia.uplugin
LogPluginManager: Loaded Plugin AvfMedia, From D:/Epic Games/4.14/Engine/Plugins/Media/AvfMedia/AvfMedia.uplugin
LogPluginManager: Loaded Plugin MediaPlayerEditor, From D:/Epic Games/4.14/Engine/Plugins/Media/MediaPlayerEditor/MediaPlayerEditor.uplugin
LogPluginManager: Loaded Plugin WmfMedia, From D:/Epic Games/4.14/Engine/Plugins/Media/WmfMedia/WmfMedia.uplugin
LogPluginManager: Loaded Plugin MessagingDebugger, From D:/Epic Games/4.14/Engine/Plugins/Messaging/MessagingDebugger/MessagingDebugger.uplugin
LogPluginManager: Loaded Plugin TcpMessaging, From D:/Epic Games/4.14/Engine/Plugins/Messaging/TcpMessaging/TcpMessaging.uplugin
LogPluginManager: Loaded Plugin UdpMessaging, From D:/Epic Games/4.14/Engine/Plugins/Messaging/UdpMessaging/UdpMessaging.uplugin
LogPluginManager: Loaded Plugin LevelSequenceEditor, From D:/Epic Games/4.14/Engine/Plugins/MovieScene/LevelSequenceEditor/LevelSequenceEditor.uplugin
LogPluginManager: Loaded Plugin MatineeToLevelSequence, From D:/Epic Games/4.14/Engine/Plugins/MovieScene/MatineeToLevelSequence/MatineeToLevelSequence.uplugin
LogPluginManager: Loaded Plugin NetcodeUnitTest, From D:/Epic Games/4.14/Engine/Plugins/NetcodeUnitTest/NetcodeUnitTest/NetcodeUnitTest.uplugin
LogPluginManager: Loaded Plugin NUTUnrealEngine4, From D:/Epic Games/4.14/Engine/Plugins/NetcodeUnitTest/NUTUnrealEngine4/NUTUnrealEngine4.uplugin
LogPluginManager: Loaded Plugin OnlineSubsystemGameCircle, From D:/Epic Games/4.14/Engine/Plugins/Online/Android/OnlineSubsystemGameCircle/OnlineSubsystemGameCircle.uplugin
LogPluginManager: Loaded Plugin OnlineSubsystemGooglePlay, From D:/Epic Games/4.14/Engine/Plugins/Online/Android/OnlineSubsystemGooglePlay/OnlineSubsystemGooglePlay.uplugin
LogPluginManager: Loaded Plugin OnlineSubsystemIOS, From D:/Epic Games/4.14/Engine/Plugins/Online/IOS/OnlineSubsystemIOS/OnlineSubsystemIOS.uplugin
LogPluginManager: Loaded Plugin OnlineFramework, From D:/Epic Games/4.14/Engine/Plugins/Online/OnlineFramework/OnlineFramework.uplugin
LogPluginManager: Loaded Plugin OnlineSubsystem, From D:/Epic Games/4.14/Engine/Plugins/Online/OnlineSubsystem/OnlineSubsystem.uplugin
LogPluginManager: Loaded Plugin OnlineSubsystemAmazon, From D:/Epic Games/4.14/Engine/Plugins/Online/OnlineSubsystemAmazon/OnlineSubsystemAmazon.uplugin
LogPluginManager: Loaded Plugin OnlineSubsystemFacebook, From D:/Epic Games/4.14/Engine/Plugins/Online/OnlineSubsystemFacebook/OnlineSubsystemFacebook.uplugin
LogPluginManager: Loaded Plugin OnlineSubsystemNull, From D:/Epic Games/4.14/Engine/Plugins/Online/OnlineSubsystemNull/OnlineSubsystemNull.uplugin
LogPluginManager: Loaded Plugin OnlineSubsystemOculus, From D:/Epic Games/4.14/Engine/Plugins/Online/OnlineSubsystemOculus/OnlineSubsystemOculus.uplugin
LogPluginManager: Loaded Plugin OnlineSubsystemSteam, From D:/Epic Games/4.14/Engine/Plugins/Online/OnlineSubsystemSteam/OnlineSubsystemSteam.uplugin
LogPluginManager: Loaded Plugin OnlineSubsystemUtils, From D:/Epic Games/4.14/Engine/Plugins/Online/OnlineSubsystemUtils/OnlineSubsystemUtils.uplugin
LogPluginManager: Loaded Plugin IOSTapJoy, From D:/Epic Games/4.14/Engine/Plugins/Runtime/Advertising/IOSTapJoy/IOSTapJoy.uplugin
LogPluginManager: Loaded Plugin AnalyticsBlueprintLibrary, From D:/Epic Games/4.14/Engine/Plugins/Runtime/Analytics/AnalyticsBlueprintLibrary/AnalyticsBlueprintLibrary.uplugin
LogPluginManager: Loaded Plugin AnalyticsMulticast, From D:/Epic Games/4.14/Engine/Plugins/Runtime/Analytics/AnalyticsMulticast/AnalyticsMulticast.uplugin
LogPluginManager: Loaded Plugin Apsalar, From D:/Epic Games/4.14/Engine/Plugins/Runtime/Analytics/Apsalar/Apsalar.uplugin
LogPluginManager: Loaded Plugin FileLogging, From D:/Epic Games/4.14/Engine/Plugins/Runtime/Analytics/FileLogging/FileLogging.uplugin
LogPluginManager: Loaded Plugin Flurry, From D:/Epic Games/4.14/Engine/Plugins/Runtime/Analytics/Flurry/Flurry.uplugin
LogPluginManager: Loaded Plugin AndroidDeviceProfileSelector, From D:/Epic Games/4.14/Engine/Plugins/Runtime/AndroidDeviceProfileSelector/AndroidDeviceProfileSelector.uplugin
LogPluginManager: Loaded Plugin AndroidMoviePlayer, From D:/Epic Games/4.14/Engine/Plugins/Runtime/AndroidMoviePlayer/AndroidMoviePlayer.uplugin
LogPluginManager: Loaded Plugin AppleMoviePlayer, From D:/Epic Games/4.14/Engine/Plugins/Runtime/AppleMoviePlayer/AppleMoviePlayer.uplugin
LogPluginManager: Loaded Plugin ArchVisCharacter, From D:/Epic Games/4.14/Engine/Plugins/Runtime/ArchVisCharacter/ArchVisCharacter.uplugin
LogPluginManager: Loaded Plugin CableComponent, From D:/Epic Games/4.14/Engine/Plugins/Runtime/CableComponent/CableComponent.uplugin
LogPluginManager: Loaded Plugin CustomMeshComponent, From D:/Epic Games/4.14/Engine/Plugins/Runtime/CustomMeshComponent/CustomMeshComponent.uplugin
LogPluginManager: Loaded Plugin ExampleDeviceProfileSelector, From D:/Epic Games/4.14/Engine/Plugins/Runtime/ExampleDeviceProfileSelector/ExampleDeviceProfileSelector.uplugin
LogPluginManager: Loaded Plugin GearVR, From D:/Epic Games/4.14/Engine/Plugins/Runtime/GearVR/GearVR.uplugin
LogPluginManager: Loaded Plugin GoogleVRController, From D:/Epic Games/4.14/Engine/Plugins/Runtime/GoogleVR/GoogleVRController/GoogleVRController.uplugin
LogPluginManager: Loaded Plugin GoogleVRHMD, From D:/Epic Games/4.14/Engine/Plugins/Runtime/GoogleVR/GoogleVRHMD/GoogleVRHMD.uplugin
LogPluginManager: Loaded Plugin IOSDeviceProfileSelector, From D:/Epic Games/4.14/Engine/Plugins/Runtime/IOSDeviceProfileSelector/IOSDeviceProfileSelector.uplugin
LogPluginManager: Loaded Plugin LeapMotion, From D:/Epic Games/4.14/Engine/Plugins/Runtime/LeapMotion/LeapMotion.uplugin
LogPluginManager: Loaded Plugin LinuxDeviceProfileSelector, From D:/Epic Games/4.14/Engine/Plugins/Runtime/LinuxDeviceProfileSelector/LinuxDeviceProfileSelector.uplugin
LogPluginManager: Loaded Plugin MIDIDevice, From D:/Epic Games/4.14/Engine/Plugins/Runtime/MIDIDevice/MIDIDevice.uplugin
LogPluginManager: Loaded Plugin MobilePatchingUtils, From D:/Epic Games/4.14/Engine/Plugins/Runtime/MobilePatchingUtils/MobilePatchingUtils.uplugin
LogPluginManager: Loaded Plugin Ansel, From D:/Epic Games/4.14/Engine/Plugins/Runtime/Nvidia/Ansel/Ansel.uplugin
LogPluginManager: Loaded Plugin OculusAudio, From D:/Epic Games/4.14/Engine/Plugins/Runtime/OculusAudio/OculusAudio.uplugin
LogPluginManager: Loaded Plugin OculusInput, From D:/Epic Games/4.14/Engine/Plugins/Runtime/OculusInput/OculusInput.uplugin
LogPluginManager: Loaded Plugin OculusLibrary, From D:/Epic Games/4.14/Engine/Plugins/Runtime/OculusLibrary/OculusLibrary.uplugin
LogPluginManager: Loaded Plugin OculusRift, From D:/Epic Games/4.14/Engine/Plugins/Runtime/OculusRift/OculusRift.uplugin
LogPluginManager: Loaded Plugin Oodle, From D:/Epic Games/4.14/Engine/Plugins/Runtime/PacketHandlers/CompressionComponents/Oodle/Oodle.uplugin
LogPluginManager: Loaded Plugin ProceduralMeshComponent, From D:/Epic Games/4.14/Engine/Plugins/Runtime/ProceduralMeshComponent/ProceduralMeshComponent.uplugin
LogPluginManager: Loaded Plugin SoundMod, From D:/Epic Games/4.14/Engine/Plugins/Runtime/SoundMod/SoundMod.uplugin
LogPluginManager: Loaded Plugin SoundVisualizations, From D:/Epic Games/4.14/Engine/Plugins/Runtime/SoundVisualizations/SoundVisualizations.uplugin
LogPluginManager: Loaded Plugin SteamController, From D:/Epic Games/4.14/Engine/Plugins/Runtime/Steam/SteamController/SteamController.uplugin
LogPluginManager: Loaded Plugin SteamVR, From D:/Epic Games/4.14/Engine/Plugins/Runtime/Steam/SteamVR/SteamVR.uplugin
LogPluginManager: Loaded Plugin WebBrowserWidget, From D:/Epic Games/4.14/Engine/Plugins/Runtime/WebBrowserWidget/WebBrowserWidget.uplugin
LogPluginManager: Loaded Plugin WindowsDeviceProfileSelector, From D:/Epic Games/4.14/Engine/Plugins/Runtime/WindowsDeviceProfileSelector/WindowsDeviceProfileSelector.uplugin
LogPluginManager: Loaded Plugin WindowsMoviePlayer, From D:/Epic Games/4.14/Engine/Plugins/Runtime/WindowsMoviePlayer/WindowsMoviePlayer.uplugin
LogPluginManager: Loaded Plugin ScriptPlugin, From D:/Epic Games/4.14/Engine/Plugins/ScriptPlugin/ScriptPlugin.uplugin
LogPluginManager: Loaded Plugin SlateRemote, From D:/Epic Games/4.14/Engine/Plugins/Slate/SlateRemote/SlateRemote.uplugin
LogPluginManager: Loaded Plugin EditorTests, From D:/Epic Games/4.14/Engine/Plugins/Tests/EditorTests/EditorTests.uplugin
LogPluginManager: Loaded Plugin FbxAutomationTestBuilder, From D:/Epic Games/4.14/Engine/Plugins/Tests/FbxAutomationTestBuilder/FbxAutomationTestBuilder.uplugin
LogPluginManager: Loaded Plugin FunctionalTestingEditor, From D:/Epic Games/4.14/Engine/Plugins/Tests/FunctionalTestingEditor/FunctionalTestingEditor.uplugin
LogPluginManager: Loaded Plugin RuntimeTests, From D:/Epic Games/4.14/Engine/Plugins/Tests/RuntimeTests/RuntimeTests.uplugin
LogPluginManager: Loaded Plugin ScreenshotTools, From D:/Epic Games/4.14/Engine/Plugins/Tests/ScreenshotTools/ScreenshotTools.uplugin
LogInit: Using libcurl 7.47.1
LogInit:  - built for x86_64-pc-win32
LogInit:  - supports SSL with OpenSSL/1.0.2g
LogInit:  - supports HTTP deflate (compression) using libz 1.2.8
LogInit:  - other features:
LogInit:      CURL_VERSION_SSL
LogInit:      CURL_VERSION_LIBZ
LogInit:      CURL_VERSION_IPV6
LogInit:      CURL_VERSION_ASYNCHDNS
LogInit:      CURL_VERSION_LARGEFILE
LogInit:      CURL_VERSION_IDN
LogInit:  CurlRequestOptions (configurable via config and command line):
LogInit:  - bVerifyPeer = false  - Libcurl will NOT verify peer certificate
LogInit:  - bUseHttpProxy = false  - Libcurl will NOT use HTTP proxy
LogInit:  - bDontReuseConnections = false  - Libcurl will reuse connections
LogInit:  - CertBundlePath = nullptr  - Libcurl will use whatever was configured at build time.
LogInit: Build: ++UE4+Release-4.14-CL-3224400
LogInit: Engine Version: 4.14.1-3224400+++UE4+Release-4.14
LogInit: Compatible Engine Version: 4.14.0-3195953+++UE4+Release-4.14
LogInit: Net CL: 3195953
LogDevObjectVersion: Number of dev versions registered: 13
LogDevObjectVersion:   Dev-Blueprints (B0D832E4-1F89-4F0D-ACCF-7EB736FD4AA2): 7
LogDevObjectVersion:   Dev-Build (E1C64328-A22C-4D53-A36C-8E866417BD8C): 0
LogDevObjectVersion:   Dev-Core (375EC13C-06E4-48FB-B500-84F0262A717E): 1
LogDevObjectVersion:   Dev-Editor (E4B068ED-F494-42E9-A231-DA0B2E46BB41): 8
LogDevObjectVersion:   Dev-Framework (CFFC743F-43B0-4480-9391-14DF171D2073): 17
LogDevObjectVersion:   Dev-Mobile (B02B49B5-BB20-44E9-A304-32B752E40360): 0
LogDevObjectVersion:   Dev-Networking (A4E4105C-59A1-49B5-A7C5-40C4547EDFEE): 0
LogDevObjectVersion:   Dev-Online (39C831C9-5AE6-47DC-9A44-9C173E1C8E7C): 0
LogDevObjectVersion:   Dev-Physics (78F01B33-EBEA-4F98-B9B4-84EACCB95AA2): 0
LogDevObjectVersion:   Dev-Platform (6631380F-2D4D-43E0-8009-CF276956A95A): 0
LogDevObjectVersion:   Dev-Rendering (12F88B9F-8875-4AFC-A67C-D90C383ABD29): 12
LogDevObjectVersion:   Dev-Sequencer (7B5AE74C-D270-4C10-A958-57980B212A5A): 1
LogDevObjectVersion:   Dev-VR (D7296918-1DD6-4BDD-9DE2-64A83CC13884): 0
LogInit: Compiled (64-bit): Dec  7 2016 02:14:32
LogInit: Compiled with Visual C++: 19.00.23026.00
LogInit: Build Configuration: Development
LogInit: Branch Name: ++UE4+Release-4.14
LogInit: Command line:  
LogInit: Base directory: D:/Epic Games/4.14/Engine/Binaries/Win64/
LogInit: Installed Engine Build: 1
LogInit: Presizing for max 8388607 objects, including 0 objects not considered by GC, pre-allocating 0 bytes for permanent pool.
LogInit: Object subsystem initialized
[2016.12.08-17.22.00:248][  0]LogInit: Selected Device Profile: [Windows]
[2016.12.08-17.22.00:248][  0]LogInit: Applying CVar settings loaded from the selected device profile: [Windows]
[2016.12.08-17.22.00:343][  0]LogInit: Computer: AMORIM
[2016.12.08-17.22.00:343][  0]LogInit: User: PCAmorim
[2016.12.08-17.22.00:343][  0]LogInit: CPU Page size=65536, Cores=2
[2016.12.08-17.22.00:343][  0]LogInit: High frequency timer resolution =3.215353 MHz
[2016.12.08-17.22.00:343][  0]LogMemory: Memory total: Physical=4.0GB (4GB approx)
[2016.12.08-17.22.00:354][  0]LogMemory: Platform Memory Stats for Windows
[2016.12.08-17.22.00:354][  0]LogMemory: Process Physical Memory: 261.43 MB used, 261.43 MB peak
[2016.12.08-17.22.00:354][  0]LogMemory: Process Virtual Memory: 262.03 MB used, 262.03 MB peak
[2016.12.08-17.22.00:354][  0]LogMemory: Physical Memory: 3293.76 MB used,  764.33 MB free, 4058.09 MB total
[2016.12.08-17.22.00:354][  0]LogMemory: Virtual Memory: 656.05 MB used,  764.33 MB free, 134217728.00 MB total
[2016.12.08-17.22.01:921][  0]LogInit: Overriding culture en with editor configuration.
[2016.12.08-17.22.04:197][  0]LogD3D11RHI: D3D11 adapters:
[2016.12.08-17.22.04:242][  0]LogD3D11RHI:    0. 'AMD Radeon HD 7800 Series' (Feature Level 11_0)
[2016.12.08-17.22.04:242][  0]LogD3D11RHI:       1007/0/1792 MB DedicatedVideo/DedicatedSystem/SharedSystem, Outputs:1, VendorId:0x1002
[2016.12.08-17.22.04:305][  0]LogD3D11RHI:    1. 'Microsoft Basic Render Driver' (Feature Level 11_0)
[2016.12.08-17.22.04:305][  0]LogD3D11RHI:       0/0/256 MB DedicatedVideo/DedicatedSystem/SharedSystem, Outputs:0, VendorId:0x1414
[2016.12.08-17.22.04:305][  0]LogD3D11RHI: Chosen D3D11 Adapter: 0
[2016.12.08-17.22.04:334][  0]LogD3D11RHI: Creating new Direct3DDevice
[2016.12.08-17.22.04:334][  0]LogD3D11RHI:     GPU DeviceId: 0x6819 (for the marketing name, search the web for "GPU Device Id")
[2016.12.08-17.22.04:334][  0]LogWindows: EnumDisplayDevices:
[2016.12.08-17.22.04:334][  0]LogWindows:    0. 'AMD Radeon HD 7800 Series' (P:1 D:1)
[2016.12.08-17.22.04:335][  0]LogWindows:    1. 'AMD Radeon HD 7800 Series' (P:0 D:0)
[2016.12.08-17.22.04:335][  0]LogWindows:    2. 'AMD Radeon HD 7800 Series' (P:0 D:0)
[2016.12.08-17.22.04:335][  0]LogWindows:    3. 'AMD Radeon HD 7800 Series' (P:0 D:0)
[2016.12.08-17.22.04:335][  0]LogWindows:    4. 'AMD Radeon HD 7800 Series' (P:0 D:0)
[2016.12.08-17.22.04:335][  0]LogWindows:    5. 'AMD Radeon HD 7800 Series' (P:0 D:0)
[2016.12.08-17.22.04:336][  0]LogWindows: DebugString: FoundDriverCount:6 
[2016.12.08-17.22.04:336][  0]LogD3D11RHI:     Adapter Name: AMD Radeon HD 7800 Series
[2016.12.08-17.22.04:336][  0]LogD3D11RHI:   Driver Version: Crimson 16.5.3 (internal:16.200.1013.0, unified:16.200.1013.0)
[2016.12.08-17.22.04:336][  0]LogD3D11RHI:      Driver Date: 5-20-2016
[2016.12.08-17.22.04:336][  0]LogRHI: Texture pool is 705 MB (70% of 1007 MB)
[2016.12.08-17.22.04:343][  0]LogD3D11RHI: Async texture creation enabled
[2016.12.08-17.22.04:420][  0]LogD3D11RHI: GPU Timing Frequency: 27.000000 (Debug: 2 1)
[2016.12.08-17.22.04:464][  0]LogShaderCompilers: Guid format shader working directory is 5 characters bigger than the processId version (../../../../../Meus Jogos/M.O.R.A.L/MyProject/Intermediate/Shaders/WorkingDirectory/6452/).
[2016.12.08-17.22.04:464][  0]LogShaderCompilers: Cleaned the shader compiler working directory 'C:/Users/PC-Amorim/AppData/Local/Temp/UnrealShaderWorkingDir/E2CF7D934066CDEB02E42EA1AA210956/'.
[2016.12.08-17.22.04:464][  0]LogShaderCompilers:Display: Using Local Shader Compiler.
[2016.12.08-17.22.10:260][  0]LogTemp:Display: Loaded TP AllDesktopTargetPlatform
[2016.12.08-17.22.10:322][  0]LogTemp:Display: Loaded TP MacClientTargetPlatform
[2016.12.08-17.22.10:381][  0]LogTemp:Display: Loaded TP MacNoEditorTargetPlatform
[2016.12.08-17.22.10:457][  0]LogTemp:Display: Loaded TP MacServerTargetPlatform
[2016.12.08-17.22.10:576][  0]LogTemp:Display: Loaded TP MacTargetPlatform
[2016.12.08-17.22.10:638][  0]LogTemp:Display: Loaded TP WindowsClientTargetPlatform
[2016.12.08-17.22.10:702][  0]LogTemp:Display: Loaded TP WindowsNoEditorTargetPlatform
[2016.12.08-17.22.10:773][  0]LogTemp:Display: Loaded TP WindowsServerTargetPlatform
[2016.12.08-17.22.10:825][  0]LogTemp:Display: Loaded TP WindowsTargetPlatform
[2016.12.08-17.22.11:065][  0]LogTemp:Display: Loaded TP AndroidTargetPlatform
[2016.12.08-17.22.11:154][  0]LogTemp:Display: Loaded TP Android_ASTCTargetPlatform
[2016.12.08-17.22.11:227][  0]LogTemp:Display: Loaded TP Android_ATCTargetPlatform
[2016.12.08-17.22.11:319][  0]LogTemp:Display: Loaded TP Android_DXTTargetPlatform
[2016.12.08-17.22.11:389][  0]LogTemp:Display: Loaded TP Android_ETC1TargetPlatform
[2016.12.08-17.22.11:488][  0]LogTemp:Display: Loaded TP Android_ETC2TargetPlatform
[2016.12.08-17.22.11:702][  0]LogTemp:Display: Loaded TP Android_MultiTargetPlatform
[2016.12.08-17.22.11:702][  0]LogTemp:Display: Loaded TP Android_PVRTCTargetPlatform
[2016.12.08-17.22.11:740][  0]LogTemp:Display: Loaded TP HTML5TargetPlatform
[2016.12.08-17.22.11:913][  0]LogTemp:Display: Loaded TP IOSTargetPlatform
[2016.12.08-17.22.11:952][  0]LogTemp:Display: Loaded TP TVOSTargetPlatform
[2016.12.08-17.22.12:087][  0]LogTemp:Display: Loaded TP LinuxClientTargetPlatform
[2016.12.08-17.22.12:156][  0]LogTemp:Display: Loaded TP LinuxNoEditorTargetPlatform
[2016.12.08-17.22.12:246][  0]LogTemp:Display: Loaded TP LinuxServerTargetPlatform
[2016.12.08-17.22.12:312][  0]LogTemp:Display: Loaded TP LinuxTargetPlatform
[2016.12.08-17.22.12:312][  0]LogTargetPlatformManager:Display: Building Assets For Windows
[2016.12.08-17.22.13:167][  0]LogDerivedDataCache:Display: Max Cache Size: 512 MB
[2016.12.08-17.22.14:541][  0]LogDerivedDataCache: Loaded boot cache 1.35s 60MB C:/Users/PC-Amorim/AppData/Local/UnrealEngine/4.14/DerivedDataCache/Boot.ddc.
[2016.12.08-17.22.14:541][  0]LogDerivedDataCache:Display: Loaded Boot cache: C:/Users/PC-Amorim/AppData/Local/UnrealEngine/4.14/DerivedDataCache/Boot.ddc
[2016.12.08-17.22.14:542][  0]LogDerivedDataCache: FDerivedDataBackendGraph:  Pak pak cache file ../../../../../Meus Jogos/M.O.R.A.L/MyProject/DerivedDataCache/DDC.ddp not found, will not use a pak cache.
[2016.12.08-17.22.14:542][  0]LogDerivedDataCache: Unable to find inner node Pak for hierarchical cache Hierarchy.
[2016.12.08-17.22.14:542][  0]LogDerivedDataCache: FDerivedDataBackendGraph:  CompressedPak pak cache file ../../../../../Meus Jogos/M.O.R.A.L/MyProject/DerivedDataCache/Compressed.ddp not found, will not use a pak cache.
[2016.12.08-17.22.14:542][  0]LogDerivedDataCache: Unable to find inner node CompressedPak for hierarchical cache Hierarchy.
[2016.12.08-17.22.14:585][  0]LogDerivedDataCache:Display: Pak cache opened for reading ../../../Engine/DerivedDataCache/Compressed.ddp.
[2016.12.08-17.22.14:598][  0]LogDerivedDataCache: Using Local data cache path C:/Users/PC-Amorim/AppData/Local/UnrealEngine/Common/DerivedDataCache: Writable
[2016.12.08-17.22.18:423][  0]LogInit: Selected Device Profile: [Windows]
[2016.12.08-17.22.18:451][  0]LogContentStreaming: Texture pool size is 0.00 MB
[2016.12.08-17.22.19:145][  0]LogMeshUtilities: Using QuadricMeshReduction for automatic static mesh reduction
[2016.12.08-17.22.19:217][  0]LogSimplygon: Simplygon DLL not present - disabling.
[2016.12.08-17.22.19:291][  0]LogMeshUtilities: Using SimplygonSwarm for distributed automatic mesh merging
[2016.12.08-17.22.19:291][  0]LogMeshUtilities: No automatic skeletal mesh reduction module available
[2016.12.08-17.22.19:291][  0]LogMeshUtilities: No automatic mesh merging module available
[2016.12.08-17.22.38:808][  0]LogNetVersion: GetLocalNetworkVersion: CL: 3195953, ProjectName: moral, ProjectVersion: , EngineNetworkVersion: 2, GameNetworkVersion: 0, NetworkChecksum: 1128046151
[2016.12.08-17.22.39:291][  0]LogAssetRegistry: FAssetRegistry took 0.0246 seconds to start up
[2016.12.08-17.22.40:904][  0]LogPackageLocalizationCache: Processed 3 localized package path(s) for 1 prioritized culture(s) in 1.133185 seconds
[2016.12.08-17.22.40:974][  0]LogUObjectArray: 31946 objects as part of root set at end of initial load.
[2016.12.08-17.22.40:974][  0]LogUObjectAllocator: 6935840 out of 0 bytes used by permanent object pool.
[2016.12.08-17.22.40:974][  0]LogUObjectArray: CloseDisregardForGC: 0/0 objects in disregard for GC pool
[2016.12.08-17.22.41:089][  0]LogInit: WinSock: version 1.1 (2.2), MaxSocks=32767, MaxUdp=65467
[2016.12.08-17.22.49:087][  0]LogSlate: Using Freetype 2.6.0
[2016.12.08-17.22.49:303][  0]LogSlate: SlateFontCache - WITH_FREETYPE: 1, WITH_HARFBUZZ: 1
[2016.12.08-17.22.49:303][  0]LogSlate: SlateFontCache - WITH_FREETYPE: 1, WITH_HARFBUZZ: 1
[2016.12.08-17.23.01:721][  0]LogTcpMessaging: Initializing TcpMessaging bridge
[2016.12.08-17.23.01:816][  0]LogUdpMessaging: Initializing bridge on interface 0.0.0.0:0 to multicast group 230.0.0.1:6666.
[2016.12.08-17.23.07:117][  0]LogMaterial: Uniform references updated for custom material expression Custom.
[2016.12.08-17.23.08:529][  0]SourceControl: Info Source control is disabled
[2016.12.08-17.23.08:622][  0]SourceControl: Info Source control is disabled
[2016.12.08-17.23.08:840][  0]SourceControl: Info Source control is disabled
[2016.12.08-17.23.09:029][  0]SourceControl: Info Source control is disabled
[2016.12.08-17.23.12:848][  0]LogEngine: Initializing Engine...
[2016.12.08-17.23.12:960][  0]LogHMD: Failed to initialize OpenVR with code 100
[2016.12.08-17.23.14:936][  0]LogAIModule: Creating AISystem for world Untitled
[2016.12.08-17.23.15:417][  0]LogInit: XAudio2 using 'Alto-falantes (2- Dispositivo de High Definition Audio)' : 2 channels at 44.1 kHz using 16 bits per sample (channel mask 0x3)
[2016.12.08-17.23.15:508][  0]LogInit: FAudioDevice initialized.
[2016.12.08-17.23.15:564][  0]LogDerivedDataCache: Saved boot cache 0.04s 60MB C:/Users/PC-Amorim/AppData/Local/UnrealEngine/4.14/DerivedDataCache/Boot.ddc.
[2016.12.08-17.23.15:616][  0]LogInit: Texture streaming: Enabled
[2016.12.08-17.23.20:055][  0]LogInit: Transaction tracking system initialized
[2016.12.08-17.23.21:712][  0]BlueprintLog: New page: Editor Load
[2016.12.08-17.23.24:440][  0]LocalizationService: Info Localization service is disabled
[2016.12.08-17.23.26:265][  0]LogConsoleResponse:Display: 
[2016.12.08-17.23.31:551][  0]LogFileCache: Scanning file cache for directory 'D:/Meus Jogos/M.O.R.A.L/MyProject/Content/' took 0.10s
[2016.12.08-17.23.31:551][  0]LogCook:Display: Max memory allowance for cook 16384mb min free memory 0mb
[2016.12.08-17.23.31:622][  0]LogCook:Display: Mobile HDR setting 1
[2016.12.08-17.23.48:409][  0]SourceControl: Info Source control is disabled
[2016.12.08-17.23.48:507][  0]Cmd: MAP LOAD FILE="../../../../../Meus Jogos/M.O.R.A.L/MyProject/Content/StarterContent/Maps/Minimal_Default.umap" TEMPLATE=0 SHOWPROGRESS=1 FEATURELEVEL=3
[2016.12.08-17.23.48:624][  0]LightingResults: New page: Lighting Build
[2016.12.08-17.23.49:374][  0]MapCheck: New page: Map Check
[2016.12.08-17.23.49:374][  0]LightingResults: New page: Lighting Build
[2016.12.08-17.23.52:247][  0]LogProperty:Error: UStructProperty::Serialize Loading: Property 'StructProperty /Game/Actor/Nathan/BluePrint/NathanChar.NathanChar_C:Inventory.Inventory'. Unknown structure.
[2016.12.08-17.23.52:337][  0]LogProperty:Error: UStructProperty::Serialize Loading: Property 'StructProperty /Game/Systems/InventorySystem/MasterItem.MasterItem_C:ItemData'. Unknown structure.
[2016.12.08-17.23.52:356][  0]LogClass:Warning: Property ItemData of ItemData has a struct type mismatch (tag STRUCT_REINST_ItemData_0 != prop FallbackStruct) in package:  ../../../../../Meus Jogos/M.O.R.A.L/MyProject/Content/Systems/InventorySystem/MasterItem.uasset. If that struct got renamed, add an entry to ActiveStructRedirects.
[2016.12.08-17.23.52:398][  0]LogClass:Warning: Property ItemData of ItemData has a struct type mismatch (tag FallbackStruct != prop ItemData) in package:  FObjectReader. If that struct got renamed, add an entry to ActiveStructRedirects.
[2016.12.08-17.23.52:862][  0]LogBlueprint:Error: [Compiler InventorySlot] Error The current value of the ' TargetArray ' pin is invalid: Array inputs (like 'Target Array') must have an input wired into them (try connecting a MakeArray node).
[2016.12.08-17.23.52:867][  0]LogBlueprint:Warning: [Compiler InventorySlot] Warning [0119.03] Compile of InventorySlot failed. 1 Fatal Issue(s) 0 Warning(s) [in 36 ms] (/Game/Systems/InventorySystem/UMG/InventorySlot.InventorySlot)
[2016.12.08-17.23.52:868][  0]LogBlueprint:Warning: [Compiler InventorySlot] Warning [0119.03] Compile of InventorySlot failed. 1 Fatal Issue(s) 1 Warning(s) [in 0 ms] (/Game/Systems/InventorySystem/UMG/InventorySlot.InventorySlot)
[2016.12.08-17.23.52:868][  0]LogBlueprint:Warning: [Compiler InventorySlot] Warning [0119.03] Compile of InventorySlot failed. 1 Fatal Issue(s) 2 Warning(s) [in 0 ms] (/Game/Systems/InventorySystem/UMG/InventorySlot.InventorySlot)
[2016.12.08-17.23.52:905][  0]LogBlueprint:Error: [Compiler Inventory] Error The current value of the ' TargetArray ' pin is invalid: Array inputs (like 'Target Array') must have an input wired into them (try connecting a MakeArray node).
[2016.12.08-17.23.52:905][  0]LogBlueprint:Error: [Compiler Inventory] Error The current value of the ' TargetArray ' pin is invalid: Array inputs (like 'Target Array') must have an input wired into them (try connecting a MakeArray node).
[2016.12.08-17.23.52:914][  0]LogBlueprint:Warning: [Compiler Inventory] Warning [0119.07] Compile of Inventory failed. 2 Fatal Issue(s) 0 Warning(s) [in 31 ms] (/Game/Systems/InventorySystem/UMG/Inventory.Inventory)
[2016.12.08-17.23.52:914][  0]LogBlueprint:Warning: [Compiler Inventory] Warning [0119.07] Compile of Inventory failed. 2 Fatal Issue(s) 1 Warning(s) [in 0 ms] (/Game/Systems/InventorySystem/UMG/Inventory.Inventory)
[2016.12.08-17.23.52:914][  0]LogBlueprint:Warning: [Compiler Inventory] Warning [0119.07] Compile of Inventory failed. 2 Fatal Issue(s) 2 Warning(s) [in 0 ms] (/Game/Systems/InventorySystem/UMG/Inventory.Inventory)
[2016.12.08-17.23.53:873][  0]LogClass:Warning: Property Inventory of Inventory has a struct type mismatch (tag FallbackStruct != prop ItemData) in package:  FObjectReader. If that struct got renamed, add an entry to ActiveStructRedirects.
[2016.12.08-17.24.03:711][  0]LogAIModule: Creating AISystem for world Minimal_Default
[2016.12.08-17.24.05:655][  0]LogEditorServer: Finished looking for orphan Actors (0.007 secs)
[2016.12.08-17.24.05:974][  0]Cmd: MAP CHECKDEP NOCLEARLOG
[2016.12.08-17.24.06:305][  0]MapCheck: Info Map check complete: 0 Error(s), 0 Warning(s), took 330.926ms to complete.
[2016.12.08-17.24.06:306][  0]LogFileHelpers: Loading map 'Minimal_Default' took 17.824
[2016.12.08-17.24.11:101][  0]LogCollectionManager: Loaded 0 collections in 0.002006 seconds
[2016.12.08-17.24.11:462][  0]LogFileCache: Scanning file cache for directory 'D:/Meus Jogos/M.O.R.A.L/MyProject/Saved/Collections/' took 0.01s
[2016.12.08-17.24.11:462][  0]LogFileCache: Scanning file cache for directory 'D:/Meus Jogos/M.O.R.A.L/MyProject/Content/Developers/PCAmorim/Collections/' took 0.01s
[2016.12.08-17.24.11:462][  0]LogFileCache: Scanning file cache for directory 'D:/Meus Jogos/M.O.R.A.L/MyProject/Content/Collections/' took 0.01s
[2016.12.08-17.24.11:483][  0]LogCollectionManager: Rebuilt the GUID cache for 0 collections in 0.000002 seconds
[2016.12.08-17.24.11:552][  0]LogContentBrowser: Native class hierarchy populated in 0.0391 seconds. Added 2190 classes and 428 folders.
[2016.12.08-17.24.11:741][  0]LogStats: UGameplayTagsManager::ConstructGameplayTagTree: Construct from data asset -  0.000 s
[2016.12.08-17.24.11:742][  0]LogStats: UGameplayTagsManager::ConstructGameplayTagTree: GameplayTagTreeChangedEvent.Broadcast -  0.000 s
[2016.12.08-17.24.11:743][  0]LogContentBrowser: Native class hierarchy updated for 'GameplayTags' in 0.0008 seconds. Added 13 classes and 0 folders.
[2016.12.08-17.24.11:890][  0]LogContentBrowser: Native class hierarchy updated for 'WidgetCarousel' in 0.0006 seconds. Added 0 classes and 0 folders.
[2016.12.08-17.24.13:679][  0]LogContentBrowser: Native class hierarchy updated for 'AddContentDialog' in 0.0006 seconds. Added 0 classes and 0 folders.
[2016.12.08-17.24.13:872][  0]LogContentBrowser: Native class hierarchy updated for 'SceneOutliner' in 0.0006 seconds. Added 1 classes and 2 folders.
[2016.12.08-17.24.14:674][  0]LogCrashTracker: Crashtracker disabled due to settings.
[2016.12.08-17.24.15:148][  0]LogUObjectGlobals:Warning: Failed to find object 'Class None.'
[2016.12.08-17.24.15:751][  0]LogContentBrowser: Native class hierarchy updated for 'HierarchicalLODOutliner' in 0.0007 seconds. Added 1 classes and 2 folders.
[2016.12.08-17.24.15:751][  0]LogLoad: (Engine Initialization) Total time: 141.91 seconds
[2016.12.08-17.24.15:751][  0]LogLoad: (Engine Initialization) Total Blueprint compile time: 2.27 seconds
[2016.12.08-17.24.15:830][  0]LogExternalProfiler: No external profilers were discovered.  External profiling features will not be available.
[2016.12.08-17.24.16:476][  0]LogOcInput: OculusInput pre-init called
[2016.12.08-17.24.17:233][  0]LogContentStreaming: Texture pool size now 1000 MB
[2016.12.08-17.24.19:527][  0]LogRenderer: Reallocating scene render targets to support 804x540 NumSamples 1 (Frame:2).
[2016.12.08-17.24.23:065][  5]LogAssetRegistry: Asset discovery search completed in 103.7970 seconds
[2016.12.08-17.24.23:094][  5]LogCollectionManager: Rebuilt the object cache for 0 collections in 0.000001 seconds (found 0 objects)
[2016.12.08-17.24.23:094][  5]LogCollectionManager: Fixed up redirectors for 0 collections in 0.000549 seconds (updated 0 objects)
[2016.12.08-17.34.07:003][244]LogTemp: Repeting last play command: Selected Viewport
[2016.12.08-17.34.07:090][244]LogBlueprintUserMessages: Early PlayInEditor Detection: Level '/Game/StarterContent/Maps/Minimal_Default.Minimal_Default:PersistentLevel' has LevelScriptBlueprint '/Game/StarterContent/Maps/Minimal_Default.Minimal_Default:PersistentLevel.Minimal_Default' with GeneratedClass '/Game/StarterContent/Maps/Minimal_Default.Minimal_Default_C' with ClassGeneratedBy '/Game/StarterContent/Maps/Minimal_Default.Minimal_Default:PersistentLevel.Minimal_Default'
[2016.12.08-17.34.07:133][244]LogPlayLevel: PlayLevel: No blueprints needed recompiling
[2016.12.08-17.34.14:794][366]LogWindowsTextInputMethodSystem:Display: IME system now deactivated.
[2016.12.08-17.34.16:029][367]Cmd: QUIT_EDITOR
[2016.12.08-17.34.16:728][367]LogExit: Preparing to exit.
[2016.12.08-17.34.19:938][367]LogDirectoryWatcher: A directory notification for 'D:/Meus Jogos/M.O.R.A.L/MyProject/Content/' was aborted.
[2016.12.08-17.34.21:028][367]LogExit: Editor shut down
[2016.12.08-17.34.21:029][367]LogExit: Transaction tracking system shut down
[2016.12.08-17.34.24:505][367]LogObj: Freed 0b from 0 cluster array pools.
[2016.12.08-17.34.24:513][367]LogExit: Object subsystem successfully closed.
[2016.12.08-17.34.25:015][367]LogD3D11RHI: Shutdown
[2016.12.08-17.34.25:015][367]LogD3D11RHI: CleanupD3DDevice
[2016.12.08-17.34.25:315][367]LogD3D11RHI: ~FD3D11DynamicRHI
[2016.12.08-17.34.28:750][367]LogHttp:Display: Http module shutting down, but needs to wait on 1 outstanding Http requests:
[2016.12.08-17.34.28:750][367]LogHttp:Display: 	verb=[POST] url=[https://datarouter.ol.epicgames.com/datarouter/api/v1/public/data?SessionID=%7B86B92B80-496A-0734-0A90-588DE43876A7%7D&AppID=UEEditor.Rocket.Release&AppVersion=4.14.1-3224400%2B%2B%2BUE4%2BRelease-4.14&UserID=d82d6ae94c79cc0120a3698c2e9d16be%7C3766a0fcf2b1448ab39b0ea0947a695a%7Cab59c584-56f8-4995-ba8b-1476dcaef410&AppEnvironment=datacollector-binary&UploadType=eteventstream] status=Processing
[2016.12.08-17.34.28:966][367]LogModuleManager: Shutting down and abandoning module HierarchicalLODOutliner (241)
[2016.12.08-17.34.28:974][367]LogModuleManager: Shutting down and abandoning module CrashTracker (240)
[2016.12.08-17.34.28:975][367]LogModuleManager: Shutting down and abandoning module SceneOutliner (239)
[2016.12.08-17.34.29:092][367]LogModuleManager: Shutting down and abandoning module WidgetCarousel (238)
[2016.12.08-17.34.29:106][367]LogModuleManager: Shutting down and abandoning module AddContentDialog (237)
[2016.12.08-17.34.29:276][367]LogDirectoryWatcher: A directory notification for 'D:/Epic Games/4.14/FeaturePacks/' was aborted.
[2016.12.08-17.34.29:277][367]LogModuleManager: Shutting down and abandoning module GameplayTags (236)
[2016.12.08-17.34.29:277][367]LogModuleManager: Shutting down and abandoning module EditorWidgets (235)
[2016.12.08-17.34.29:277][367]LogModuleManager: Shutting down and abandoning module CollectionManager (234)
[2016.12.08-17.34.29:350][367]LogDirectoryWatcher: A directory notification for 'D:/Meus Jogos/M.O.R.A.L/MyProject/Content/Collections/' was aborted.
[2016.12.08-17.34.29:350][367]LogDirectoryWatcher: A directory notification for 'D:/Meus Jogos/M.O.R.A.L/MyProject/Content/Developers/PCAmorim/Collections/' was aborted.
[2016.12.08-17.34.29:350][367]LogDirectoryWatcher: A directory notification for 'D:/Meus Jogos/M.O.R.A.L/MyProject/Saved/Collections/' was aborted.
[2016.12.08-17.34.29:350][367]LogModuleManager: Shutting down and abandoning module StatsViewer (233)
[2016.12.08-17.34.29:603][367]LogModuleManager: Shutting down and abandoning module FoliageEdit (232)
[2016.12.08-17.34.29:807][367]LogModuleManager: Shutting down and abandoning module LandscapeEditor (231)
[2016.12.08-17.34.29:989][367]LogModuleManager: Shutting down and abandoning module SceneDepthPickerMode (230)
[2016.12.08-17.34.29:989][367]LogModuleManager: Shutting down and abandoning module ActorPickerMode (229)
[2016.12.08-17.34.29:989][367]LogModuleManager: Shutting down and abandoning module GeometryMode (228)
[2016.12.08-17.34.29:989][367]LogModuleManager: Shutting down and abandoning module TextureAlignMode (227)
[2016.12.08-17.34.29:989][367]LogModuleManager: Shutting down and abandoning module BspMode (226)
[2016.12.08-17.34.30:014][367]LogModuleManager: Shutting down and abandoning module HardwareSurvey (225)
[2016.12.08-17.34.30:014][367]LogModuleManager: Shutting down and abandoning module SequenceRecorderSections (224)
[2016.12.08-17.34.30:014][367]LogModuleManager: Shutting down and abandoning module AutomationWorker (223)
[2016.12.08-17.34.30:040][367]LogModuleManager: Shutting down and abandoning module MatineeToLevelSequence (222)
[2016.12.08-17.34.30:054][367]LogModuleManager: Shutting down and abandoning module PlacementMode (221)
[2016.12.08-17.34.30:082][367]LogModuleManager: Shutting down and abandoning module LevelSequenceEditor (220)
[2016.12.08-17.34.30:155][367]LogModuleManager: Shutting down and abandoning module WmfMediaFactory (219)
[2016.12.08-17.34.30:155][367]LogModuleManager: Shutting down and abandoning module WmfMediaEditor (218)
[2016.12.08-17.34.30:155][367]LogModuleManager: Shutting down and abandoning module AvfMediaFactory (217)
[2016.12.08-17.34.30:155][367]LogModuleManager: Shutting down and abandoning module AvfMediaEditor (216)
[2016.12.08-17.34.30:155][367]LogModuleManager: Shutting down and abandoning module Media (215)
[2016.12.08-17.34.30:155][367]LogModuleManager: Shutting down and abandoning module AndroidMediaFactory (214)
[2016.12.08-17.34.30:155][367]LogModuleManager: Shutting down and abandoning module AndroidMediaEditor (213)
[2016.12.08-17.34.30:155][367]LogModuleManager: Shutting down and abandoning module CharacterAI (212)
[2016.12.08-17.34.30:155][367]LogModuleManager: Shutting down and abandoning module SequenceRecorder (211)
[2016.12.08-17.34.30:284][367]LogModuleManager: Shutting down and abandoning module AudioCapture (210)
[2016.12.08-17.34.30:284][367]LogModuleManager: Shutting down and abandoning module SmartSnapping (209)
[2016.12.08-17.34.30:284][367]LogModuleManager: Shutting down and abandoning module SessionServices (208)
[2016.12.08-17.34.30:284][367]LogModuleManager: Shutting down and abandoning module ViewportSnapping (207)
[2016.12.08-17.34.30:284][367]LogModuleManager: Shutting down and abandoning module ViewportInteraction (206)
[2016.12.08-17.34.30:284][367]LogModuleManager: Shutting down and abandoning module LogVisualizer (205)
[2016.12.08-17.34.30:441][367]LogModuleManager: Shutting down and abandoning module GameProjectGeneration (204)
[2016.12.08-17.34.30:588][367]LogModuleManager: Shutting down and abandoning module IntroTutorials (203)
[2016.12.08-17.34.30:636][367]LogModuleManager: Shutting down and abandoning module EditorLiveStreaming (202)
[2016.12.08-17.34.30:636][367]LogModuleManager: Shutting down and abandoning module IOSPlatformEditor (201)
[2016.12.08-17.34.30:716][367]LogModuleManager: Shutting down and abandoning module HTML5PlatformEditor (200)
[2016.12.08-17.34.30:716][367]LogModuleManager: Shutting down and abandoning module AndroidDeviceDetection (199)
[2016.12.08-17.34.30:744][367]LogModuleManager: Shutting down and abandoning module AndroidPlatformEditor (198)
[2016.12.08-17.34.30:799][367]LogModuleManager: Shutting down and abandoning module IOSRuntimeSettings (197)
[2016.12.08-17.34.30:800][367]LogModuleManager: Shutting down and abandoning module AndroidRuntimeSettings (196)
[2016.12.08-17.34.30:800][367]LogModuleManager: Shutting down and abandoning module InputBindingEditor (195)
[2016.12.08-17.34.30:816][367]LogModuleManager: Shutting down and abandoning module NiagaraEditor (194)
[2016.12.08-17.34.30:845][367]LogModuleManager: Shutting down and abandoning module MergeActors (193)
[2016.12.08-17.34.30:884][367]LogModuleManager: Shutting down and abandoning module SizeMap (192)
[2016.12.08-17.34.30:888][367]LogModuleManager: Shutting down and abandoning module TreeMap (191)
[2016.12.08-17.34.30:929][367]LogModuleManager: Shutting down and abandoning module ReferenceViewer (190)
[2016.12.08-17.34.30:929][367]LogModuleManager: Shutting down and abandoning module LocalizationService (189)
[2016.12.08-17.34.30:966][367]LogModuleManager: Shutting down and abandoning module LocalizationDashboard (188)
[2016.12.08-17.34.31:029][367]LogModuleManager: Shutting down and abandoning module HardwareTargeting (187)
[2016.12.08-17.34.31:087][367]LogModuleManager: Shutting down and abandoning module DeviceProfileEditor (186)
[2016.12.08-17.34.31:143][367]LogModuleManager: Shutting down and abandoning module UndoHistory (185)
[2016.12.08-17.34.31:177][367]LogModuleManager: Shutting down and abandoning module UserFeedback (184)
[2016.12.08-17.34.31:177][367]LogModuleManager: Shutting down and abandoning module XmlParser (183)
[2016.12.08-17.34.31:194][367]LogModuleManager: Shutting down and abandoning module Blutility (182)
[2016.12.08-17.34.31:211][367]LogModuleManager: Shutting down and abandoning module ProjectTargetPlatformEditor (181)
[2016.12.08-17.34.31:211][367]LogModuleManager: Shutting down and abandoning module ProjectSettingsViewer (180)
[2016.12.08-17.34.31:211][367]LogModuleManager: Shutting down and abandoning module EditorSettingsViewer (179)
[2016.12.08-17.34.31:211][367]LogModuleManager: Shutting down and abandoning module SettingsEditor (178)
[2016.12.08-17.34.31:304][367]LogModuleManager: Shutting down and abandoning module ProjectLauncher (177)
[2016.12.08-17.34.31:414][367]LogModuleManager: Shutting down and abandoning module SessionFrontend (176)
[2016.12.08-17.34.31:507][367]LogModuleManager: Shutting down and abandoning module ProfilerClient (175)
[2016.12.08-17.34.31:508][367]LogModuleManager: Shutting down and abandoning module TargetDeviceServices (174)
[2016.12.08-17.34.31:508][367]LogModuleManager: Shutting down and abandoning module DeviceManager (173)
[2016.12.08-17.34.31:623][367]LogModuleManager: Shutting down and abandoning module AutomationController (172)
[2016.12.08-17.34.31:697][367]LogModuleManager: Shutting down and abandoning module AutomationWindow (171)
[2016.12.08-17.34.31:762][367]LogModuleManager: Shutting down and abandoning module Layers (170)
[2016.12.08-17.34.31:960][367]LogModuleManager: Shutting down and abandoning module ComponentVisualizers (169)
[2016.12.08-17.34.31:960][367]LogModuleManager: Shutting down and abandoning module DetailCustomizations (168)
[2016.12.08-17.34.32:101][367]LogModuleManager: Shutting down and abandoning module PackagesDialog (167)
[2016.12.08-17.34.32:156][367]LogModuleManager: Shutting down and abandoning module AnimGraph (166)
[2016.12.08-17.34.32:156][367]LogModuleManager: Shutting down and abandoning module Persona (165)
[2016.12.08-17.34.32:268][367]LogModuleManager: Shutting down and abandoning module Kismet (164)
[2016.12.08-17.34.32:274][367]LogModuleManager: Shutting down and abandoning module GraphEditor (163)
[2016.12.08-17.34.32:413][367]LogModuleManager: Shutting down and abandoning module ClassViewer (162)
[2016.12.08-17.34.32:452][367]LogModuleManager: Shutting down and abandoning module Toolbox (161)
[2016.12.08-17.34.32:482][367]LogModuleManager: Shutting down and abandoning module ModuleUI (160)
[2016.12.08-17.34.32:520][367]LogModuleManager: Shutting down and abandoning module MovieSceneTools (159)
[2016.12.08-17.34.32:609][367]LogModuleManager: Shutting down and abandoning module OutputLog (158)
[2016.12.08-17.34.32:616][367]LogModuleManager: Shutting down and abandoning module GammaUI (157)
[2016.12.08-17.34.32:693][367]LogModuleManager: Shutting down and abandoning module Documentation (156)
[2016.12.08-17.34.32:693][367]LogModuleManager: Shutting down and abandoning module Niagara (155)
[2016.12.08-17.34.32:693][367]LogModuleManager: Shutting down and abandoning module StreamingPauseRendering (154)
[2016.12.08-17.34.32:693][367]LogModuleManager: Shutting down and abandoning module AnalyticsET (153)
[2016.12.08-17.34.32:693][367]LogModuleManager: Shutting down and abandoning module PortalServices (152)
[2016.12.08-17.34.32:693][367]LogModuleManager: Shutting down and abandoning module PortalRpc (151)
[2016.12.08-17.34.32:693][367]LogModuleManager: Shutting down and abandoning module MessagingRpc (150)
[2016.12.08-17.34.32:693][367]LogModuleManager: Shutting down and abandoning module GameplayDebugger (149)
[2016.12.08-17.34.32:938][367]LogModuleManager: Shutting down and abandoning module AITestSuite (148)
[2016.12.08-17.34.32:963][367]LogModuleManager: Shutting down and abandoning module AIModule (147)
[2016.12.08-17.34.32:963][367]LogModuleManager: Shutting down and abandoning module ProfilerService (146)
[2016.12.08-17.34.33:435][367]LogModuleManager: Shutting down and abandoning module TaskGraph (145)
[2016.12.08-17.34.33:943][367]LogModuleManager: Shutting down and abandoning module SlateRemote (144)
[2016.12.08-17.34.33:943][367]LogModuleManager: Shutting down and abandoning module SteamVRController (143)
[2016.12.08-17.34.33:943][367]LogModuleManager: Shutting down and abandoning module SteamVR (142)
[2016.12.08-17.34.33:943][367]LogModuleManager: Shutting down and abandoning module ProceduralMeshComponentEditor (141)
[2016.12.08-17.34.34:158][367]LogModuleManager: Shutting down and abandoning module ProceduralMeshComponent (140)
[2016.12.08-17.34.34:164][367]LogModuleManager: Shutting down and abandoning module OculusLibrary (139)
[2016.12.08-17.34.34:164][367]LogModuleManager: Shutting down and abandoning module OculusInput (138)
[2016.12.08-17.34.34:164][367]LogModuleManager: Shutting down and abandoning module MobilePatchingUtils (137)
[2016.12.08-17.34.34:164][367]LogModuleManager: Shutting down and abandoning module CustomMeshComponent (136)
[2016.12.08-17.34.34:164][367]LogModuleManager: Shutting down and abandoning module CableComponent (135)
[2016.12.08-17.34.34:187][367]LogModuleManager: Shutting down and abandoning module ArchVisCharacter (134)
[2016.12.08-17.34.34:187][367]LogModuleManager: Shutting down and abandoning module MediaPlayerEditor (132)
[2016.12.08-17.34.34:394][367]LogModuleManager: Shutting down and abandoning module HTML5Networking (131)
[2016.12.08-17.34.34:394][367]LogModuleManager: Shutting down and abandoning module GeometryCacheEd (130)
[2016.12.08-17.34.34:394][367]LogModuleManager: Shutting down and abandoning module GeometryCache (129)
[2016.12.08-17.34.34:394][367]LogModuleManager: Shutting down and abandoning module AlembicLibrary (128)
[2016.12.08-17.34.34:398][367]LogModuleManager: Shutting down and abandoning module AlembicImporter (127)
[2016.12.08-17.34.34:403][367]LogModuleManager: Shutting down and abandoning module SuperSearch (126)
[2016.12.08-17.34.34:403][367]LogModuleManager: Shutting down and abandoning module SuperSearchEditor (125)
[2016.12.08-17.34.34:403][367]LogModuleManager: Shutting down and abandoning module SpeedTreeImporter (124)
[2016.12.08-17.34.34:403][367]LogModuleManager: Shutting down and abandoning module PluginBrowser (123)
[2016.12.08-17.34.34:417][367]LogModuleManager: Shutting down and abandoning module MobileLauncherProfileWizard (122)
[2016.12.08-17.34.34:475][367]LogModuleManager: Shutting down and abandoning module EpicSurvey (121)
[2016.12.08-17.34.34:505][367]LogModuleManager: Shutting down and abandoning module DesktopPlatform (120)
[2016.12.08-17.34.34:505][367]LogModuleManager: Shutting down and abandoning module VisualStudioSourceCodeAccess (119)
[2016.12.08-17.34.34:542][367]LogModuleManager: Shutting down and abandoning module UObjectPlugin (118)
[2016.12.08-17.34.34:542][367]LogModuleManager: Shutting down and abandoning module SubversionSourceControl (117)
[2016.12.08-17.34.34:588][367]LogModuleManager: Shutting down and abandoning module PerforceSourceControl (116)
[2016.12.08-17.34.34:625][367]LogModuleManager: Shutting down and abandoning module SourceControl (115)
[2016.12.08-17.34.34:679][367]LogModuleManager: Shutting down and abandoning module GitSourceControl (114)
[2016.12.08-17.34.34:711][367]LogModuleManager: Shutting down and abandoning module LightPropagationVolumeEditor (113)
[2016.12.08-17.34.34:711][367]LogModuleManager: Shutting down and abandoning module PaperTiledImporter (112)
[2016.12.08-17.34.34:741][367]LogModuleManager: Shutting down and abandoning module PaperSpriteSheetImporter (111)
[2016.12.08-17.34.34:741][367]LogModuleManager: Shutting down and abandoning module MeshPaint (110)
[2016.12.08-17.34.34:741][367]LogModuleManager: Shutting down and abandoning module PixelInspectorModule (109)
[2016.12.08-17.34.34:781][367]LogModuleManager: Shutting down and abandoning module HotReload (108)
[2016.12.08-17.34.34:843][367]LogModuleManager: Shutting down and abandoning module MainFrame (107)
[2016.12.08-17.34.34:843][367]LogModuleManager: Shutting down and abandoning module LevelEditor (106)
[2016.12.08-17.34.34:863][367]LogModuleManager: Shutting down and abandoning module ContentBrowser (105)
[2016.12.08-17.34.34:864][367]LogModuleManager: Shutting down and abandoning module Paper2DEditor (104)
[2016.12.08-17.34.34:926][367]LogModuleManager: Shutting down and abandoning module UdpMessaging (103)
[2016.12.08-17.34.35:027][367]LogModuleManager: Shutting down and abandoning module TcpMessaging (102)
[2016.12.08-17.34.35:167][367]LogModuleManager: Shutting down and abandoning module LightPropagationVolumeRuntime (101)
[2016.12.08-17.34.35:167][367]LogModuleManager: Shutting down and abandoning module Paper2D (100)
[2016.12.08-17.34.35:215][367]LogModuleManager: Shutting down and abandoning module WindowsMoviePlayer (99)
[2016.12.08-17.34.35:246][367]LogModuleManager: Shutting down and abandoning module WmfMedia (98)
[2016.12.08-17.34.35:299][367]LogModuleManager: Shutting down and abandoning module MediaAssets (97)
[2016.12.08-17.34.35:299][367]LogModuleManager: Shutting down and abandoning module GameLiveStreaming (96)
[2016.12.08-17.34.35:350][367]LogModuleManager: Shutting down and abandoning module GameplayTagsEditor (95)
[2016.12.08-17.34.35:350][367]LogModuleManager: Shutting down and abandoning module VREditor (94)
[2016.12.08-17.34.35:350][367]LogModuleManager: Shutting down and abandoning module GameplayTasksEditor (93)
[2016.12.08-17.34.35:350][367]LogModuleManager: Shutting down and abandoning module BehaviorTreeEditor (92)
[2016.12.08-17.34.35:420][367]LogModuleManager: Shutting down and abandoning module FunctionalTesting (91)
[2016.12.08-17.34.35:455][367]LogModuleManager: Shutting down and abandoning module CollisionAnalyzer (90)
[2016.12.08-17.34.35:521][367]LogModuleManager: Shutting down and abandoning module Sequencer (89)
[2016.12.08-17.34.35:651][367]LogModuleManager: Shutting down and abandoning module WorkspaceMenuStructure (88)
[2016.12.08-17.34.35:651][367]LogModuleManager: Shutting down and abandoning module MessageLog (87)
[2016.12.08-17.34.35:672][367]LogModuleManager: Shutting down and abandoning module AssetTools (86)
[2016.12.08-17.34.35:737][367]LogModuleManager: Shutting down and abandoning module UMGEditor (85)
[2016.12.08-17.34.35:798][367]LogModuleManager: Shutting down and abandoning module UMG (84)
[2016.12.08-17.34.35:815][367]LogModuleManager: Shutting down and abandoning module SlateReflector (83)
[2016.12.08-17.34.35:845][367]LogModuleManager: Shutting down and abandoning module Slate (82)
[2016.12.08-17.34.35:845][367]LogModuleManager: Shutting down and abandoning module EditorStyle (81)
[2016.12.08-17.34.35:854][367]LogModuleManager: Shutting down and abandoning module SourceCodeAccess (80)
[2016.12.08-17.34.35:854][367]LogModuleManager: Shutting down and abandoning module HeadMountedDisplay (79)
[2016.12.08-17.34.35:854][367]LogModuleManager: Shutting down and abandoning module XAudio2 (78)
[2016.12.08-17.34.35:854][367]LogModuleManager: Shutting down and abandoning module Networking (76)
[2016.12.08-17.34.35:854][367]LogModuleManager: Shutting down and abandoning module Core (75)
[2016.12.08-17.34.35:854][367]LogModuleManager: Shutting down and abandoning module DirectoryWatcher (74)
[2016.12.08-17.34.35:854][367]LogDirectoryWatcher: A directory notification for '../../../Engine/Content/' was aborted.
[2016.12.08-17.34.35:855][367]LogDirectoryWatcher: A directory notification for '../../../../../Meus Jogos/M.O.R.A.L/MyProject/Content/' was aborted.
[2016.12.08-17.34.35:855][367]LogDirectoryWatcher: A directory notification for '../../../Engine/Plugins/2D/Paper2D/Content/' was aborted.
[2016.12.08-17.34.35:855][367]LogModuleManager: Shutting down and abandoning module AssetRegistry (73)
[2016.12.08-17.34.36:188][367]LogModuleManager: Shutting down and abandoning module KismetCompiler (72)
[2016.12.08-17.34.36:188][367]LogModuleManager: Shutting down and abandoning module PhysXFormats (71)
[2016.12.08-17.34.36:199][367]LogModuleManager: Shutting down and abandoning module SimplygonSwarm (70)
[2016.12.08-17.34.36:207][367]LogModuleManager: Shutting down and abandoning module SimplygonMeshReduction (69)
[2016.12.08-17.34.36:212][367]LogModuleManager: Shutting down and abandoning module QuadricMeshReduction (68)
[2016.12.08-17.34.36:222][367]LogModuleManager: Shutting down and abandoning module PropertyEditor (67)
[2016.12.08-17.34.36:225][367]LogModuleManager: Shutting down and abandoning module MeshUtilities (66)
[2016.12.08-17.34.36:255][367]LogModuleManager: Shutting down and abandoning module DerivedDataCache (65)
[2016.12.08-17.34.36:383][367]LogDerivedDataCache: Shutdown
[2016.12.08-17.34.36:385][367]LogModuleManager: Shutting down and abandoning module VulkanShaderFormat (64)
[2016.12.08-17.34.36:401][367]LogModuleManager: Shutting down and abandoning module ShaderFormatOpenGL (63)
[2016.12.08-17.34.36:408][367]LogModuleManager: Shutting down and abandoning module ShaderFormatD3D (62)
[2016.12.08-17.34.36:414][367]LogModuleManager: Shutting down and abandoning module MetalShaderFormat (61)
[2016.12.08-17.34.36:433][367]LogModuleManager: Shutting down and abandoning module TextureFormatUncompressed (60)
[2016.12.08-17.34.36:433][367]LogModuleManager: Shutting down and abandoning module TextureFormatPVR (59)
[2016.12.08-17.34.36:446][367]LogModuleManager: Shutting down and abandoning module TextureFormatDXT (58)
[2016.12.08-17.34.36:453][367]LogModuleManager: Shutting down and abandoning module TextureFormatIntelISPCTexComp (57)
[2016.12.08-17.34.36:478][367]LogModuleManager: Shutting down and abandoning module ImageWrapper (56)
[2016.12.08-17.34.36:478][367]LogModuleManager: Shutting down and abandoning module TextureFormatASTC (55)
[2016.12.08-17.34.36:478][367]LogModuleManager: Shutting down and abandoning module TextureFormatAndroid (54)
[2016.12.08-17.34.36:478][367]LogModuleManager: Shutting down and abandoning module AudioFormatOpus (53)
[2016.12.08-17.34.36:506][367]LogModuleManager: Shutting down and abandoning module AudioFormatOgg (52)
[2016.12.08-17.34.36:523][367]LogModuleManager: Shutting down and abandoning module AudioFormatADPCM (51)
[2016.12.08-17.34.36:523][367]LogModuleManager: Shutting down and abandoning module LinuxTargetPlatform (50)
[2016.12.08-17.34.36:523][367]LogModuleManager: Shutting down and abandoning module LinuxServerTargetPlatform (49)
[2016.12.08-17.34.36:528][367]LogModuleManager: Shutting down and abandoning module LinuxNoEditorTargetPlatform (48)
[2016.12.08-17.34.36:554][367]LogModuleManager: Shutting down and abandoning module LinuxClientTargetPlatform (47)
[2016.12.08-17.34.36:561][367]LogModuleManager: Shutting down and abandoning module TVOSTargetPlatform (46)
[2016.12.08-17.34.36:561][367]LogModuleManager: Shutting down and abandoning module Messaging (45)
[2016.12.08-17.34.36:561][367]LogModuleManager: Shutting down and abandoning module IOSTargetPlatform (44)
[2016.12.08-17.34.36:561][367]LogModuleManager: Shutting down and abandoning module HTML5TargetPlatform (43)
[2016.12.08-17.34.36:561][367]LogModuleManager: Shutting down and abandoning module Android_PVRTCTargetPlatform (42)
[2016.12.08-17.34.36:561][367]LogModuleManager: Shutting down and abandoning module Android_MultiTargetPlatform (41)
[2016.12.08-17.34.36:561][367]LogModuleManager: Shutting down and abandoning module Android_ETC2TargetPlatform (40)
[2016.12.08-17.34.36:561][367]LogModuleManager: Shutting down and abandoning module Android_ETC1TargetPlatform (39)
[2016.12.08-17.34.36:561][367]LogModuleManager: Shutting down and abandoning module Android_DXTTargetPlatform (38)
[2016.12.08-17.34.36:561][367]LogModuleManager: Shutting down and abandoning module Android_ATCTargetPlatform (37)
[2016.12.08-17.34.36:561][367]LogModuleManager: Shutting down and abandoning module Android_ASTCTargetPlatform (36)
[2016.12.08-17.34.36:561][367]LogModuleManager: Shutting down and abandoning module AndroidTargetPlatform (35)
[2016.12.08-17.34.36:561][367]LogModuleManager: Shutting down and abandoning module WindowsTargetPlatform (34)
[2016.12.08-17.34.36:561][367]LogModuleManager: Shutting down and abandoning module WindowsServerTargetPlatform (33)
[2016.12.08-17.34.36:576][367]LogModuleManager: Shutting down and abandoning module WindowsNoEditorTargetPlatform (32)
[2016.12.08-17.34.36:579][367]LogModuleManager: Shutting down and abandoning module WindowsClientTargetPlatform (31)
[2016.12.08-17.34.36:584][367]LogModuleManager: Shutting down and abandoning module MacTargetPlatform (30)
[2016.12.08-17.34.36:584][367]LogModuleManager: Shutting down and abandoning module MacServerTargetPlatform (29)
[2016.12.08-17.34.36:584][367]LogModuleManager: Shutting down and abandoning module MacNoEditorTargetPlatform (28)
[2016.12.08-17.34.36:584][367]LogModuleManager: Shutting down and abandoning module MacClientTargetPlatform (27)
[2016.12.08-17.34.36:584][367]LogModuleManager: Shutting down and abandoning module AllDesktopTargetPlatform (26)
[2016.12.08-17.34.36:584][367]LogModuleManager: Shutting down and abandoning module TargetPlatform (25)
[2016.12.08-17.34.36:584][367]LogModuleManager: Shutting down and abandoning module InputCore (24)
[2016.12.08-17.34.36:584][367]LogModuleManager: Shutting down and abandoning module Settings (23)
[2016.12.08-17.34.36:584][367]LogModuleManager: Shutting down and abandoning module OculusRift (22)
[2016.12.08-17.34.36:603][367]LogModuleManager: Shutting down and abandoning module ExampleDeviceProfileSelector (21)
[2016.12.08-17.34.36:613][367]LogModuleManager: Shutting down and abandoning module OnlineBlueprintSupport (20)
[2016.12.08-17.34.36:613][367]LogModuleManager: Shutting down and abandoning module OnlineSubsystem (18)
[2016.12.08-17.34.36:627][367]LogOnline:Display: Unloading online subsystem: NULL
[2016.12.08-17.34.36:670][367]LogModuleManager: Shutting down and abandoning module SSL (17)
[2016.12.08-17.34.36:689][367]LogModuleManager: Shutting down and abandoning module HTTP (16)
[2016.12.08-17.34.36:689][367]LogModuleManager: Shutting down and abandoning module XMPP (15)
[2016.12.08-17.34.36:741][367]LogModuleManager: Shutting down and abandoning module TextureCompressor (14)
[2016.12.08-17.34.36:791][367]LogModuleManager: Shutting down and abandoning module ShaderCore (13)
[2016.12.08-17.34.36:791][367]LogModuleManager: Shutting down and abandoning module Landscape (12)
[2016.12.08-17.34.36:791][367]LogModuleManager: Shutting down and abandoning module SlateRHIRenderer (11)
[2016.12.08-17.34.36:805][367]LogModuleManager: Shutting down and abandoning module OpenGLDrv (10)
[2016.12.08-17.34.36:813][367]LogModuleManager: Shutting down and abandoning module D3D11RHI (9)
[2016.12.08-17.34.36:813][367]LogModuleManager: Shutting down and abandoning module AnimGraphRuntime (8)
[2016.12.08-17.34.36:827][367]LogModuleManager: Shutting down and abandoning module Renderer (7)
[2016.12.08-17.34.36:844][367]LogModuleManager: Shutting down and abandoning module Engine (6)
[2016.12.08-17.34.36:844][367]LogModuleManager: Shutting down and abandoning module CoreUObject (5)
[2016.12.08-17.34.36:844][367]LogModuleManager: Shutting down and abandoning module NetworkFile (4)
[2016.12.08-17.34.36:859][367]LogModuleManager: Shutting down and abandoning module StreamingFile (3)
[2016.12.08-17.34.36:876][367]LogModuleManager: Shutting down and abandoning module SandboxFile (2)
[2016.12.08-17.34.36:876][367]LogModuleManager: Shutting down and abandoning module PakFile (1)
[2016.12.08-17.34.36:938][367]LogExit: Exiting.
[2016.12.08-17.34.37:089][367]Log file closed, 12/08/16 15:34:37
