Log file open, 11/25/16 11:31:48
LogInit:Display: Running engine for game: MyProject
LogPlatformFile: Not using cached read wrapper
LogInit:Display: RandInit(-1306092486) SRandInit(-1306092486).
LogTaskGraph: Started task graph with 5 named threads and 6 total threads with 1 sets of task threads.
LogStats: Stats thread started at 0.067510
LogPluginManager: Loaded Plugin Paper2D, From D:/Epic Games/4.13/Engine/Plugins/2D/Paper2D/Paper2D.uplugin
LogPluginManager: Loaded Plugin LightPropagationVolume, From D:/Epic Games/4.13/Engine/Plugins/Blendables/LightPropagationVolume/LightPropagationVolume.uplugin
LogPluginManager: Loaded Plugin BlankPlugin, From D:/Epic Games/4.13/Engine/Plugins/Developer/BlankPlugin/BlankPlugin.uplugin
LogPluginManager: Loaded Plugin CodeLiteSourceCodeAccess, From D:/Epic Games/4.13/Engine/Plugins/Developer/CodeLiteSourceCodeAccess/CodeLiteSourceCodeAccess.uplugin
LogPluginManager: Loaded Plugin GitSourceControl, From D:/Epic Games/4.13/Engine/Plugins/Developer/GitSourceControl/GitSourceControl.uplugin
LogPluginManager: Loaded Plugin KDevelopSourceCodeAccess, From D:/Epic Games/4.13/Engine/Plugins/Developer/KDevelopSourceCodeAccess/KDevelopSourceCodeAccess.uplugin
LogPluginManager: Loaded Plugin NullSourceCodeAccess, From D:/Epic Games/4.13/Engine/Plugins/Developer/NullSourceCodeAccess/NullSourceCodeAccess.uplugin
LogPluginManager: Loaded Plugin OneSkyLocalizationService, From D:/Epic Games/4.13/Engine/Plugins/Developer/OneSkyLocalizationService/OneSkyLocalizationService.uplugin
LogPluginManager: Loaded Plugin PerforceSourceControl, From D:/Epic Games/4.13/Engine/Plugins/Developer/PerforceSourceControl/PerforceSourceControl.uplugin
LogPluginManager: Loaded Plugin SubversionSourceControl, From D:/Epic Games/4.13/Engine/Plugins/Developer/SubversionSourceControl/SubversionSourceControl.uplugin
LogPluginManager: Loaded Plugin UObjectPlugin, From D:/Epic Games/4.13/Engine/Plugins/Developer/UObjectPlugin/UObjectPlugin.uplugin
LogPluginManager: Loaded Plugin VisualStudioSourceCodeAccess, From D:/Epic Games/4.13/Engine/Plugins/Developer/VisualStudioSourceCodeAccess/VisualStudioSourceCodeAccess.uplugin
LogPluginManager: Loaded Plugin XCodeSourceCodeAccess, From D:/Epic Games/4.13/Engine/Plugins/Developer/XCodeSourceCodeAccess/XCodeSourceCodeAccess.uplugin
LogPluginManager: Loaded Plugin EpicSurvey, From D:/Epic Games/4.13/Engine/Plugins/Editor/EpicSurvey/EpicSurvey.uplugin
LogPluginManager: Loaded Plugin MacGraphicsSwitching, From D:/Epic Games/4.13/Engine/Plugins/Editor/MacGraphicsSwitching/MacGraphicsSwitching.uplugin
LogPluginManager: Loaded Plugin MobileLauncherProfileWizard, From D:/Epic Games/4.13/Engine/Plugins/Editor/MobileLauncherProfileWizard/MobileLauncherProfileWizard.uplugin
LogPluginManager: Loaded Plugin PluginBrowser, From D:/Epic Games/4.13/Engine/Plugins/Editor/PluginBrowser/PluginBrowser.uplugin
LogPluginManager: Loaded Plugin SpeedTreeImporter, From D:/Epic Games/4.13/Engine/Plugins/Editor/SpeedTreeImporter/SpeedTreeImporter.uplugin
LogPluginManager: Loaded Plugin SuperSearchEditor, From D:/Epic Games/4.13/Engine/Plugins/Editor/SuperSearchEditor/SuperSearchEditor.uplugin
LogPluginManager: Loaded Plugin AlembicImporter, From D:/Epic Games/4.13/Engine/Plugins/Experimental/AlembicImporter/AlembicImporter.uplugin
LogPluginManager: Loaded Plugin BlueprintStats, From D:/Epic Games/4.13/Engine/Plugins/Experimental/BlueprintStats/BlueprintStats.uplugin
LogPluginManager: Loaded Plugin CharacterAI, From D:/Epic Games/4.13/Engine/Plugins/Experimental/CharacterAI/CharacterAI.uplugin
LogPluginManager: Loaded Plugin CodeEditor, From D:/Epic Games/4.13/Engine/Plugins/Experimental/CodeEditor/CodeEditor.uplugin
LogPluginManager: Loaded Plugin CodeView, From D:/Epic Games/4.13/Engine/Plugins/Experimental/CodeView/CodeView.uplugin
LogPluginManager: Loaded Plugin HTML5Networking, From D:/Epic Games/4.13/Engine/Plugins/Experimental/HTML5Networking/HTML5Networking.uplugin
LogPluginManager: Loaded Plugin LiveEditor, From D:/Epic Games/4.13/Engine/Plugins/Experimental/LiveEditor/LiveEditor.uplugin
LogPluginManager: Loaded Plugin OSVR, From D:/Epic Games/4.13/Engine/Plugins/Experimental/OSVR/OSVR.uplugin
LogPluginManager: Loaded Plugin Phya, From D:/Epic Games/4.13/Engine/Plugins/Experimental/Phya/Phya.uplugin
LogPluginManager: Loaded Plugin SignificanceManager, From D:/Epic Games/4.13/Engine/Plugins/Experimental/SignificanceManager/SignificanceManager.uplugin
LogPluginManager: Loaded Plugin SimpleHMD, From D:/Epic Games/4.13/Engine/Plugins/Experimental/SimpleHMD/SimpleHMD.uplugin
LogPluginManager: Loaded Plugin StereoPanorama, From D:/Epic Games/4.13/Engine/Plugins/Experimental/StereoPanorama/StereoPanorama.uplugin
LogPluginManager: Loaded Plugin StructBox, From D:/Epic Games/4.13/Engine/Plugins/Experimental/StructBox/StructBox.uplugin
LogPluginManager: Loaded Plugin AndroidMedia, From D:/Epic Games/4.13/Engine/Plugins/Media/AndroidMedia/AndroidMedia.uplugin
LogPluginManager: Loaded Plugin AvfMedia, From D:/Epic Games/4.13/Engine/Plugins/Media/AvfMedia/AvfMedia.uplugin
LogPluginManager: Loaded Plugin MediaPlayerEditor, From D:/Epic Games/4.13/Engine/Plugins/Media/MediaPlayerEditor/MediaPlayerEditor.uplugin
LogPluginManager: Loaded Plugin WmfMedia, From D:/Epic Games/4.13/Engine/Plugins/Media/WmfMedia/WmfMedia.uplugin
LogPluginManager: Loaded Plugin MessagingDebugger, From D:/Epic Games/4.13/Engine/Plugins/Messaging/MessagingDebugger/MessagingDebugger.uplugin
LogPluginManager: Loaded Plugin TcpMessaging, From D:/Epic Games/4.13/Engine/Plugins/Messaging/TcpMessaging/TcpMessaging.uplugin
LogPluginManager: Loaded Plugin UdpMessaging, From D:/Epic Games/4.13/Engine/Plugins/Messaging/UdpMessaging/UdpMessaging.uplugin
LogPluginManager: Loaded Plugin LevelSequenceEditor, From D:/Epic Games/4.13/Engine/Plugins/MovieScene/LevelSequenceEditor/LevelSequenceEditor.uplugin
LogPluginManager: Loaded Plugin MatineeToLevelSequence, From D:/Epic Games/4.13/Engine/Plugins/MovieScene/MatineeToLevelSequence/MatineeToLevelSequence.uplugin
LogPluginManager: Loaded Plugin NetcodeUnitTest, From D:/Epic Games/4.13/Engine/Plugins/NetcodeUnitTest/NetcodeUnitTest/NetcodeUnitTest.uplugin
LogPluginManager: Loaded Plugin NUTUnrealEngine4, From D:/Epic Games/4.13/Engine/Plugins/NetcodeUnitTest/NUTUnrealEngine4/NUTUnrealEngine4.uplugin
LogPluginManager: Loaded Plugin OnlineSubsystemGooglePlay, From D:/Epic Games/4.13/Engine/Plugins/Online/Android/OnlineSubsystemGooglePlay/OnlineSubsystemGooglePlay.uplugin
LogPluginManager: Loaded Plugin OnlineSubsystemIOS, From D:/Epic Games/4.13/Engine/Plugins/Online/IOS/OnlineSubsystemIOS/OnlineSubsystemIOS.uplugin
LogPluginManager: Loaded Plugin OnlineFramework, From D:/Epic Games/4.13/Engine/Plugins/Online/OnlineFramework/OnlineFramework.uplugin
LogPluginManager: Loaded Plugin OnlineSubsystem, From D:/Epic Games/4.13/Engine/Plugins/Online/OnlineSubsystem/OnlineSubsystem.uplugin
LogPluginManager: Loaded Plugin OnlineSubsystemAmazon, From D:/Epic Games/4.13/Engine/Plugins/Online/OnlineSubsystemAmazon/OnlineSubsystemAmazon.uplugin
LogPluginManager: Loaded Plugin OnlineSubsystemFacebook, From D:/Epic Games/4.13/Engine/Plugins/Online/OnlineSubsystemFacebook/OnlineSubsystemFacebook.uplugin
LogPluginManager: Loaded Plugin OnlineSubsystemNull, From D:/Epic Games/4.13/Engine/Plugins/Online/OnlineSubsystemNull/OnlineSubsystemNull.uplugin
LogPluginManager: Loaded Plugin OnlineSubsystemOculus, From D:/Epic Games/4.13/Engine/Plugins/Online/OnlineSubsystemOculus/OnlineSubsystemOculus.uplugin
LogPluginManager: Loaded Plugin OnlineSubsystemSteam, From D:/Epic Games/4.13/Engine/Plugins/Online/OnlineSubsystemSteam/OnlineSubsystemSteam.uplugin
LogPluginManager: Loaded Plugin OnlineSubsystemUtils, From D:/Epic Games/4.13/Engine/Plugins/Online/OnlineSubsystemUtils/OnlineSubsystemUtils.uplugin
LogPluginManager: Loaded Plugin IOSTapJoy, From D:/Epic Games/4.13/Engine/Plugins/Runtime/Advertising/IOSTapJoy/IOSTapJoy.uplugin
LogPluginManager: Loaded Plugin AnalyticsBlueprintLibrary, From D:/Epic Games/4.13/Engine/Plugins/Runtime/Analytics/AnalyticsBlueprintLibrary/AnalyticsBlueprintLibrary.uplugin
LogPluginManager: Loaded Plugin AnalyticsMulticast, From D:/Epic Games/4.13/Engine/Plugins/Runtime/Analytics/AnalyticsMulticast/AnalyticsMulticast.uplugin
LogPluginManager: Loaded Plugin Apsalar, From D:/Epic Games/4.13/Engine/Plugins/Runtime/Analytics/Apsalar/Apsalar.uplugin
LogPluginManager: Loaded Plugin FileLogging, From D:/Epic Games/4.13/Engine/Plugins/Runtime/Analytics/FileLogging/FileLogging.uplugin
LogPluginManager: Loaded Plugin Flurry, From D:/Epic Games/4.13/Engine/Plugins/Runtime/Analytics/Flurry/Flurry.uplugin
LogPluginManager: Loaded Plugin AndroidDeviceProfileSelector, From D:/Epic Games/4.13/Engine/Plugins/Runtime/AndroidDeviceProfileSelector/AndroidDeviceProfileSelector.uplugin
LogPluginManager: Loaded Plugin AndroidMoviePlayer, From D:/Epic Games/4.13/Engine/Plugins/Runtime/AndroidMoviePlayer/AndroidMoviePlayer.uplugin
LogPluginManager: Loaded Plugin AppleMoviePlayer, From D:/Epic Games/4.13/Engine/Plugins/Runtime/AppleMoviePlayer/AppleMoviePlayer.uplugin
LogPluginManager: Loaded Plugin ArchVisCharacter, From D:/Epic Games/4.13/Engine/Plugins/Runtime/ArchVisCharacter/ArchVisCharacter.uplugin
LogPluginManager: Loaded Plugin CableComponent, From D:/Epic Games/4.13/Engine/Plugins/Runtime/CableComponent/CableComponent.uplugin
LogPluginManager: Loaded Plugin CustomMeshComponent, From D:/Epic Games/4.13/Engine/Plugins/Runtime/CustomMeshComponent/CustomMeshComponent.uplugin
LogPluginManager: Loaded Plugin ExampleDeviceProfileSelector, From D:/Epic Games/4.13/Engine/Plugins/Runtime/ExampleDeviceProfileSelector/ExampleDeviceProfileSelector.uplugin
LogPluginManager: Loaded Plugin GearVR, From D:/Epic Games/4.13/Engine/Plugins/Runtime/GearVR/GearVR.uplugin
LogPluginManager: Loaded Plugin GoogleVRController, From D:/Epic Games/4.13/Engine/Plugins/Runtime/GoogleVR/GoogleVRController/GoogleVRController.uplugin
LogPluginManager: Loaded Plugin GoogleVRHMD, From D:/Epic Games/4.13/Engine/Plugins/Runtime/GoogleVR/GoogleVRHMD/GoogleVRHMD.uplugin
LogPluginManager: Loaded Plugin IOSDeviceProfileSelector, From D:/Epic Games/4.13/Engine/Plugins/Runtime/IOSDeviceProfileSelector/IOSDeviceProfileSelector.uplugin
LogPluginManager: Loaded Plugin LeapMotion, From D:/Epic Games/4.13/Engine/Plugins/Runtime/LeapMotion/LeapMotion.uplugin
LogPluginManager: Loaded Plugin LinuxDeviceProfileSelector, From D:/Epic Games/4.13/Engine/Plugins/Runtime/LinuxDeviceProfileSelector/LinuxDeviceProfileSelector.uplugin
LogPluginManager: Loaded Plugin LiveEditorListenServer, From D:/Epic Games/4.13/Engine/Plugins/Runtime/LiveEditorListenServer/LiveEditorListenServer.uplugin
LogPluginManager: Loaded Plugin OculusAudio, From D:/Epic Games/4.13/Engine/Plugins/Runtime/OculusAudio/OculusAudio.uplugin
LogPluginManager: Loaded Plugin OculusInput, From D:/Epic Games/4.13/Engine/Plugins/Runtime/OculusInput/OculusInput.uplugin
LogPluginManager: Loaded Plugin OculusLibrary, From D:/Epic Games/4.13/Engine/Plugins/Runtime/OculusLibrary/OculusLibrary.uplugin
LogPluginManager: Loaded Plugin OculusRift, From D:/Epic Games/4.13/Engine/Plugins/Runtime/OculusRift/OculusRift.uplugin
LogPluginManager: Loaded Plugin Oodle, From D:/Epic Games/4.13/Engine/Plugins/Runtime/PacketHandlers/CompressionComponents/Oodle/Oodle.uplugin
LogPluginManager: Loaded Plugin ProceduralMeshComponent, From D:/Epic Games/4.13/Engine/Plugins/Runtime/ProceduralMeshComponent/ProceduralMeshComponent.uplugin
LogPluginManager: Loaded Plugin SoundMod, From D:/Epic Games/4.13/Engine/Plugins/Runtime/SoundMod/SoundMod.uplugin
LogPluginManager: Loaded Plugin SoundVisualizations, From D:/Epic Games/4.13/Engine/Plugins/Runtime/SoundVisualizations/SoundVisualizations.uplugin
LogPluginManager: Loaded Plugin SteamController, From D:/Epic Games/4.13/Engine/Plugins/Runtime/Steam/SteamController/SteamController.uplugin
LogPluginManager: Loaded Plugin SteamVR, From D:/Epic Games/4.13/Engine/Plugins/Runtime/Steam/SteamVR/SteamVR.uplugin
LogPluginManager: Loaded Plugin WebBrowserWidget, From D:/Epic Games/4.13/Engine/Plugins/Runtime/WebBrowserWidget/WebBrowserWidget.uplugin
LogPluginManager: Loaded Plugin WindowsDeviceProfileSelector, From D:/Epic Games/4.13/Engine/Plugins/Runtime/WindowsDeviceProfileSelector/WindowsDeviceProfileSelector.uplugin
LogPluginManager: Loaded Plugin WindowsMoviePlayer, From D:/Epic Games/4.13/Engine/Plugins/Runtime/WindowsMoviePlayer/WindowsMoviePlayer.uplugin
LogPluginManager: Loaded Plugin ScriptPlugin, From D:/Epic Games/4.13/Engine/Plugins/ScriptPlugin/ScriptPlugin.uplugin
LogPluginManager: Loaded Plugin SlateRemote, From D:/Epic Games/4.13/Engine/Plugins/Slate/SlateRemote/SlateRemote.uplugin
LogInit: Using libcurl 7.47.1
LogInit:  - built for x86_64-pc-win32
LogInit:  - supports SSL with WinSSL
LogInit:  - other features:
LogInit:      CURL_VERSION_SSL
LogInit:      CURL_VERSION_IPV6
LogInit:      CURL_VERSION_ASYNCHDNS
LogInit:      CURL_VERSION_LARGEFILE
LogInit:      CURL_VERSION_IDN
LogInit:  CurlRequestOptions (configurable via config and command line):
LogInit:  - bVerifyPeer = false  - Libcurl will NOT verify peer certificate
LogInit:  - bUseHttpProxy = false  - Libcurl will NOT use HTTP proxy
LogInit:  - bDontReuseConnections = false  - Libcurl will reuse connections
LogInit:  - CertBundlePath = nullptr  - Libcurl will use whatever was configured at build time.
LogInit: Build: ++UE4+Release-4.13-CL-3172292
LogInit: Engine Version: 4.13.2-3172292+++UE4+Release-4.13
LogInit: Compatible Engine Version: 4.13.0-3106830+++UE4+Release-4.13
LogInit: Net CL: 3172292
LogDevObjectVersion: Number of dev versions registered: 13
LogDevObjectVersion:   Dev-Blueprints (B0D832E4-1F89-4F0D-ACCF-7EB736FD4AA2): 5
LogDevObjectVersion:   Dev-Build (E1C64328-A22C-4D53-A36C-8E866417BD8C): 0
LogDevObjectVersion:   Dev-Core (375EC13C-06E4-48FB-B500-84F0262A717E): 1
LogDevObjectVersion:   Dev-Editor (E4B068ED-F494-42E9-A231-DA0B2E46BB41): 6
LogDevObjectVersion:   Dev-Framework (CFFC743F-43B0-4480-9391-14DF171D2073): 12
LogDevObjectVersion:   Dev-Mobile (B02B49B5-BB20-44E9-A304-32B752E40360): 0
LogDevObjectVersion:   Dev-Networking (A4E4105C-59A1-49B5-A7C5-40C4547EDFEE): 0
LogDevObjectVersion:   Dev-Online (39C831C9-5AE6-47DC-9A44-9C173E1C8E7C): 0
LogDevObjectVersion:   Dev-Physics (78F01B33-EBEA-4F98-B9B4-84EACCB95AA2): 0
LogDevObjectVersion:   Dev-Platform (6631380F-2D4D-43E0-8009-CF276956A95A): 0
LogDevObjectVersion:   Dev-Rendering (12F88B9F-8875-4AFC-A67C-D90C383ABD29): 4
LogDevObjectVersion:   Dev-Sequencer (7B5AE74C-D270-4C10-A958-57980B212A5A): 0
LogDevObjectVersion:   Dev-VR (D7296918-1DD6-4BDD-9DE2-64A83CC13884): 0
LogInit: Compiled (64-bit): Oct 24 2016 14:29:06
LogInit: Compiled with Visual C++: 19.00.23026.00
LogInit: Build Configuration: Development
LogInit: Branch Name: ++UE4+Release-4.13
LogInit: Command line: -EpicPortal 
LogInit: Base directory: D:/Epic Games/4.13/Engine/Binaries/Win64/
LogInit: Installed Engine Build: 1
LogInit: Presizing for max 8388607 objects, including 0 objects not considered by GC, pre-allocating 0 bytes for permanent pool.
LogInit: Object subsystem initialized
[2016.11.25-13.31.48:784][  0]LogInit: Selected Device Profile: [Windows]
[2016.11.25-13.31.48:784][  0]LogInit: Applying CVar settings loaded from the selected device profile: [Windows]
[2016.11.25-13.31.48:793][  0]LogInit: Computer: AMORIM
[2016.11.25-13.31.48:793][  0]LogInit: User: PCAmorim
[2016.11.25-13.31.48:793][  0]LogInit: CPU Page size=65536, Cores=2
[2016.11.25-13.31.48:793][  0]LogInit: High frequency timer resolution =3.215353 MHz
[2016.11.25-13.31.48:794][  0]LogMemory: Memory total: Physical=4.0GB (4GB approx)
[2016.11.25-13.31.48:794][  0]LogMemory: Platform Memory Stats for Windows
[2016.11.25-13.31.48:794][  0]LogMemory: Process Physical Memory: 253.58 MB used, 253.58 MB peak
[2016.11.25-13.31.48:794][  0]LogMemory: Process Virtual Memory: 259.30 MB used, 259.30 MB peak
[2016.11.25-13.31.48:794][  0]LogMemory: Physical Memory: 3316.83 MB used, 4058.09 MB total
[2016.11.25-13.31.48:794][  0]LogMemory: Virtual Memory: 602.84 MB used, 134217728.00 MB total
[2016.11.25-13.31.49:078][  0]LogInit: Overriding culture en w/ editor configuration.
[2016.11.25-13.31.50:287][  0]LogD3D11RHI: D3D11 adapters:
[2016.11.25-13.31.50:295][  0]LogD3D11RHI:    0. 'AMD Radeon HD 7800 Series' (Feature Level 11_0)
[2016.11.25-13.31.50:295][  0]LogD3D11RHI:       1007/0/1792 MB DedicatedVideo/DedicatedSystem/SharedSystem, Outputs:1, VendorId:0x1002
[2016.11.25-13.31.50:307][  0]LogD3D11RHI:    1. 'Microsoft Basic Render Driver' (Feature Level 11_0)
[2016.11.25-13.31.50:307][  0]LogD3D11RHI:       0/0/256 MB DedicatedVideo/DedicatedSystem/SharedSystem, Outputs:0, VendorId:0x1414
[2016.11.25-13.31.50:307][  0]LogD3D11RHI: Chosen D3D11 Adapter: 0
[2016.11.25-13.31.50:311][  0]LogD3D11RHI: Creating new Direct3DDevice
[2016.11.25-13.31.50:311][  0]LogD3D11RHI:     GPU DeviceId: 0x6819 (for the marketing name, search the web for "GPU Device Id")
[2016.11.25-13.31.50:311][  0]LogWindows: EnumDisplayDevices:
[2016.11.25-13.31.50:311][  0]LogWindows:    0. 'AMD Radeon HD 7800 Series' (P:1 D:1)
[2016.11.25-13.31.50:312][  0]LogWindows:    1. 'AMD Radeon HD 7800 Series' (P:0 D:0)
[2016.11.25-13.31.50:312][  0]LogWindows:    2. 'AMD Radeon HD 7800 Series' (P:0 D:0)
[2016.11.25-13.31.50:312][  0]LogWindows:    3. 'AMD Radeon HD 7800 Series' (P:0 D:0)
[2016.11.25-13.31.50:312][  0]LogWindows:    4. 'AMD Radeon HD 7800 Series' (P:0 D:0)
[2016.11.25-13.31.50:313][  0]LogWindows:    5. 'AMD Radeon HD 7800 Series' (P:0 D:0)
[2016.11.25-13.31.50:313][  0]LogWindows: DebugString: FoundDriverCount:6 
[2016.11.25-13.31.50:313][  0]LogD3D11RHI:     Adapter Name: AMD Radeon HD 7800 Series
[2016.11.25-13.31.50:313][  0]LogD3D11RHI:   Driver Version: Crimson 16.5.3 (internal:16.200.1013.0, unified:16.200.1013.0)
[2016.11.25-13.31.50:313][  0]LogD3D11RHI:      Driver Date: 5-20-2016
[2016.11.25-13.31.50:313][  0]LogRHI: Texture pool is 705 MB (70% of 1007 MB)
[2016.11.25-13.31.50:320][  0]LogD3D11RHI: Async texture creation enabled
[2016.11.25-13.31.50:332][  0]LogD3D11RHI: GPU Timing Frequency: 27.000000 (Debug: 2 1)
[2016.11.25-13.31.50:332][  0]LogShaderCompilers: Guid format shader working directory is 26 characters bigger than the processId version (../../../../../MyProject/Intermediate/Shaders/WorkingDirectory/936/).
[2016.11.25-13.31.50:333][  0]LogShaderCompilers: Cleaned the shader compiler working directory 'C:/Users/PC-AMO~1/AppData/Local/Temp/UnrealShaderWorkingDir/D5DC01CE4C333557454C6AA8E88DD132/'.
[2016.11.25-13.31.50:333][  0]LogShaderCompilers:Display: Using Local Shader Compiler.
[2016.11.25-13.31.54:760][  0]LogTemp:Display: Loaded TP AllDesktopTargetPlatform
[2016.11.25-13.31.54:773][  0]LogTemp:Display: Loaded TP WindowsClientTargetPlatform
[2016.11.25-13.31.54:787][  0]LogTemp:Display: Loaded TP WindowsNoEditorTargetPlatform
[2016.11.25-13.31.54:801][  0]LogTemp:Display: Loaded TP WindowsServerTargetPlatform
[2016.11.25-13.31.54:812][  0]LogTemp:Display: Loaded TP WindowsTargetPlatform
[2016.11.25-13.31.54:825][  0]LogTemp:Display: Loaded TP AndroidTargetPlatform
[2016.11.25-13.31.54:836][  0]LogTemp:Display: Loaded TP Android_ASTCTargetPlatform
[2016.11.25-13.31.54:845][  0]LogTemp:Display: Loaded TP Android_ATCTargetPlatform
[2016.11.25-13.31.54:861][  0]LogTemp:Display: Loaded TP Android_DXTTargetPlatform
[2016.11.25-13.31.54:872][  0]LogTemp:Display: Loaded TP Android_ETC1TargetPlatform
[2016.11.25-13.31.54:885][  0]LogTemp:Display: Loaded TP Android_ETC2TargetPlatform
[2016.11.25-13.31.54:907][  0]LogTemp:Display: Loaded TP Android_MultiTargetPlatform
[2016.11.25-13.31.54:907][  0]LogTemp:Display: Loaded TP Android_PVRTCTargetPlatform
[2016.11.25-13.31.54:909][  0]LogTemp:Display: Loaded TP HTML5TargetPlatform
[2016.11.25-13.31.54:940][  0]LogTemp:Display: Loaded TP IOSTargetPlatform
[2016.11.25-13.31.54:951][  0]LogTemp:Display: Loaded TP TVOSTargetPlatform
[2016.11.25-13.31.54:959][  0]LogTemp:Display: Loaded TP LinuxClientTargetPlatform
[2016.11.25-13.31.54:970][  0]LogTemp:Display: Loaded TP LinuxNoEditorTargetPlatform
[2016.11.25-13.31.54:978][  0]LogTemp:Display: Loaded TP LinuxServerTargetPlatform
[2016.11.25-13.31.54:990][  0]LogTemp:Display: Loaded TP LinuxTargetPlatform
[2016.11.25-13.31.54:990][  0]LogTargetPlatformManager:Display: Building Assets For Windows
[2016.11.25-13.31.55:344][  0]LogDerivedDataCache:Display: Max Cache Size: 512 MB
[2016.11.25-13.31.55:436][  0]LogDerivedDataCache: Loaded boot cache 0.09s 62MB C:/Users/PC-Amorim/AppData/Local/UnrealEngine/4.13/DerivedDataCache/Boot.ddc.
[2016.11.25-13.31.55:436][  0]LogDerivedDataCache:Display: Loaded Boot cache: C:/Users/PC-Amorim/AppData/Local/UnrealEngine/4.13/DerivedDataCache/Boot.ddc
[2016.11.25-13.31.55:436][  0]LogDerivedDataCache: FDerivedDataBackendGraph:  Pak pak cache file ../../../../../MyProject/DerivedDataCache/DDC.ddp not found, will not use a pak cache.
[2016.11.25-13.31.55:436][  0]LogDerivedDataCache: Unable to find inner node Pak for hierarchical cache Hierarchy.
[2016.11.25-13.31.55:436][  0]LogDerivedDataCache: FDerivedDataBackendGraph:  CompressedPak pak cache file ../../../../../MyProject/DerivedDataCache/Compressed.ddp not found, will not use a pak cache.
[2016.11.25-13.31.55:436][  0]LogDerivedDataCache: Unable to find inner node CompressedPak for hierarchical cache Hierarchy.
[2016.11.25-13.31.55:456][  0]LogDerivedDataCache:Display: Pak cache opened for reading ../../../Engine/DerivedDataCache/Compressed.ddp.
[2016.11.25-13.31.55:469][  0]LogDerivedDataCache: Using Local data cache path C:/Users/PC-Amorim/AppData/Local/UnrealEngine/Common/DerivedDataCache: Writable
[2016.11.25-13.31.56:790][  0]LogInit: Selected Device Profile: [Windows]
[2016.11.25-13.31.56:817][  0]LogContentStreaming: Texture pool size is 0.00 MB
[2016.11.25-13.31.56:970][  0]LogMeshUtilities: No automatic mesh reduction module available
[2016.11.25-13.31.56:970][  0]LogMeshUtilities: No automatic mesh merging module available
[2016.11.25-13.31.56:970][  0]LogMeshUtilities: No distributed automatic mesh merging module available
[2016.11.25-13.31.57:088][  0]LogMaterial: Uniform references updated for custom material expression Custom.
[2016.11.25-13.31.57:642][  0]LogNetVersion: GetLocalNetworkVersion: CL: 3106830, ProjectName: myproject, ProjectVersion: , EngineNetworkVersion: 1, GameNetworkVersion: 0, NetworkChecksum: 1879837642
[2016.11.25-13.31.57:685][  0]LogAssetRegistry: FAssetRegistry took 0.0226 seconds to start up
[2016.11.25-13.31.57:735][  0]LogPackageLocalizationCache: Processed 3 localized package path(s) for 1 prioritized culture(s) in 0.046997 seconds
[2016.11.25-13.31.57:742][  0]LogUObjectArray: 29778 objects as part of root set at end of initial load.
[2016.11.25-13.31.57:742][  0]LogUObjectAllocator: 6125456 out of 0 bytes used by permanent object pool.
[2016.11.25-13.31.57:742][  0]LogUObjectArray: CloseDisregardForGC: 0/0 objects in disregard for GC pool
[2016.11.25-13.31.57:753][  0]LogInit: WinSock: version 1.1 (2.2), MaxSocks=32767, MaxUdp=65467
[2016.11.25-13.31.58:983][  0]LogSlate: SlateFontCache - WITH_FREETYPE: 1, WITH_HARFBUZZ: 1
[2016.11.25-13.31.58:983][  0]LogSlate: SlateFontCache - WITH_FREETYPE: 1, WITH_HARFBUZZ: 1
[2016.11.25-13.32.00:827][  0]LogTcpMessaging: Initializing TcpMessaging bridge
[2016.11.25-13.32.00:856][  0]LogUdpMessaging: Initializing bridge on interface 0.0.0.0:0 to multicast group 230.0.0.1:6666.
[2016.11.25-13.32.01:304][  0]SourceControl: Info Source control is disabled
[2016.11.25-13.32.01:306][  0]SourceControl: Info Source control is disabled
[2016.11.25-13.32.01:392][  0]SourceControl: Info Source control is disabled
[2016.11.25-13.32.01:406][  0]SourceControl: Info Source control is disabled
[2016.11.25-13.32.01:901][  0]LogEngine: Initializing Engine...
[2016.11.25-13.32.01:902][  0]LogHMD: Failed to initialize OpenVR with code 100
[2016.11.25-13.32.02:091][  0]LogAIModule: Creating AISystem for world Untitled
[2016.11.25-13.32.02:104][  0]LogInit: XAudio2 using 'Alto-falantes (2- Dispositivo de High Definition Audio)' : 2 channels at 44.1 kHz using 16 bits per sample (channel mask 0x3)
[2016.11.25-13.32.02:116][  0]LogInit: FAudioDevice initialized.
[2016.11.25-13.32.02:167][  0]LogDerivedDataCache: Saved boot cache 0.05s 62MB C:/Users/PC-Amorim/AppData/Local/UnrealEngine/4.13/DerivedDataCache/Boot.ddc.
[2016.11.25-13.32.02:180][  0]LogInit: Texture streaming: Enabled
[2016.11.25-13.32.02:247][  0]LogInit: Transaction tracking system initialized
[2016.11.25-13.32.02:285][  0]BlueprintLog: New page: Editor Load
[2016.11.25-13.32.02:393][  0]LocalizationService: Info Localization service is disabled
[2016.11.25-13.32.02:505][  0]LogConsoleResponse:Display: 
[2016.11.25-13.32.02:771][  0]LogFileCache: Scanning file cache for directory 'D:/MyProject/Content/' took 0.02s
[2016.11.25-13.32.02:771][  0]LogCook:Display: Max memory allowance for cook 16384mb min free memory 0mb
[2016.11.25-13.32.02:771][  0]LogCook:Display: Mobile HDR setting 1
[2016.11.25-13.32.03:059][  0]SourceControl: Info Source control is disabled
[2016.11.25-13.32.03:059][  0]Cmd: MAP LOAD FILE="../../../../../MyProject/Content/StarterContent/Maps/Minimal_Default.umap" TEMPLATE=0 SHOWPROGRESS=1 FEATURELEVEL=3
[2016.11.25-13.32.03:078][  0]LightingResults: New page: Lighting Build
[2016.11.25-13.32.03:082][  0]MapCheck: New page: Map Check
[2016.11.25-13.32.03:082][  0]LightingResults: New page: Lighting Build
[2016.11.25-13.32.10:639][  0]LogAIModule: Creating AISystem for world Minimal_Default
[2016.11.25-13.32.10:856][  0]LogEditorServer: Finished looking for orphan Actors (0.000 secs)
[2016.11.25-13.32.10:885][  0]Cmd: MAP CHECKDEP NOCLEARLOG
[2016.11.25-13.32.10:976][  0]MapCheck: Info Map check complete: 0 Error(s), 0 Warning(s), took 91.054ms to complete.
[2016.11.25-13.32.10:976][  0]LogFileHelpers: Loading map 'Minimal_Default' took 7.917
[2016.11.25-13.32.11:782][  0]LogCollectionManager: Loaded 0 collections in 0.002669 seconds
[2016.11.25-13.32.11:970][  0]LogFileCache: Scanning file cache for directory 'D:/MyProject/Saved/Collections/' took 0.01s
[2016.11.25-13.32.11:970][  0]LogFileCache: Scanning file cache for directory 'D:/MyProject/Content/Developers/PCAmorim/Collections/' took 0.01s
[2016.11.25-13.32.11:970][  0]LogFileCache: Scanning file cache for directory 'D:/MyProject/Content/Collections/' took 0.01s
[2016.11.25-13.32.11:971][  0]LogCollectionManager: Rebuilt the GUID cache for 0 collections in 0.000002 seconds
[2016.11.25-13.32.12:020][  0]LogContentBrowser: Native class hierarchy populated in 0.0199 seconds. Added 2141 classes and 415 folders.
[2016.11.25-13.32.12:069][  0]LogStats: UGameplayTagsManager::ConstructGameplayTagTree: Construct from data asset -  0.000 s
[2016.11.25-13.32.12:069][  0]LogStats: UGameplayTagsManager::ConstructGameplayTagTree: GameplayTagTreeChangedEvent.Broadcast -  0.000 s
[2016.11.25-13.32.12:071][  0]LogContentBrowser: Native class hierarchy updated for 'GameplayTags' in 0.0007 seconds. Added 12 classes and 0 folders.
[2016.11.25-13.32.12:119][  0]LogContentBrowser: Native class hierarchy updated for 'WidgetCarousel' in 0.0005 seconds. Added 0 classes and 0 folders.
[2016.11.25-13.32.13:189][  0]LogContentBrowser: Native class hierarchy updated for 'AddContentDialog' in 0.0005 seconds. Added 0 classes and 0 folders.
[2016.11.25-13.32.13:333][  0]LogContentBrowser: Native class hierarchy updated for 'SceneOutliner' in 0.0005 seconds. Added 1 classes and 2 folders.
[2016.11.25-13.32.14:240][  0]LogCrashTracker: Crashtracker disabled due to settings.
[2016.11.25-13.32.14:393][  0]LogUObjectGlobals:Warning: Failed to find object 'Class None.'
[2016.11.25-13.32.14:446][  0]LogContentBrowser: Native class hierarchy updated for 'HierarchicalLODOutliner' in 0.0005 seconds. Added 1 classes and 2 folders.
[2016.11.25-13.32.14:446][  0]LogLoad: (Engine Initialization) Total time: 27.23 seconds
[2016.11.25-13.32.14:446][  0]LogLoad: (Engine Initialization) Total Blueprint compile time: 0.60 seconds
[2016.11.25-13.32.14:446][  0]LogExternalProfiler: No external profilers were discovered.  External profiling features will not be available.
[2016.11.25-13.32.14:787][  0]LogOcInput: OculusInput pre-init called
[2016.11.25-13.32.15:181][  0]LogContentStreaming: Texture pool size now 800 MB
[2016.11.25-13.32.16:605][  0]LogRenderer: Reallocating scene render targets to support 820x540 (Frame:2).
[2016.11.25-13.32.17:837][  3]LogAssetRegistry: Asset discovery search completed in 20.1752 seconds
[2016.11.25-13.32.17:837][  3]LogCollectionManager: Rebuilt the object cache for 0 collections in 0.000002 seconds (found 0 objects)
[2016.11.25-13.32.17:837][  3]LogCollectionManager: Fixed up redirectors for 0 collections in 0.000030 seconds (updated 0 objects)
[2016.11.25-13.34.08:945][617]LogBlueprintUserMessages: Early PlayInEditor Detection: Level '/Game/StarterContent/Maps/Minimal_Default.Minimal_Default:PersistentLevel' has LevelScriptBlueprint '/Game/StarterContent/Maps/Minimal_Default.Minimal_Default:PersistentLevel.Minimal_Default' with GeneratedClass '/Game/StarterContent/Maps/Minimal_Default.Minimal_Default_C' with ClassGeneratedBy '/Game/StarterContent/Maps/Minimal_Default.Minimal_Default:PersistentLevel.Minimal_Default'
[2016.11.25-13.34.08:977][617]LogPlayLevel: PlayLevel: No blueprints needed recompiling
[2016.11.25-13.34.09:217][617]PIE: New page: PIE session: Minimal_Default (Nov 25, 2016, 8:34:09 AM)
[2016.11.25-13.34.09:228][617]LogPlayLevel: Creating play world package: /Game/StarterContent/Maps/UEDPIE_0_Minimal_Default
[2016.11.25-13.34.09:330][617]LogPlayLevel: PIE: StaticDuplicateObject took: (0.102352s)
[2016.11.25-13.34.09:330][617]LogAIModule: Creating AISystem for world Minimal_Default
[2016.11.25-13.34.09:339][617]LogPlayLevel: PIE: World Init took: (0.008954s)
[2016.11.25-13.34.09:339][617]LogPlayLevel: PIE: Created PIE world by copying editor world from /Game/StarterContent/Maps/Minimal_Default.Minimal_Default to /Game/StarterContent/Maps/UEDPIE_0_Minimal_Default.Minimal_Default (0.112075s)
[2016.11.25-13.34.09:626][617]LogInit: XAudio2 using 'Alto-falantes (2- Dispositivo de High Definition Audio)' : 2 channels at 44.1 kHz using 16 bits per sample (channel mask 0x3)
[2016.11.25-13.34.09:635][617]LogInit: FAudioDevice initialized.
[2016.11.25-13.34.09:889][617]LogWorld: Game class is 'TutGameMode_C'
[2016.11.25-13.34.09:967][617]LogWorld: Bringing World /Game/StarterContent/Maps/UEDPIE_0_Minimal_Default.Minimal_Default up for play (max tick rate 0) at 2016.11.25-11.34.09
[2016.11.25-13.34.10:004][617]LogWorld: Bringing up level for play took: 0.039883
[2016.11.25-13.34.10:201][617]LogContentBrowser: Native class hierarchy updated for 'MovieSceneCapture' in 0.0006 seconds. Added 11 classes and 0 folders.
[2016.11.25-13.34.10:203][617]LogGameMode:Display: Match State Changed from EnteringMap to WaitingToStart
[2016.11.25-13.34.10:205][617]LogGameState: Match State Changed from EnteringMap to WaitingToStart
[2016.11.25-13.34.10:205][617]LogGameMode:Display: Match State Changed from WaitingToStart to InProgress
[2016.11.25-13.34.10:555][617]LogGameState: Match State Changed from WaitingToStart to InProgress
[2016.11.25-13.34.10:566][617]PIE: Info Play in editor start time for /Game/StarterContent/Maps/UEDPIE_0_Minimal_Default 2.303
[2016.11.25-13.34.10:567][617]LogBlueprintUserMessages: Late PlayInEditor Detection: Level '/Game/StarterContent/Maps/Minimal_Default.Minimal_Default:PersistentLevel' has LevelScriptBlueprint '/Game/StarterContent/Maps/Minimal_Default.Minimal_Default:PersistentLevel.Minimal_Default' with GeneratedClass '/Game/StarterContent/Maps/Minimal_Default.Minimal_Default_C' with ClassGeneratedBy '/Game/StarterContent/Maps/Minimal_Default.Minimal_Default:PersistentLevel.Minimal_Default'
[2016.11.25-13.37.19:368][787]LogBlueprintUserMessages: Early EndPlayMap Detection: Level '/Game/StarterContent/Maps/Minimal_Default.Minimal_Default:PersistentLevel' has LevelScriptBlueprint '/Game/StarterContent/Maps/Minimal_Default.Minimal_Default:PersistentLevel.Minimal_Default' with GeneratedClass '/Game/StarterContent/Maps/Minimal_Default.Minimal_Default_C' with ClassGeneratedBy '/Game/StarterContent/Maps/Minimal_Default.Minimal_Default:PersistentLevel.Minimal_Default'
[2016.11.25-13.37.19:647][787]LogBlueprintUserMessages: Late EndPlayMap Detection: Level '/Game/StarterContent/Maps/Minimal_Default.Minimal_Default:PersistentLevel' has LevelScriptBlueprint '/Game/StarterContent/Maps/Minimal_Default.Minimal_Default:PersistentLevel.Minimal_Default' with GeneratedClass '/Game/StarterContent/Maps/Minimal_Default.Minimal_Default_C' with ClassGeneratedBy '/Game/StarterContent/Maps/Minimal_Default.Minimal_Default:PersistentLevel.Minimal_Default'
[2016.11.25-13.38.31:617][496]LogContentBrowser: Native class hierarchy updated for 'BlueprintGraph' in 0.0016 seconds. Added 112 classes and 0 folders.
[2016.11.25-13.41.28:783][565]BlueprintLog: New page: Compile GameHUD
[2016.11.25-13.44.49:802][507]LogEditorTransaction: Undo Delete current selection
[2016.11.25-13.45.56:031][933]LogFileHelpers: Editor autosave (incl. sublevels) for '/Game/StarterContent/Maps/Minimal_Default' took 0.042
[2016.11.25-13.45.56:112][933]OBJ SavePackage: Generating thumbnails for [0] asset(s) in package [/Game/Actors/Protagonist/UMGs/GameHUD] ([1] browsable assets)...
[2016.11.25-13.45.56:127][933]OBJ SavePackage: Finished generating thumbnails for package [/Game/Actors/Protagonist/UMGs/GameHUD]
[2016.11.25-13.45.56:127][933]Cmd: OBJ SAVEPACKAGE PACKAGE="/Game/Actors/Protagonist/UMGs/GameHUD" FILE="../../../../../MyProject/Saved/Autosaves/Game/Actors/Protagonist/UMGs/GameHUD_Auto1.uasset" SILENT=false AUTOSAVING=true
[2016.11.25-13.45.56:346][933]LogSavePackage: Save=111.11ms
[2016.11.25-13.45.56:346][933]LogSavePackage: Moving '../../../../../MyProject/Saved/GameHUD_Auto117450BBA4DBD72EE9BA78ABA9E0CE019.tmp' to '../../../../../MyProject/Saved/Autosaves/Game/Actors/Protagonist/UMGs/GameHUD_Auto1.uasset'
[2016.11.25-13.45.56:365][933]LogSavePackage:Display: Finished SavePackage ../../../../../MyProject/Saved/Autosaves/Game/Actors/Protagonist/UMGs/GameHUD_Auto1.uasset
[2016.11.25-13.45.56:365][933]LogFileHelpers: Auto-saving content packages took 0.317
[2016.11.25-13.51.48:944][486]LogFactory: FactoryCreateFile: Texture with ReimportTextureFactory (0 0 ../../../../../Meus Jogos/DK - Project Dark Sword/Texturas/Reticulo/crosshair_pick-1.png)
[2016.11.25-13.51.49:135][486]LogTexture:Display: Building textures: crosshair_pick-1 (AutoDXT)
[2016.11.25-13.51.49:317][486]LogFactory: FactoryCreateFile: Texture with ReimportTextureFactory (0 0 ../../../../../Meus Jogos/DK - Project Dark Sword/Texturas/Reticulo/crosshair_pick-3.png)
[2016.11.25-13.51.49:359][486]LogTexture:Display: Building textures: crosshair_pick-3 (BGRA8)
[2016.11.25-13.51.49:377][486]LogFactory: FactoryCreateFile: Texture with ReimportTextureFactory (0 0 ../../../../../Meus Jogos/DK - Project Dark Sword/Texturas/Reticulo/crosshair-2.png)
[2016.11.25-13.51.49:418][486]LogTexture:Display: Building textures: crosshair-2 (BGRA8)
[2016.11.25-13.51.49:430][486]LogFactory: FactoryCreateFile: Texture with ReimportTextureFactory (0 0 ../../../../../Meus Jogos/DK - Project Dark Sword/Texturas/Reticulo/Mira_1.png)
[2016.11.25-13.51.49:482][486]LogTexture:Display: Building textures: Mira_1 (AutoDXT)
[2016.11.25-13.52.04:252][489]Cmd: OBJ SAVEPACKAGE PACKAGE="/Game/StarterContent/Maps/Minimal_Default" FILE="../../../../../MyProject/Content/StarterContent/Maps/Minimal_Default.umap" SILENT=true AUTOSAVING=false KEEPDIRTY=false
[2016.11.25-13.52.05:624][489]LogSavePackage: Save=1090.89ms
[2016.11.25-13.52.05:624][489]LogSavePackage: Moving '../../../../../MyProject/Saved/Minimal_DefaultE82E06A04ABB9F5DA5B4E7BBBE2AF93F.tmp' to '../../../../../MyProject/Content/StarterContent/Maps/Minimal_Default.umap'
[2016.11.25-13.52.05:626][489]LogSavePackage:Display: Finished SavePackage ../../../../../MyProject/Content/StarterContent/Maps/Minimal_Default.umap
[2016.11.25-13.52.09:014][621]Cmd: OBJ SAVEPACKAGE PACKAGE="/Game/Actors/Protagonist/UMGs/GameHUD" FILE="../../../../../MyProject/Content/Actors/Protagonist/UMGs/GameHUD.uasset" SILENT=true
[2016.11.25-13.52.09:135][621]LogSavePackage: Save=73.49ms
[2016.11.25-13.52.09:135][621]LogSavePackage: Moving '../../../../../MyProject/Saved/GameHUD1184E114410A7CE1A8CA68B055E0E3C7.tmp' to '../../../../../MyProject/Content/Actors/Protagonist/UMGs/GameHUD.uasset'
[2016.11.25-13.52.09:137][621]LogSavePackage:Display: Finished SavePackage ../../../../../MyProject/Content/Actors/Protagonist/UMGs/GameHUD.uasset
[2016.11.25-13.52.09:262][621]Cmd: OBJ SAVEPACKAGE PACKAGE="/Game/Textures/crosshair-2" FILE="../../../../../MyProject/Content/Textures/crosshair-2.uasset" SILENT=true
[2016.11.25-13.52.09:292][621]LogSavePackage: Save=29.05ms
[2016.11.25-13.52.09:292][621]LogSavePackage: Moving '../../../../../MyProject/Saved/crosshair-2AD9A2BEC4CFC53360E8F529064C0FCF7.tmp' to '../../../../../MyProject/Content/Textures/crosshair-2.uasset'
[2016.11.25-13.52.09:293][621]LogSavePackage:Display: Finished SavePackage ../../../../../MyProject/Content/Textures/crosshair-2.uasset
[2016.11.25-13.52.09:302][621]Cmd: OBJ SAVEPACKAGE PACKAGE="/Game/Textures/crosshair_pick-1" FILE="../../../../../MyProject/Content/Textures/crosshair_pick-1.uasset" SILENT=true
[2016.11.25-13.52.09:308][621]LogSavePackage: Save=5.64ms
[2016.11.25-13.52.09:308][621]LogSavePackage: Moving '../../../../../MyProject/Saved/crosshair_pick-125E2DB2049CC8240A287F0A4E7529191.tmp' to '../../../../../MyProject/Content/Textures/crosshair_pick-1.uasset'
[2016.11.25-13.52.09:310][621]LogSavePackage:Display: Finished SavePackage ../../../../../MyProject/Content/Textures/crosshair_pick-1.uasset
[2016.11.25-13.52.09:326][621]Cmd: OBJ SAVEPACKAGE PACKAGE="/Game/Textures/crosshair_pick-3" FILE="../../../../../MyProject/Content/Textures/crosshair_pick-3.uasset" SILENT=true
[2016.11.25-13.52.09:334][621]LogSavePackage: Save=7.40ms
[2016.11.25-13.52.09:334][621]LogSavePackage: Moving '../../../../../MyProject/Saved/crosshair_pick-30A9DF05449B082A7572B06B413AB4E17.tmp' to '../../../../../MyProject/Content/Textures/crosshair_pick-3.uasset'
[2016.11.25-13.52.09:335][621]LogSavePackage:Display: Finished SavePackage ../../../../../MyProject/Content/Textures/crosshair_pick-3.uasset
[2016.11.25-13.52.09:353][621]Cmd: OBJ SAVEPACKAGE PACKAGE="/Game/Textures/Mira_1" FILE="../../../../../MyProject/Content/Textures/Mira_1.uasset" SILENT=true
[2016.11.25-13.52.09:378][621]LogSavePackage: Save=16.04ms
[2016.11.25-13.52.09:378][621]LogSavePackage: Moving '../../../../../MyProject/Saved/Mira_1E4D0CFBF4AC58880741AB191FBD453C5.tmp' to '../../../../../MyProject/Content/Textures/Mira_1.uasset'
[2016.11.25-13.52.09:380][621]LogSavePackage:Display: Finished SavePackage ../../../../../MyProject/Content/Textures/Mira_1.uasset
[2016.11.25-13.52.13:438][ 51]BlueprintLog: New page: Compile GameHUD
[2016.11.25-13.52.34:546][823]BlueprintLog: New page: Compile MyHUD
[2016.11.25-13.52.35:888][952]LogBlueprintUserMessages: Early PlayInEditor Detection: Level '/Game/StarterContent/Maps/Minimal_Default.Minimal_Default:PersistentLevel' has LevelScriptBlueprint '/Game/StarterContent/Maps/Minimal_Default.Minimal_Default:PersistentLevel.Minimal_Default' with GeneratedClass '/Game/StarterContent/Maps/Minimal_Default.Minimal_Default_C' with ClassGeneratedBy '/Game/StarterContent/Maps/Minimal_Default.Minimal_Default:PersistentLevel.Minimal_Default'
[2016.11.25-13.52.35:888][952]LogPlayLevel: PlayLevel: No blueprints needed recompiling
[2016.11.25-13.52.35:910][952]PIE: New page: PIE session: Minimal_Default (Nov 25, 2016, 8:52:35 AM)
[2016.11.25-13.52.35:921][952]LogPlayLevel: Creating play world package: /Game/StarterContent/Maps/UEDPIE_0_Minimal_Default
[2016.11.25-13.52.36:072][952]LogPlayLevel: PIE: StaticDuplicateObject took: (0.149798s)
[2016.11.25-13.52.36:172][952]LogAIModule: Creating AISystem for world Minimal_Default
[2016.11.25-13.52.36:216][952]LogPlayLevel: PIE: World Init took: (0.062612s)
[2016.11.25-13.52.36:216][952]LogPlayLevel: PIE: Created PIE world by copying editor world from /Game/StarterContent/Maps/Minimal_Default.Minimal_Default to /Game/StarterContent/Maps/UEDPIE_0_Minimal_Default.Minimal_Default (0.294449s)
[2016.11.25-13.52.36:345][952]LogInit: XAudio2 using 'Alto-falantes (2- Dispositivo de High Definition Audio)' : 2 channels at 44.1 kHz using 16 bits per sample (channel mask 0x3)
[2016.11.25-13.52.36:361][952]LogInit: FAudioDevice initialized.
[2016.11.25-13.52.36:579][952]LogWorld: Game class is 'TutGameMode_C'
[2016.11.25-13.52.36:691][952]LogWorld: Bringing World /Game/StarterContent/Maps/UEDPIE_0_Minimal_Default.Minimal_Default up for play (max tick rate 0) at 2016.11.25-11.52.36
[2016.11.25-13.52.36:699][952]LogWorld: Bringing up level for play took: 0.106778
[2016.11.25-13.52.36:839][952]LogGameMode:Display: Match State Changed from EnteringMap to WaitingToStart
[2016.11.25-13.52.36:839][952]LogGameState: Match State Changed from EnteringMap to WaitingToStart
[2016.11.25-13.52.36:839][952]LogGameMode:Display: Match State Changed from WaitingToStart to InProgress
[2016.11.25-13.52.36:942][952]LogGameState: Match State Changed from WaitingToStart to InProgress
[2016.11.25-13.52.36:950][952]PIE: Info Play in editor start time for /Game/StarterContent/Maps/UEDPIE_0_Minimal_Default 0.679
[2016.11.25-13.52.36:966][952]LogBlueprintUserMessages: Late PlayInEditor Detection: Level '/Game/StarterContent/Maps/Minimal_Default.Minimal_Default:PersistentLevel' has LevelScriptBlueprint '/Game/StarterContent/Maps/Minimal_Default.Minimal_Default:PersistentLevel.Minimal_Default' with GeneratedClass '/Game/StarterContent/Maps/Minimal_Default.Minimal_Default_C' with ClassGeneratedBy '/Game/StarterContent/Maps/Minimal_Default.Minimal_Default:PersistentLevel.Minimal_Default'
[2016.11.25-13.52.37:014][952]LogRenderer: Reallocating scene render targets to support 1124x656 (Frame:25023).
[2016.11.25-13.52.39:181][150]LogBlueprintUserMessages: Early EndPlayMap Detection: Level '/Game/StarterContent/Maps/Minimal_Default.Minimal_Default:PersistentLevel' has LevelScriptBlueprint '/Game/StarterContent/Maps/Minimal_Default.Minimal_Default:PersistentLevel.Minimal_Default' with GeneratedClass '/Game/StarterContent/Maps/Minimal_Default.Minimal_Default_C' with ClassGeneratedBy '/Game/StarterContent/Maps/Minimal_Default.Minimal_Default:PersistentLevel.Minimal_Default'
[2016.11.25-13.52.39:300][150]LogBlueprintUserMessages: Late EndPlayMap Detection: Level '/Game/StarterContent/Maps/Minimal_Default.Minimal_Default:PersistentLevel' has LevelScriptBlueprint '/Game/StarterContent/Maps/Minimal_Default.Minimal_Default:PersistentLevel.Minimal_Default' with GeneratedClass '/Game/StarterContent/Maps/Minimal_Default.Minimal_Default_C' with ClassGeneratedBy '/Game/StarterContent/Maps/Minimal_Default.Minimal_Default:PersistentLevel.Minimal_Default'
[2016.11.25-13.52.50:914][458]BlueprintLog: New page: Compile MyHUD
[2016.11.25-13.52.51:916][557]LogBlueprintUserMessages: Early PlayInEditor Detection: Level '/Game/StarterContent/Maps/Minimal_Default.Minimal_Default:PersistentLevel' has LevelScriptBlueprint '/Game/StarterContent/Maps/Minimal_Default.Minimal_Default:PersistentLevel.Minimal_Default' with GeneratedClass '/Game/StarterContent/Maps/Minimal_Default.Minimal_Default_C' with ClassGeneratedBy '/Game/StarterContent/Maps/Minimal_Default.Minimal_Default:PersistentLevel.Minimal_Default'
[2016.11.25-13.52.51:916][557]LogPlayLevel: PlayLevel: No blueprints needed recompiling
[2016.11.25-13.52.51:916][557]PIE: New page: PIE session: Minimal_Default (Nov 25, 2016, 8:52:51 AM)
[2016.11.25-13.52.51:916][557]LogPlayLevel: Creating play world package: /Game/StarterContent/Maps/UEDPIE_0_Minimal_Default
[2016.11.25-13.52.51:925][557]LogPlayLevel: PIE: StaticDuplicateObject took: (0.008280s)
[2016.11.25-13.52.51:926][557]LogAIModule: Creating AISystem for world Minimal_Default
[2016.11.25-13.52.51:926][557]LogPlayLevel: PIE: World Init took: (0.001212s)
[2016.11.25-13.52.51:926][557]LogPlayLevel: PIE: Created PIE world by copying editor world from /Game/StarterContent/Maps/Minimal_Default.Minimal_Default to /Game/StarterContent/Maps/UEDPIE_0_Minimal_Default.Minimal_Default (0.009735s)
[2016.11.25-13.52.51:965][557]LogInit: XAudio2 using 'Alto-falantes (2- Dispositivo de High Definition Audio)' : 2 channels at 44.1 kHz using 16 bits per sample (channel mask 0x3)
[2016.11.25-13.52.51:973][557]LogInit: FAudioDevice initialized.
[2016.11.25-13.52.52:008][557]LogWorld: Game class is 'TutGameMode_C'
[2016.11.25-13.52.52:011][557]LogWorld: Bringing World /Game/StarterContent/Maps/UEDPIE_0_Minimal_Default.Minimal_Default up for play (max tick rate 0) at 2016.11.25-11.52.52
[2016.11.25-13.52.52:011][557]LogWorld: Bringing up level for play took: 0.002699
[2016.11.25-13.52.52:012][557]LogGameMode:Display: Match State Changed from EnteringMap to WaitingToStart
[2016.11.25-13.52.52:012][557]LogGameState: Match State Changed from EnteringMap to WaitingToStart
[2016.11.25-13.52.52:012][557]LogGameMode:Display: Match State Changed from WaitingToStart to InProgress
[2016.11.25-13.52.52:026][557]LogGameState: Match State Changed from WaitingToStart to InProgress
[2016.11.25-13.52.52:028][557]PIE: Info Play in editor start time for /Game/StarterContent/Maps/UEDPIE_0_Minimal_Default -0.236
[2016.11.25-13.52.52:028][557]LogBlueprintUserMessages: Late PlayInEditor Detection: Level '/Game/StarterContent/Maps/Minimal_Default.Minimal_Default:PersistentLevel' has LevelScriptBlueprint '/Game/StarterContent/Maps/Minimal_Default.Minimal_Default:PersistentLevel.Minimal_Default' with GeneratedClass '/Game/StarterContent/Maps/Minimal_Default.Minimal_Default_C' with ClassGeneratedBy '/Game/StarterContent/Maps/Minimal_Default.Minimal_Default:PersistentLevel.Minimal_Default'
[2016.11.25-13.52.53:836][745]LogBlueprintUserMessages: Early EndPlayMap Detection: Level '/Game/StarterContent/Maps/Minimal_Default.Minimal_Default:PersistentLevel' has LevelScriptBlueprint '/Game/StarterContent/Maps/Minimal_Default.Minimal_Default:PersistentLevel.Minimal_Default' with GeneratedClass '/Game/StarterContent/Maps/Minimal_Default.Minimal_Default_C' with ClassGeneratedBy '/Game/StarterContent/Maps/Minimal_Default.Minimal_Default:PersistentLevel.Minimal_Default'
[2016.11.25-13.52.53:885][745]LogBlueprintUserMessages: Late EndPlayMap Detection: Level '/Game/StarterContent/Maps/Minimal_Default.Minimal_Default:PersistentLevel' has LevelScriptBlueprint '/Game/StarterContent/Maps/Minimal_Default.Minimal_Default:PersistentLevel.Minimal_Default' with GeneratedClass '/Game/StarterContent/Maps/Minimal_Default.Minimal_Default_C' with ClassGeneratedBy '/Game/StarterContent/Maps/Minimal_Default.Minimal_Default:PersistentLevel.Minimal_Default'
[2016.11.25-13.52.57:762][196]LogBlueprintUserMessages: Early PlayInEditor Detection: Level '/Game/StarterContent/Maps/Minimal_Default.Minimal_Default:PersistentLevel' has LevelScriptBlueprint '/Game/StarterContent/Maps/Minimal_Default.Minimal_Default:PersistentLevel.Minimal_Default' with GeneratedClass '/Game/StarterContent/Maps/Minimal_Default.Minimal_Default_C' with ClassGeneratedBy '/Game/StarterContent/Maps/Minimal_Default.Minimal_Default:PersistentLevel.Minimal_Default'
[2016.11.25-13.52.57:762][196]BlueprintLog: New page: Pre-Play auto-recompile
[2016.11.25-13.52.57:762][196]LogPlayLevel: [PlayLevel] Compiling MyHUD before play...
[2016.11.25-13.52.57:887][196]LogPlayLevel: PlayLevel: Blueprint regeneration took 124 ms (1 blueprints)
[2016.11.25-13.52.57:887][196]PIE: New page: PIE session: Minimal_Default (Nov 25, 2016, 8:52:57 AM)
[2016.11.25-13.52.57:887][196]LogPlayLevel: Creating play world package: /Game/StarterContent/Maps/UEDPIE_0_Minimal_Default
[2016.11.25-13.52.57:895][196]LogPlayLevel: PIE: StaticDuplicateObject took: (0.008042s)
[2016.11.25-13.52.57:896][196]LogAIModule: Creating AISystem for world Minimal_Default
[2016.11.25-13.52.57:897][196]LogPlayLevel: PIE: World Init took: (0.001508s)
[2016.11.25-13.52.57:897][196]LogPlayLevel: PIE: Created PIE world by copying editor world from /Game/StarterContent/Maps/Minimal_Default.Minimal_Default to /Game/StarterContent/Maps/UEDPIE_0_Minimal_Default.Minimal_Default (0.009811s)
[2016.11.25-13.52.57:937][196]LogInit: XAudio2 using 'Alto-falantes (2- Dispositivo de High Definition Audio)' : 2 channels at 44.1 kHz using 16 bits per sample (channel mask 0x3)
[2016.11.25-13.52.57:945][196]LogInit: FAudioDevice initialized.
[2016.11.25-13.52.57:982][196]LogWorld: Game class is 'TutGameMode_C'
[2016.11.25-13.52.57:984][196]LogWorld: Bringing World /Game/StarterContent/Maps/UEDPIE_0_Minimal_Default.Minimal_Default up for play (max tick rate 0) at 2016.11.25-11.52.57
[2016.11.25-13.52.57:985][196]LogWorld: Bringing up level for play took: 0.002603
[2016.11.25-13.52.57:986][196]LogGameMode:Display: Match State Changed from EnteringMap to WaitingToStart
[2016.11.25-13.52.57:986][196]LogGameState: Match State Changed from EnteringMap to WaitingToStart
[2016.11.25-13.52.57:986][196]LogGameMode:Display: Match State Changed from WaitingToStart to InProgress
[2016.11.25-13.52.57:991][196]LogGameState: Match State Changed from WaitingToStart to InProgress
[2016.11.25-13.52.57:992][196]PIE: Info Play in editor start time for /Game/StarterContent/Maps/UEDPIE_0_Minimal_Default -0.271
[2016.11.25-13.52.57:993][196]LogBlueprintUserMessages: Late PlayInEditor Detection: Level '/Game/StarterContent/Maps/Minimal_Default.Minimal_Default:PersistentLevel' has LevelScriptBlueprint '/Game/StarterContent/Maps/Minimal_Default.Minimal_Default:PersistentLevel.Minimal_Default' with GeneratedClass '/Game/StarterContent/Maps/Minimal_Default.Minimal_Default_C' with ClassGeneratedBy '/Game/StarterContent/Maps/Minimal_Default.Minimal_Default:PersistentLevel.Minimal_Default'
[2016.11.25-13.53.00:479][448]LogBlueprintUserMessages: Early EndPlayMap Detection: Level '/Game/StarterContent/Maps/Minimal_Default.Minimal_Default:PersistentLevel' has LevelScriptBlueprint '/Game/StarterContent/Maps/Minimal_Default.Minimal_Default:PersistentLevel.Minimal_Default' with GeneratedClass '/Game/StarterContent/Maps/Minimal_Default.Minimal_Default_C' with ClassGeneratedBy '/Game/StarterContent/Maps/Minimal_Default.Minimal_Default:PersistentLevel.Minimal_Default'
[2016.11.25-13.53.00:523][448]LogBlueprintUserMessages: Late EndPlayMap Detection: Level '/Game/StarterContent/Maps/Minimal_Default.Minimal_Default:PersistentLevel' has LevelScriptBlueprint '/Game/StarterContent/Maps/Minimal_Default.Minimal_Default:PersistentLevel.Minimal_Default' with GeneratedClass '/Game/StarterContent/Maps/Minimal_Default.Minimal_Default_C' with ClassGeneratedBy '/Game/StarterContent/Maps/Minimal_Default.Minimal_Default:PersistentLevel.Minimal_Default'
[2016.11.25-13.54.06:045][152]BlueprintLog: New page: Compile MyHUD
[2016.11.25-13.54.06:872][231]LogBlueprintUserMessages: Early PlayInEditor Detection: Level '/Game/StarterContent/Maps/Minimal_Default.Minimal_Default:PersistentLevel' has LevelScriptBlueprint '/Game/StarterContent/Maps/Minimal_Default.Minimal_Default:PersistentLevel.Minimal_Default' with GeneratedClass '/Game/StarterContent/Maps/Minimal_Default.Minimal_Default_C' with ClassGeneratedBy '/Game/StarterContent/Maps/Minimal_Default.Minimal_Default:PersistentLevel.Minimal_Default'
[2016.11.25-13.54.06:872][231]LogPlayLevel: PlayLevel: No blueprints needed recompiling
[2016.11.25-13.54.06:872][231]PIE: New page: PIE session: Minimal_Default (Nov 25, 2016, 8:54:06 AM)
[2016.11.25-13.54.06:873][231]LogPlayLevel: Creating play world package: /Game/StarterContent/Maps/UEDPIE_0_Minimal_Default
[2016.11.25-13.54.06:881][231]LogPlayLevel: PIE: StaticDuplicateObject took: (0.008649s)
[2016.11.25-13.54.06:883][231]LogAIModule: Creating AISystem for world Minimal_Default
[2016.11.25-13.54.06:884][231]LogPlayLevel: PIE: World Init took: (0.002764s)
[2016.11.25-13.54.06:885][231]LogPlayLevel: PIE: Created PIE world by copying editor world from /Game/StarterContent/Maps/Minimal_Default.Minimal_Default to /Game/StarterContent/Maps/UEDPIE_0_Minimal_Default.Minimal_Default (0.012270s)
[2016.11.25-13.54.06:938][231]LogInit: XAudio2 using 'Alto-falantes (2- Dispositivo de High Definition Audio)' : 2 channels at 44.1 kHz using 16 bits per sample (channel mask 0x3)
[2016.11.25-13.54.06:946][231]LogInit: FAudioDevice initialized.
[2016.11.25-13.54.06:983][231]LogWorld: Game class is 'TutGameMode_C'
[2016.11.25-13.54.06:986][231]LogWorld: Bringing World /Game/StarterContent/Maps/UEDPIE_0_Minimal_Default.Minimal_Default up for play (max tick rate 0) at 2016.11.25-11.54.06
[2016.11.25-13.54.06:987][231]LogWorld: Bringing up level for play took: 0.002971
[2016.11.25-13.54.06:988][231]LogGameMode:Display: Match State Changed from EnteringMap to WaitingToStart
[2016.11.25-13.54.06:988][231]LogGameState: Match State Changed from EnteringMap to WaitingToStart
[2016.11.25-13.54.06:988][231]LogGameMode:Display: Match State Changed from WaitingToStart to InProgress
[2016.11.25-13.54.06:992][231]LogGameState: Match State Changed from WaitingToStart to InProgress
[2016.11.25-13.54.06:994][231]PIE: Info Play in editor start time for /Game/StarterContent/Maps/UEDPIE_0_Minimal_Default 0.729
[2016.11.25-13.54.06:994][231]LogBlueprintUserMessages: Late PlayInEditor Detection: Level '/Game/StarterContent/Maps/Minimal_Default.Minimal_Default:PersistentLevel' has LevelScriptBlueprint '/Game/StarterContent/Maps/Minimal_Default.Minimal_Default:PersistentLevel.Minimal_Default' with GeneratedClass '/Game/StarterContent/Maps/Minimal_Default.Minimal_Default_C' with ClassGeneratedBy '/Game/StarterContent/Maps/Minimal_Default.Minimal_Default:PersistentLevel.Minimal_Default'
[2016.11.25-13.54.08:867][435]LogBlueprintUserMessages: Early EndPlayMap Detection: Level '/Game/StarterContent/Maps/Minimal_Default.Minimal_Default:PersistentLevel' has LevelScriptBlueprint '/Game/StarterContent/Maps/Minimal_Default.Minimal_Default:PersistentLevel.Minimal_Default' with GeneratedClass '/Game/StarterContent/Maps/Minimal_Default.Minimal_Default_C' with ClassGeneratedBy '/Game/StarterContent/Maps/Minimal_Default.Minimal_Default:PersistentLevel.Minimal_Default'
[2016.11.25-13.54.08:914][435]LogBlueprintUserMessages: Late EndPlayMap Detection: Level '/Game/StarterContent/Maps/Minimal_Default.Minimal_Default:PersistentLevel' has LevelScriptBlueprint '/Game/StarterContent/Maps/Minimal_Default.Minimal_Default:PersistentLevel.Minimal_Default' with GeneratedClass '/Game/StarterContent/Maps/Minimal_Default.Minimal_Default_C' with ClassGeneratedBy '/Game/StarterContent/Maps/Minimal_Default.Minimal_Default:PersistentLevel.Minimal_Default'
[2016.11.25-13.54.15:986][272]BlueprintLog: New page: Compile MyHUD
[2016.11.25-13.59.58:661][579]LogEditorTransaction: Undo Move Nodes
[2016.11.25-14.02.17:135][880]BlueprintLog: New page: Compile GameHUD
[2016.11.25-14.03.16:208][354]LogFileHelpers: Editor autosave (incl. sublevels) for '/Game/StarterContent/Maps/Minimal_Default' took 0.040
[2016.11.25-14.03.16:240][354]OBJ SavePackage: Generating thumbnails for [0] asset(s) in package [/Game/Actors/Protagonist/UMGs/GameHUD] ([1] browsable assets)...
[2016.11.25-14.03.16:240][354]OBJ SavePackage: Finished generating thumbnails for package [/Game/Actors/Protagonist/UMGs/GameHUD]
[2016.11.25-14.03.16:240][354]Cmd: OBJ SAVEPACKAGE PACKAGE="/Game/Actors/Protagonist/UMGs/GameHUD" FILE="../../../../../MyProject/Saved/Autosaves/Game/Actors/Protagonist/UMGs/GameHUD_Auto2.uasset" SILENT=false AUTOSAVING=true
[2016.11.25-14.03.16:343][354]LogSavePackage: Save=50.72ms
[2016.11.25-14.03.16:343][354]LogSavePackage: Moving '../../../../../MyProject/Saved/GameHUD_Auto2E87AED33428396909245E6AB6DB9A3D1.tmp' to '../../../../../MyProject/Saved/Autosaves/Game/Actors/Protagonist/UMGs/GameHUD_Auto2.uasset'
[2016.11.25-14.03.16:360][354]LogSavePackage:Display: Finished SavePackage ../../../../../MyProject/Saved/Autosaves/Game/Actors/Protagonist/UMGs/GameHUD_Auto2.uasset
[2016.11.25-14.03.16:371][354]OBJ SavePackage: Generating thumbnails for [0] asset(s) in package [/Game/Actors/Protagonist/BluePrint/MyHUD] ([1] browsable assets)...
[2016.11.25-14.03.16:382][354]OBJ SavePackage: Finished generating thumbnails for package [/Game/Actors/Protagonist/BluePrint/MyHUD]
[2016.11.25-14.03.16:382][354]Cmd: OBJ SAVEPACKAGE PACKAGE="/Game/Actors/Protagonist/BluePrint/MyHUD" FILE="../../../../../MyProject/Saved/Autosaves/Game/Actors/Protagonist/BluePrint/MyHUD_Auto2.uasset" SILENT=false AUTOSAVING=true
[2016.11.25-14.03.16:462][354]LogSavePackage: Save=30.68ms
[2016.11.25-14.03.16:462][354]LogSavePackage: Moving '../../../../../MyProject/Saved/MyHUD_Auto2DB9EEF534CE7E99AB1E60EB1398E7BE6.tmp' to '../../../../../MyProject/Saved/Autosaves/Game/Actors/Protagonist/BluePrint/MyHUD_Auto2.uasset'
[2016.11.25-14.03.16:477][354]LogSavePackage:Display: Finished SavePackage ../../../../../MyProject/Saved/Autosaves/Game/Actors/Protagonist/BluePrint/MyHUD_Auto2.uasset
[2016.11.25-14.03.16:477][354]LogFileHelpers: Auto-saving content packages took 0.267
[2016.11.25-14.09.34:918][303]BlueprintLog: New page: Compile GameHUD
[2016.11.25-14.13.36:169][408]LogFileHelpers: Editor autosave (incl. sublevels) for '/Game/StarterContent/Maps/Minimal_Default' took 0.074
[2016.11.25-14.13.36:171][408]OBJ SavePackage: Generating thumbnails for [0] asset(s) in package [/Game/Actors/Protagonist/UMGs/GameHUD] ([1] browsable assets)...
[2016.11.25-14.13.36:171][408]OBJ SavePackage: Finished generating thumbnails for package [/Game/Actors/Protagonist/UMGs/GameHUD]
[2016.11.25-14.13.36:171][408]Cmd: OBJ SAVEPACKAGE PACKAGE="/Game/Actors/Protagonist/UMGs/GameHUD" FILE="../../../../../MyProject/Saved/Autosaves/Game/Actors/Protagonist/UMGs/GameHUD_Auto3.uasset" SILENT=false AUTOSAVING=true
[2016.11.25-14.13.36:252][408]LogSavePackage: Save=70.29ms
[2016.11.25-14.13.36:252][408]LogSavePackage: Moving '../../../../../MyProject/Saved/GameHUD_Auto3FC56CAEE4E0975EE629BE79DD86B1BD4.tmp' to '../../../../../MyProject/Saved/Autosaves/Game/Actors/Protagonist/UMGs/GameHUD_Auto3.uasset'
[2016.11.25-14.13.36:270][408]LogSavePackage:Display: Finished SavePackage ../../../../../MyProject/Saved/Autosaves/Game/Actors/Protagonist/UMGs/GameHUD_Auto3.uasset
[2016.11.25-14.13.36:270][408]LogFileHelpers: Auto-saving content packages took 0.100
[2016.11.25-14.15.59:569][310]BlueprintLog: New page: Compile GameHUD
[2016.11.25-14.16.00:250][340]Cmd: OBJ SAVEPACKAGE PACKAGE="/Game/Actors/Protagonist/UMGs/GameHUD" FILE="../../../../../MyProject/Content/Actors/Protagonist/UMGs/GameHUD.uasset" SILENT=true
[2016.11.25-14.16.00:326][340]LogSavePackage: Save=72.19ms
[2016.11.25-14.16.00:326][340]LogSavePackage: Moving '../../../../../MyProject/Saved/GameHUD435C782C4D51AA6E2FE0298AC6B7178A.tmp' to '../../../../../MyProject/Content/Actors/Protagonist/UMGs/GameHUD.uasset'
[2016.11.25-14.16.00:330][340]LogSavePackage:Display: Finished SavePackage ../../../../../MyProject/Content/Actors/Protagonist/UMGs/GameHUD.uasset
[2016.11.25-14.16.03:533][449]Cmd: OBJ SAVEPACKAGE PACKAGE="/Game/Actors/Protagonist/BluePrint/MyHUD" FILE="../../../../../MyProject/Content/Actors/Protagonist/BluePrint/MyHUD.uasset" SILENT=true
[2016.11.25-14.16.03:592][449]LogSavePackage: Save=12.46ms
[2016.11.25-14.16.03:592][449]LogSavePackage: Moving '../../../../../MyProject/Saved/MyHUD1CCE9DEB46211CCB1D30AEA0F1143227.tmp' to '../../../../../MyProject/Content/Actors/Protagonist/BluePrint/MyHUD.uasset'
[2016.11.25-14.16.03:599][449]LogSavePackage:Display: Finished SavePackage ../../../../../MyProject/Content/Actors/Protagonist/BluePrint/MyHUD.uasset
[2016.11.25-14.16.07:817][706]LogBlueprintUserMessages: Early PlayInEditor Detection: Level '/Game/StarterContent/Maps/Minimal_Default.Minimal_Default:PersistentLevel' has LevelScriptBlueprint '/Game/StarterContent/Maps/Minimal_Default.Minimal_Default:PersistentLevel.Minimal_Default' with GeneratedClass '/Game/StarterContent/Maps/Minimal_Default.Minimal_Default_C' with ClassGeneratedBy '/Game/StarterContent/Maps/Minimal_Default.Minimal_Default:PersistentLevel.Minimal_Default'
[2016.11.25-14.16.07:817][706]LogPlayLevel: PlayLevel: No blueprints needed recompiling
[2016.11.25-14.16.07:832][706]PIE: New page: PIE session: Minimal_Default (Nov 25, 2016, 9:16:07 AM)
[2016.11.25-14.16.07:832][706]LogPlayLevel: Creating play world package: /Game/StarterContent/Maps/UEDPIE_0_Minimal_Default
[2016.11.25-14.16.07:841][706]LogPlayLevel: PIE: StaticDuplicateObject took: (0.008860s)
[2016.11.25-14.16.07:842][706]LogAIModule: Creating AISystem for world Minimal_Default
[2016.11.25-14.16.07:843][706]LogPlayLevel: PIE: World Init took: (0.001827s)
[2016.11.25-14.16.07:843][706]LogPlayLevel: PIE: Created PIE world by copying editor world from /Game/StarterContent/Maps/Minimal_Default.Minimal_Default to /Game/StarterContent/Maps/UEDPIE_0_Minimal_Default.Minimal_Default (0.011013s)
[2016.11.25-14.16.07:883][706]LogInit: XAudio2 using 'Alto-falantes (2- Dispositivo de High Definition Audio)' : 2 channels at 44.1 kHz using 16 bits per sample (channel mask 0x3)
[2016.11.25-14.16.07:892][706]LogInit: FAudioDevice initialized.
[2016.11.25-14.16.07:935][706]LogWorld: Game class is 'TutGameMode_C'
[2016.11.25-14.16.07:938][706]LogWorld: Bringing World /Game/StarterContent/Maps/UEDPIE_0_Minimal_Default.Minimal_Default up for play (max tick rate 0) at 2016.11.25-12.16.07
[2016.11.25-14.16.07:938][706]LogWorld: Bringing up level for play took: 0.002748
[2016.11.25-14.16.07:939][706]LogGameMode:Display: Match State Changed from EnteringMap to WaitingToStart
[2016.11.25-14.16.07:939][706]LogGameState: Match State Changed from EnteringMap to WaitingToStart
[2016.11.25-14.16.07:939][706]LogGameMode:Display: Match State Changed from WaitingToStart to InProgress
[2016.11.25-14.16.07:959][706]LogGameState: Match State Changed from WaitingToStart to InProgress
[2016.11.25-14.16.07:963][706]PIE: Info Play in editor start time for /Game/StarterContent/Maps/UEDPIE_0_Minimal_Default -0.301
[2016.11.25-14.16.07:964][706]LogBlueprintUserMessages: Late PlayInEditor Detection: Level '/Game/StarterContent/Maps/Minimal_Default.Minimal_Default:PersistentLevel' has LevelScriptBlueprint '/Game/StarterContent/Maps/Minimal_Default.Minimal_Default:PersistentLevel.Minimal_Default' with GeneratedClass '/Game/StarterContent/Maps/Minimal_Default.Minimal_Default_C' with ClassGeneratedBy '/Game/StarterContent/Maps/Minimal_Default.Minimal_Default:PersistentLevel.Minimal_Default'
[2016.11.25-14.16.14:581][244]LogBlueprintUserMessages: Early EndPlayMap Detection: Level '/Game/StarterContent/Maps/Minimal_Default.Minimal_Default:PersistentLevel' has LevelScriptBlueprint '/Game/StarterContent/Maps/Minimal_Default.Minimal_Default:PersistentLevel.Minimal_Default' with GeneratedClass '/Game/StarterContent/Maps/Minima