Log file open, 11/17/16 23:32:40
LogInit:Display: Running engine for game: MyProject
LogPlatformFile: Not using cached read wrapper
LogInit:Display: RandInit(1989769557) SRandInit(1989769557).
LogTaskGraph: Started task graph with 5 named threads and 8 total threads with 1 sets of task threads.
LogStats: Stats thread started at 0.083721
LogPluginManager: Loaded Plugin Paper2D, From D:/EpicGames/Unreal Engine/4.13/Engine/Plugins/2D/Paper2D/Paper2D.uplugin
LogPluginManager: Loaded Plugin LightPropagationVolume, From D:/EpicGames/Unreal Engine/4.13/Engine/Plugins/Blendables/LightPropagationVolume/LightPropagationVolume.uplugin
LogPluginManager: Loaded Plugin BlankPlugin, From D:/EpicGames/Unreal Engine/4.13/Engine/Plugins/Developer/BlankPlugin/BlankPlugin.uplugin
LogPluginManager: Loaded Plugin CodeLiteSourceCodeAccess, From D:/EpicGames/Unreal Engine/4.13/Engine/Plugins/Developer/CodeLiteSourceCodeAccess/CodeLiteSourceCodeAccess.uplugin
LogPluginManager: Loaded Plugin GitSourceControl, From D:/EpicGames/Unreal Engine/4.13/Engine/Plugins/Developer/GitSourceControl/GitSourceControl.uplugin
LogPluginManager: Loaded Plugin KDevelopSourceCodeAccess, From D:/EpicGames/Unreal Engine/4.13/Engine/Plugins/Developer/KDevelopSourceCodeAccess/KDevelopSourceCodeAccess.uplugin
LogPluginManager: Loaded Plugin NullSourceCodeAccess, From D:/EpicGames/Unreal Engine/4.13/Engine/Plugins/Developer/NullSourceCodeAccess/NullSourceCodeAccess.uplugin
LogPluginManager: Loaded Plugin OneSkyLocalizationService, From D:/EpicGames/Unreal Engine/4.13/Engine/Plugins/Developer/OneSkyLocalizationService/OneSkyLocalizationService.uplugin
LogPluginManager: Loaded Plugin PerforceSourceControl, From D:/EpicGames/Unreal Engine/4.13/Engine/Plugins/Developer/PerforceSourceControl/PerforceSourceControl.uplugin
LogPluginManager: Loaded Plugin SubversionSourceControl, From D:/EpicGames/Unreal Engine/4.13/Engine/Plugins/Developer/SubversionSourceControl/SubversionSourceControl.uplugin
LogPluginManager: Loaded Plugin UObjectPlugin, From D:/EpicGames/Unreal Engine/4.13/Engine/Plugins/Developer/UObjectPlugin/UObjectPlugin.uplugin
LogPluginManager: Loaded Plugin VisualStudioSourceCodeAccess, From D:/EpicGames/Unreal Engine/4.13/Engine/Plugins/Developer/VisualStudioSourceCodeAccess/VisualStudioSourceCodeAccess.uplugin
LogPluginManager: Loaded Plugin XCodeSourceCodeAccess, From D:/EpicGames/Unreal Engine/4.13/Engine/Plugins/Developer/XCodeSourceCodeAccess/XCodeSourceCodeAccess.uplugin
LogPluginManager: Loaded Plugin EpicSurvey, From D:/EpicGames/Unreal Engine/4.13/Engine/Plugins/Editor/EpicSurvey/EpicSurvey.uplugin
LogPluginManager: Loaded Plugin MacGraphicsSwitching, From D:/EpicGames/Unreal Engine/4.13/Engine/Plugins/Editor/MacGraphicsSwitching/MacGraphicsSwitching.uplugin
LogPluginManager: Loaded Plugin MobileLauncherProfileWizard, From D:/EpicGames/Unreal Engine/4.13/Engine/Plugins/Editor/MobileLauncherProfileWizard/MobileLauncherProfileWizard.uplugin
LogPluginManager: Loaded Plugin PluginBrowser, From D:/EpicGames/Unreal Engine/4.13/Engine/Plugins/Editor/PluginBrowser/PluginBrowser.uplugin
LogPluginManager: Loaded Plugin SpeedTreeImporter, From D:/EpicGames/Unreal Engine/4.13/Engine/Plugins/Editor/SpeedTreeImporter/SpeedTreeImporter.uplugin
LogPluginManager: Loaded Plugin SuperSearchEditor, From D:/EpicGames/Unreal Engine/4.13/Engine/Plugins/Editor/SuperSearchEditor/SuperSearchEditor.uplugin
LogPluginManager: Loaded Plugin AlembicImporter, From D:/EpicGames/Unreal Engine/4.13/Engine/Plugins/Experimental/AlembicImporter/AlembicImporter.uplugin
LogPluginManager: Loaded Plugin BlueprintStats, From D:/EpicGames/Unreal Engine/4.13/Engine/Plugins/Experimental/BlueprintStats/BlueprintStats.uplugin
LogPluginManager: Loaded Plugin CharacterAI, From D:/EpicGames/Unreal Engine/4.13/Engine/Plugins/Experimental/CharacterAI/CharacterAI.uplugin
LogPluginManager: Loaded Plugin CodeEditor, From D:/EpicGames/Unreal Engine/4.13/Engine/Plugins/Experimental/CodeEditor/CodeEditor.uplugin
LogPluginManager: Loaded Plugin CodeView, From D:/EpicGames/Unreal Engine/4.13/Engine/Plugins/Experimental/CodeView/CodeView.uplugin
LogPluginManager: Loaded Plugin HTML5Networking, From D:/EpicGames/Unreal Engine/4.13/Engine/Plugins/Experimental/HTML5Networking/HTML5Networking.uplugin
LogPluginManager: Loaded Plugin LiveEditor, From D:/EpicGames/Unreal Engine/4.13/Engine/Plugins/Experimental/LiveEditor/LiveEditor.uplugin
LogPluginManager: Loaded Plugin OSVR, From D:/EpicGames/Unreal Engine/4.13/Engine/Plugins/Experimental/OSVR/OSVR.uplugin
LogPluginManager: Loaded Plugin Phya, From D:/EpicGames/Unreal Engine/4.13/Engine/Plugins/Experimental/Phya/Phya.uplugin
LogPluginManager: Loaded Plugin SignificanceManager, From D:/EpicGames/Unreal Engine/4.13/Engine/Plugins/Experimental/SignificanceManager/SignificanceManager.uplugin
LogPluginManager: Loaded Plugin SimpleHMD, From D:/EpicGames/Unreal Engine/4.13/Engine/Plugins/Experimental/SimpleHMD/SimpleHMD.uplugin
LogPluginManager: Loaded Plugin StereoPanorama, From D:/EpicGames/Unreal Engine/4.13/Engine/Plugins/Experimental/StereoPanorama/StereoPanorama.uplugin
LogPluginManager: Loaded Plugin StructBox, From D:/EpicGames/Unreal Engine/4.13/Engine/Plugins/Experimental/StructBox/StructBox.uplugin
LogPluginManager: Loaded Plugin AndroidMedia, From D:/EpicGames/Unreal Engine/4.13/Engine/Plugins/Media/AndroidMedia/AndroidMedia.uplugin
LogPluginManager: Loaded Plugin AvfMedia, From D:/EpicGames/Unreal Engine/4.13/Engine/Plugins/Media/AvfMedia/AvfMedia.uplugin
LogPluginManager: Loaded Plugin MediaPlayerEditor, From D:/EpicGames/Unreal Engine/4.13/Engine/Plugins/Media/MediaPlayerEditor/MediaPlayerEditor.uplugin
LogPluginManager: Loaded Plugin WmfMedia, From D:/EpicGames/Unreal Engine/4.13/Engine/Plugins/Media/WmfMedia/WmfMedia.uplugin
LogPluginManager: Loaded Plugin MessagingDebugger, From D:/EpicGames/Unreal Engine/4.13/Engine/Plugins/Messaging/MessagingDebugger/MessagingDebugger.uplugin
LogPluginManager: Loaded Plugin TcpMessaging, From D:/EpicGames/Unreal Engine/4.13/Engine/Plugins/Messaging/TcpMessaging/TcpMessaging.uplugin
LogPluginManager: Loaded Plugin UdpMessaging, From D:/EpicGames/Unreal Engine/4.13/Engine/Plugins/Messaging/UdpMessaging/UdpMessaging.uplugin
LogPluginManager: Loaded Plugin LevelSequenceEditor, From D:/EpicGames/Unreal Engine/4.13/Engine/Plugins/MovieScene/LevelSequenceEditor/LevelSequenceEditor.uplugin
LogPluginManager: Loaded Plugin MatineeToLevelSequence, From D:/EpicGames/Unreal Engine/4.13/Engine/Plugins/MovieScene/MatineeToLevelSequence/MatineeToLevelSequence.uplugin
LogPluginManager: Loaded Plugin NetcodeUnitTest, From D:/EpicGames/Unreal Engine/4.13/Engine/Plugins/NetcodeUnitTest/NetcodeUnitTest/NetcodeUnitTest.uplugin
LogPluginManager: Loaded Plugin NUTUnrealEngine4, From D:/EpicGames/Unreal Engine/4.13/Engine/Plugins/NetcodeUnitTest/NUTUnrealEngine4/NUTUnrealEngine4.uplugin
LogPluginManager: Loaded Plugin OnlineSubsystemGooglePlay, From D:/EpicGames/Unreal Engine/4.13/Engine/Plugins/Online/Android/OnlineSubsystemGooglePlay/OnlineSubsystemGooglePlay.uplugin
LogPluginManager: Loaded Plugin OnlineSubsystemIOS, From D:/EpicGames/Unreal Engine/4.13/Engine/Plugins/Online/IOS/OnlineSubsystemIOS/OnlineSubsystemIOS.uplugin
LogPluginManager: Loaded Plugin OnlineFramework, From D:/EpicGames/Unreal Engine/4.13/Engine/Plugins/Online/OnlineFramework/OnlineFramework.uplugin
LogPluginManager: Loaded Plugin OnlineSubsystem, From D:/EpicGames/Unreal Engine/4.13/Engine/Plugins/Online/OnlineSubsystem/OnlineSubsystem.uplugin
LogPluginManager: Loaded Plugin OnlineSubsystemAmazon, From D:/EpicGames/Unreal Engine/4.13/Engine/Plugins/Online/OnlineSubsystemAmazon/OnlineSubsystemAmazon.uplugin
LogPluginManager: Loaded Plugin OnlineSubsystemFacebook, From D:/EpicGames/Unreal Engine/4.13/Engine/Plugins/Online/OnlineSubsystemFacebook/OnlineSubsystemFacebook.uplugin
LogPluginManager: Loaded Plugin OnlineSubsystemNull, From D:/EpicGames/Unreal Engine/4.13/Engine/Plugins/Online/OnlineSubsystemNull/OnlineSubsystemNull.uplugin
LogPluginManager: Loaded Plugin OnlineSubsystemOculus, From D:/EpicGames/Unreal Engine/4.13/Engine/Plugins/Online/OnlineSubsystemOculus/OnlineSubsystemOculus.uplugin
LogPluginManager: Loaded Plugin OnlineSubsystemSteam, From D:/EpicGames/Unreal Engine/4.13/Engine/Plugins/Online/OnlineSubsystemSteam/OnlineSubsystemSteam.uplugin
LogPluginManager: Loaded Plugin OnlineSubsystemUtils, From D:/EpicGames/Unreal Engine/4.13/Engine/Plugins/Online/OnlineSubsystemUtils/OnlineSubsystemUtils.uplugin
LogPluginManager: Loaded Plugin IOSTapJoy, From D:/EpicGames/Unreal Engine/4.13/Engine/Plugins/Runtime/Advertising/IOSTapJoy/IOSTapJoy.uplugin
LogPluginManager: Loaded Plugin AnalyticsBlueprintLibrary, From D:/EpicGames/Unreal Engine/4.13/Engine/Plugins/Runtime/Analytics/AnalyticsBlueprintLibrary/AnalyticsBlueprintLibrary.uplugin
LogPluginManager: Loaded Plugin AnalyticsMulticast, From D:/EpicGames/Unreal Engine/4.13/Engine/Plugins/Runtime/Analytics/AnalyticsMulticast/AnalyticsMulticast.uplugin
LogPluginManager: Loaded Plugin Apsalar, From D:/EpicGames/Unreal Engine/4.13/Engine/Plugins/Runtime/Analytics/Apsalar/Apsalar.uplugin
LogPluginManager: Loaded Plugin FileLogging, From D:/EpicGames/Unreal Engine/4.13/Engine/Plugins/Runtime/Analytics/FileLogging/FileLogging.uplugin
LogPluginManager: Loaded Plugin Flurry, From D:/EpicGames/Unreal Engine/4.13/Engine/Plugins/Runtime/Analytics/Flurry/Flurry.uplugin
LogPluginManager: Loaded Plugin AndroidDeviceProfileSelector, From D:/EpicGames/Unreal Engine/4.13/Engine/Plugins/Runtime/AndroidDeviceProfileSelector/AndroidDeviceProfileSelector.uplugin
LogPluginManager: Loaded Plugin AndroidMoviePlayer, From D:/EpicGames/Unreal Engine/4.13/Engine/Plugins/Runtime/AndroidMoviePlayer/AndroidMoviePlayer.uplugin
LogPluginManager: Loaded Plugin AppleMoviePlayer, From D:/EpicGames/Unreal Engine/4.13/Engine/Plugins/Runtime/AppleMoviePlayer/AppleMoviePlayer.uplugin
LogPluginManager: Loaded Plugin ArchVisCharacter, From D:/EpicGames/Unreal Engine/4.13/Engine/Plugins/Runtime/ArchVisCharacter/ArchVisCharacter.uplugin
LogPluginManager: Loaded Plugin CableComponent, From D:/EpicGames/Unreal Engine/4.13/Engine/Plugins/Runtime/CableComponent/CableComponent.uplugin
LogPluginManager: Loaded Plugin CustomMeshComponent, From D:/EpicGames/Unreal Engine/4.13/Engine/Plugins/Runtime/CustomMeshComponent/CustomMeshComponent.uplugin
LogPluginManager: Loaded Plugin ExampleDeviceProfileSelector, From D:/EpicGames/Unreal Engine/4.13/Engine/Plugins/Runtime/ExampleDeviceProfileSelector/ExampleDeviceProfileSelector.uplugin
LogPluginManager: Loaded Plugin GearVR, From D:/EpicGames/Unreal Engine/4.13/Engine/Plugins/Runtime/GearVR/GearVR.uplugin
LogPluginManager: Loaded Plugin GoogleVRController, From D:/EpicGames/Unreal Engine/4.13/Engine/Plugins/Runtime/GoogleVR/GoogleVRController/GoogleVRController.uplugin
LogPluginManager: Loaded Plugin GoogleVRHMD, From D:/EpicGames/Unreal Engine/4.13/Engine/Plugins/Runtime/GoogleVR/GoogleVRHMD/GoogleVRHMD.uplugin
LogPluginManager: Loaded Plugin IOSDeviceProfileSelector, From D:/EpicGames/Unreal Engine/4.13/Engine/Plugins/Runtime/IOSDeviceProfileSelector/IOSDeviceProfileSelector.uplugin
LogPluginManager: Loaded Plugin LeapMotion, From D:/EpicGames/Unreal Engine/4.13/Engine/Plugins/Runtime/LeapMotion/LeapMotion.uplugin
LogPluginManager: Loaded Plugin LinuxDeviceProfileSelector, From D:/EpicGames/Unreal Engine/4.13/Engine/Plugins/Runtime/LinuxDeviceProfileSelector/LinuxDeviceProfileSelector.uplugin
LogPluginManager: Loaded Plugin LiveEditorListenServer, From D:/EpicGames/Unreal Engine/4.13/Engine/Plugins/Runtime/LiveEditorListenServer/LiveEditorListenServer.uplugin
LogPluginManager: Loaded Plugin OculusAudio, From D:/EpicGames/Unreal Engine/4.13/Engine/Plugins/Runtime/OculusAudio/OculusAudio.uplugin
LogPluginManager: Loaded Plugin OculusInput, From D:/EpicGames/Unreal Engine/4.13/Engine/Plugins/Runtime/OculusInput/OculusInput.uplugin
LogPluginManager: Loaded Plugin OculusLibrary, From D:/EpicGames/Unreal Engine/4.13/Engine/Plugins/Runtime/OculusLibrary/OculusLibrary.uplugin
LogPluginManager: Loaded Plugin OculusRift, From D:/EpicGames/Unreal Engine/4.13/Engine/Plugins/Runtime/OculusRift/OculusRift.uplugin
LogPluginManager: Loaded Plugin Oodle, From D:/EpicGames/Unreal Engine/4.13/Engine/Plugins/Runtime/PacketHandlers/CompressionComponents/Oodle/Oodle.uplugin
LogPluginManager: Loaded Plugin ProceduralMeshComponent, From D:/EpicGames/Unreal Engine/4.13/Engine/Plugins/Runtime/ProceduralMeshComponent/ProceduralMeshComponent.uplugin
LogPluginManager: Loaded Plugin SoundMod, From D:/EpicGames/Unreal Engine/4.13/Engine/Plugins/Runtime/SoundMod/SoundMod.uplugin
LogPluginManager: Loaded Plugin SoundVisualizations, From D:/EpicGames/Unreal Engine/4.13/Engine/Plugins/Runtime/SoundVisualizations/SoundVisualizations.uplugin
LogPluginManager: Loaded Plugin SteamController, From D:/EpicGames/Unreal Engine/4.13/Engine/Plugins/Runtime/Steam/SteamController/SteamController.uplugin
LogPluginManager: Loaded Plugin SteamVR, From D:/EpicGames/Unreal Engine/4.13/Engine/Plugins/Runtime/Steam/SteamVR/SteamVR.uplugin
LogPluginManager: Loaded Plugin WebBrowserWidget, From D:/EpicGames/Unreal Engine/4.13/Engine/Plugins/Runtime/WebBrowserWidget/WebBrowserWidget.uplugin
LogPluginManager: Loaded Plugin WindowsDeviceProfileSelector, From D:/EpicGames/Unreal Engine/4.13/Engine/Plugins/Runtime/WindowsDeviceProfileSelector/WindowsDeviceProfileSelector.uplugin
LogPluginManager: Loaded Plugin WindowsMoviePlayer, From D:/EpicGames/Unreal Engine/4.13/Engine/Plugins/Runtime/WindowsMoviePlayer/WindowsMoviePlayer.uplugin
LogPluginManager: Loaded Plugin ScriptPlugin, From D:/EpicGames/Unreal Engine/4.13/Engine/Plugins/ScriptPlugin/ScriptPlugin.uplugin
LogPluginManager: Loaded Plugin SlateRemote, From D:/EpicGames/Unreal Engine/4.13/Engine/Plugins/Slate/SlateRemote/SlateRemote.uplugin
LogInit: Using libcurl 7.47.1
LogInit:  - built for x86_64-pc-win32
LogInit:  - supports SSL with WinSSL
LogInit:  - other features:
LogInit:      CURL_VERSION_SSL
LogInit:      CURL_VERSION_IPV6
LogInit:      CURL_VERSION_ASYNCHDNS
LogInit:      CURL_VERSION_LARGEFILE
LogInit:      CURL_VERSION_IDN
LogInit:  CurlRequestOptions (configurable via config and command line):
LogInit:  - bVerifyPeer = false  - Libcurl will NOT verify peer certificate
LogInit:  - bUseHttpProxy = false  - Libcurl will NOT use HTTP proxy
LogInit:  - bDontReuseConnections = false  - Libcurl will reuse connections
LogInit:  - CertBundlePath = nullptr  - Libcurl will use whatever was configured at build time.
LogInit: Build: ++UE4+Release-4.13-CL-3172292
LogInit: Engine Version: 4.13.2-3172292+++UE4+Release-4.13
LogInit: Compatible Engine Version: 4.13.0-3106830+++UE4+Release-4.13
LogInit: Net CL: 3172292
LogDevObjectVersion: Number of dev versions registered: 13
LogDevObjectVersion:   Dev-Blueprints (B0D832E4-1F89-4F0D-ACCF-7EB736FD4AA2): 5
LogDevObjectVersion:   Dev-Build (E1C64328-A22C-4D53-A36C-8E866417BD8C): 0
LogDevObjectVersion:   Dev-Core (375EC13C-06E4-48FB-B500-84F0262A717E): 1
LogDevObjectVersion:   Dev-Editor (E4B068ED-F494-42E9-A231-DA0B2E46BB41): 6
LogDevObjectVersion:   Dev-Framework (CFFC743F-43B0-4480-9391-14DF171D2073): 12
LogDevObjectVersion:   Dev-Mobile (B02B49B5-BB20-44E9-A304-32B752E40360): 0
LogDevObjectVersion:   Dev-Networking (A4E4105C-59A1-49B5-A7C5-40C4547EDFEE): 0
LogDevObjectVersion:   Dev-Online (39C831C9-5AE6-47DC-9A44-9C173E1C8E7C): 0
LogDevObjectVersion:   Dev-Physics (78F01B33-EBEA-4F98-B9B4-84EACCB95AA2): 0
LogDevObjectVersion:   Dev-Platform (6631380F-2D4D-43E0-8009-CF276956A95A): 0
LogDevObjectVersion:   Dev-Rendering (12F88B9F-8875-4AFC-A67C-D90C383ABD29): 4
LogDevObjectVersion:   Dev-Sequencer (7B5AE74C-D270-4C10-A958-57980B212A5A): 0
LogDevObjectVersion:   Dev-VR (D7296918-1DD6-4BDD-9DE2-64A83CC13884): 0
LogInit: Compiled (64-bit): Oct 24 2016 14:29:06
LogInit: Compiled with Visual C++: 19.00.23026.00
LogInit: Build Configuration: Development
LogInit: Branch Name: ++UE4+Release-4.13
LogInit: Command line:  -game
LogInit: Base directory: D:/EpicGames/Unreal Engine/4.13/Engine/Binaries/Win64/
LogInit: Installed Engine Build: 1
LogInit: Presizing for max 8388607 objects, including 0 objects not considered by GC, pre-allocating 0 bytes for permanent pool.
LogInit: Object subsystem initialized
[2016.11.18-01.32.40:780][  0]LogInit: Selected Device Profile: [Windows]
[2016.11.18-01.32.40:780][  0]LogInit: Applying CVar settings loaded from the selected device profile: [Windows]
[2016.11.18-01.32.40:789][  0]LogInit: Computer: DESKTOP-HVN9M06
[2016.11.18-01.32.40:789][  0]LogInit: User: Murilo
[2016.11.18-01.32.40:789][  0]LogInit: CPU Page size=65536, Cores=4
[2016.11.18-01.32.40:789][  0]LogInit: High frequency timer resolution =3.417961 MHz
[2016.11.18-01.32.40:789][  0]LogMemory: Memory total: Physical=15.9GB (16GB approx)
[2016.11.18-01.32.40:789][  0]LogMemory: Platform Memory Stats for Windows
[2016.11.18-01.32.40:789][  0]LogMemory: Process Physical Memory: 256.50 MB used, 256.50 MB peak
[2016.11.18-01.32.40:789][  0]LogMemory: Process Virtual Memory: 259.92 MB used, 259.92 MB peak
[2016.11.18-01.32.40:789][  0]LogMemory: Physical Memory: 4885.39 MB used, 16307.66 MB total
[2016.11.18-01.32.40:789][  0]LogMemory: Virtual Memory: 623.04 MB used, 134217728.00 MB total
[2016.11.18-01.32.41:044][  0]LogD3D11RHI: D3D11 adapters:
[2016.11.18-01.32.41:064][  0]LogD3D11RHI:    0. 'AMD Radeon R9 200 Series' (Feature Level 11_0)
[2016.11.18-01.32.41:064][  0]LogD3D11RHI:       3053/0/8153 MB DedicatedVideo/DedicatedSystem/SharedSystem, Outputs:1, VendorId:0x1002
[2016.11.18-01.32.41:066][  0]LogD3D11RHI:    1. 'Microsoft Basic Render Driver' (Feature Level 11_0)
[2016.11.18-01.32.41:066][  0]LogD3D11RHI:       0/0/8153 MB DedicatedVideo/DedicatedSystem/SharedSystem, Outputs:0, VendorId:0x1414
[2016.11.18-01.32.41:066][  0]LogD3D11RHI: Chosen D3D11 Adapter: 0
[2016.11.18-01.32.41:071][  0]LogD3D11RHI: Creating new Direct3DDevice
[2016.11.18-01.32.41:071][  0]LogD3D11RHI:     GPU DeviceId: 0x6798 (for the marketing name, search the web for "GPU Device Id")
[2016.11.18-01.32.41:071][  0]LogWindows: EnumDisplayDevices:
[2016.11.18-01.32.41:071][  0]LogWindows:    0. 'AMD Radeon R9 200 Series' (P:1 D:1)
[2016.11.18-01.32.41:072][  0]LogWindows:    1. 'AMD Radeon R9 200 Series' (P:0 D:0)
[2016.11.18-01.32.41:072][  0]LogWindows:    2. 'AMD Radeon R9 200 Series' (P:0 D:0)
[2016.11.18-01.32.41:073][  0]LogWindows:    3. 'AMD Radeon R9 200 Series' (P:0 D:0)
[2016.11.18-01.32.41:073][  0]LogWindows:    4. 'AMD Radeon R9 200 Series' (P:0 D:0)
[2016.11.18-01.32.41:074][  0]LogWindows:    5. 'AMD Radeon R9 200 Series' (P:0 D:0)
[2016.11.18-01.32.41:074][  0]LogWindows: DebugString: FoundDriverCount:6 
[2016.11.18-01.32.41:074][  0]LogD3D11RHI:     Adapter Name: AMD Radeon R9 200 Series
[2016.11.18-01.32.41:074][  0]LogD3D11RHI:   Driver Version: Crimson 16.11.3 (internal:21.19.160.769, unified:21.19.160.769)
[2016.11.18-01.32.41:074][  0]LogD3D11RHI:      Driver Date: 11-8-2016
[2016.11.18-01.32.41:074][  0]LogRHI: Texture pool is 1361 MB (70% of 1945 MB)
[2016.11.18-01.32.41:083][  0]LogD3D11RHI: Async texture creation enabled
[2016.11.18-01.32.41:095][  0]LogD3D11RHI: GPU Timing Frequency: 27.000000 (Debug: 2 1)
[2016.11.18-01.32.41:096][  0]LogShaderCompilers: Guid format shader working directory is 5 characters bigger than the processId version (../../../../../../Projeto Novo/MyProject/Intermediate/Shaders/WorkingDirectory/11732/).
[2016.11.18-01.32.41:096][  0]LogShaderCompilers: Cleaned the shader compiler working directory 'C:/Users/muril/AppData/Local/Temp/UnrealShaderWorkingDir/744B13F84286944CB943B985592366D8/'.
[2016.11.18-01.32.41:096][  0]LogShaderCompilers:Display: Using Local Shader Compiler.
[2016.11.18-01.32.45:620][  0]LogTemp:Display: Loaded TP WindowsClientTargetPlatform
[2016.11.18-01.32.45:629][  0]LogTemp:Display: Loaded TP WindowsNoEditorTargetPlatform
[2016.11.18-01.32.45:638][  0]LogTemp:Display: Loaded TP WindowsServerTargetPlatform
[2016.11.18-01.32.45:646][  0]LogTemp:Display: Loaded TP WindowsTargetPlatform
[2016.11.18-01.32.45:646][  0]LogTargetPlatformManager:Display: Building Assets For Windows
[2016.11.18-01.32.45:767][  0]LogDerivedDataCache:Display: Max Cache Size: 512 MB
[2016.11.18-01.32.45:821][  0]LogDerivedDataCache: Loaded boot cache 0.05s 62MB C:/Users/muril/AppData/Local/UnrealEngine/4.13/DerivedDataCache/Boot.ddc.
[2016.11.18-01.32.45:821][  0]LogDerivedDataCache:Display: Loaded Boot cache: C:/Users/muril/AppData/Local/UnrealEngine/4.13/DerivedDataCache/Boot.ddc
[2016.11.18-01.32.45:821][  0]LogDerivedDataCache: FDerivedDataBackendGraph:  Pak pak cache file ../../../../../../Projeto Novo/MyProject/DerivedDataCache/DDC.ddp not found, will not use a pak cache.
[2016.11.18-01.32.45:821][  0]LogDerivedDataCache: Unable to find inner node Pak for hierarchical cache Hierarchy.
[2016.11.18-01.32.45:821][  0]LogDerivedDataCache: FDerivedDataBackendGraph:  CompressedPak pak cache file ../../../../../../Projeto Novo/MyProject/DerivedDataCache/Compressed.ddp not found, will not use a pak cache.
[2016.11.18-01.32.45:821][  0]LogDerivedDataCache: Unable to find inner node CompressedPak for hierarchical cache Hierarchy.
[2016.11.18-01.32.45:836][  0]LogDerivedDataCache:Display: Pak cache opened for reading ../../../Engine/DerivedDataCache/Compressed.ddp.
[2016.11.18-01.32.45:849][  0]LogDerivedDataCache: Using Local data cache path C:/Users/muril/AppData/Local/UnrealEngine/Common/DerivedDataCache: Writable
[2016.11.18-01.32.46:091][  0]LogAssetRegistry: FAssetRegistry took 0.0001 seconds to start up
[2016.11.18-01.32.46:122][  0]LogPackageLocalizationCache: Processed 3 localized package path(s) for 2 prioritized culture(s) in 0.030611 seconds
[2016.11.18-01.32.46:141][  0]LogInit: Selected Device Profile: [Windows]
[2016.11.18-01.32.46:142][  0]LogContentStreaming: Texture pool size is 1000.00 MB
[2016.11.18-01.32.46:259][  0]LogMeshUtilities: No automatic mesh reduction module available
[2016.11.18-01.32.46:260][  0]LogMeshUtilities: No automatic mesh merging module available
[2016.11.18-01.32.46:260][  0]LogMeshUtilities: No distributed automatic mesh merging module available
[2016.11.18-01.32.46:331][  0]LogMaterial: Uniform references updated for custom material expression Custom.
[2016.11.18-01.32.46:606][  0]LogNetVersion: GetLocalNetworkVersion: CL: 3106830, ProjectName: myproject, ProjectVersion: , EngineNetworkVersion: 1, GameNetworkVersion: 0, NetworkChecksum: 1879837642
[2016.11.18-01.32.46:625][  0]LogInit: WinSock: version 1.1 (2.2), MaxSocks=32767, MaxUdp=65467
[2016.11.18-01.32.46:819][  0]LogSlate: SlateFontCache - WITH_FREETYPE: 1, WITH_HARFBUZZ: 1
[2016.11.18-01.32.46:819][  0]LogSlate: SlateFontCache - WITH_FREETYPE: 1, WITH_HARFBUZZ: 1
[2016.11.18-01.32.46:929][  0]LogMoviePlayer: Initializing movie player
[2016.11.18-01.32.47:007][  0]LogWindowsMoviePlayer: Unable to load movie: ../../../../../../Projeto Novo/MyProject/Content/Movies/Default_Startup.mp4
[2016.11.18-01.32.47:166][  0]SourceControl: Informações Controle de origem desativado
[2016.11.18-01.32.47:166][  0]SourceControl: Informações Controle de origem desativado
[2016.11.18-01.32.47:186][  0]SourceControl: Informações Controle de origem desativado
[2016.11.18-01.32.47:471][  0]LogUObjectArray: 32656 objects as part of root set at end of initial load.
[2016.11.18-01.32.47:471][  0]LogUObjectAllocator: 7245024 out of 0 bytes used by permanent object pool.
[2016.11.18-01.32.47:471][  0]LogUObjectArray: CloseDisregardForGC: 0/0 objects in disregard for GC pool
[2016.11.18-01.32.47:529][  0]LogEngine: Initializing Engine...
[2016.11.18-01.32.47:530][  0]LogHMD: Failed to initialize OpenVR with code 110
[2016.11.18-01.32.47:672][  0]LogInit: XAudio2 using 'Alto-falantes (Dispositivo de High Definition Audio)' : 2 channels at 48 kHz using 16 bits per sample (channel mask 0x3)
[2016.11.18-01.32.47:690][  0]LogInit: FAudioDevice initialized.
[2016.11.18-01.32.47:723][  0]LogDerivedDataCache: Saved boot cache 0.03s 62MB C:/Users/muril/AppData/Local/UnrealEngine/4.13/DerivedDataCache/Boot.ddc.
[2016.11.18-01.32.47:729][  0]LogInit: Texture streaming: Enabled
[2016.11.18-01.32.47:873][  0]LogInit:Display: Game Engine Initialized.
[2016.11.18-01.32.47:975][  0]LogInit:Display: Starting Game.
[2016.11.18-01.32.47:976][  0]LogNet: Browse: /Game/StarterContent/Maps/Minimal_Default?Name=Player
[2016.11.18-01.32.47:976][  0]LogLoad: LoadMap: /Game/StarterContent/Maps/Minimal_Default?Name=Player
[2016.11.18-01.32.48:001][  0]LogMemory: Platform Memory Stats for Windows
[2016.11.18-01.32.48:001][  0]LogMemory: Process Physical Memory: 600.85 MB used, 628.93 MB peak
[2016.11.18-01.32.48:001][  0]LogMemory: Process Virtual Memory: 705.25 MB used, 705.25 MB peak
[2016.11.18-01.32.48:001][  0]LogMemory: Physical Memory: 5196.65 MB used, 16307.66 MB total
[2016.11.18-01.32.48:001][  0]LogMemory: Virtual Memory: 1340.54 MB used, 134217728.00 MB total
[2016.11.18-01.32.48:001][  0]LogMemory: 
[2016.11.18-01.32.48:001][  0]Allocator Stats for TBB: (not implemented)
[2016.11.18-01.32.48:223][  0]LogAIModule: Creating AISystem for world Minimal_Default
[2016.11.18-01.32.48:223][  0]LogWorld: Game class is 'GameMode'
[2016.11.18-01.32.48:225][  0]LogWorld: Bringing World /Game/StarterContent/Maps/Minimal_Default.Minimal_Default up for play (max tick rate 0) at 2016.11.17-23.32.48
[2016.11.18-01.32.48:225][  0]LogWorld: Bringing up level for play took: 0.001530
[2016.11.18-01.32.48:226][  0]LogGameMode:Display: Match State Changed from EnteringMap to WaitingToStart
[2016.11.18-01.32.48:226][  0]LogGameState: Match State Changed from EnteringMap to WaitingToStart
[2016.11.18-01.32.48:226][  0]LogGameMode:Display: Match State Changed from WaitingToStart to InProgress
[2016.11.18-01.32.48:227][  0]LogGameState: Match State Changed from WaitingToStart to InProgress
[2016.11.18-01.32.48:227][  0]LogLoad: Took 0.251155 seconds to LoadMap(/Game/StarterContent/Maps/Minimal_Default)
[2016.11.18-01.32.48:449][  0]LogLoad: (Engine Initialization) Total time: 8.94 seconds
[2016.11.18-01.32.48:449][  0]LogLoad: (Engine Initialization) Total Blueprint compile time: 0.04 seconds
[2016.11.18-01.32.48:449]