Log file open, 11/17/16 10:20:19
LogInit:Display: Running engine for game: MyProject
LogPlatformFile: Not using cached read wrapper
LogInit:Display: RandInit(1590284332) SRandInit(1590284332).
LogTaskGraph: Started task graph with 5 named threads and 6 total threads with 1 sets of task threads.
LogStats: Stats thread started at 4.451482
LogPluginManager: Loaded Plugin Paper2D, From D:/Epic Games/4.13/Engine/Plugins/2D/Paper2D/Paper2D.uplugin
LogPluginManager: Loaded Plugin LightPropagationVolume, From D:/Epic Games/4.13/Engine/Plugins/Blendables/LightPropagationVolume/LightPropagationVolume.uplugin
LogPluginManager: Loaded Plugin BlankPlugin, From D:/Epic Games/4.13/Engine/Plugins/Developer/BlankPlugin/BlankPlugin.uplugin
LogPluginManager: Loaded Plugin CodeLiteSourceCodeAccess, From D:/Epic Games/4.13/Engine/Plugins/Developer/CodeLiteSourceCodeAccess/CodeLiteSourceCodeAccess.uplugin
LogPluginManager: Loaded Plugin GitSourceControl, From D:/Epic Games/4.13/Engine/Plugins/Developer/GitSourceControl/GitSourceControl.uplugin
LogPluginManager: Loaded Plugin KDevelopSourceCodeAccess, From D:/Epic Games/4.13/Engine/Plugins/Developer/KDevelopSourceCodeAccess/KDevelopSourceCodeAccess.uplugin
LogPluginManager: Loaded Plugin NullSourceCodeAccess, From D:/Epic Games/4.13/Engine/Plugins/Developer/NullSourceCodeAccess/NullSourceCodeAccess.uplugin
LogPluginManager: Loaded Plugin OneSkyLocalizationService, From D:/Epic Games/4.13/Engine/Plugins/Developer/OneSkyLocalizationService/OneSkyLocalizationService.uplugin
LogPluginManager: Loaded Plugin PerforceSourceControl, From D:/Epic Games/4.13/Engine/Plugins/Developer/PerforceSourceControl/PerforceSourceControl.uplugin
LogPluginManager: Loaded Plugin SubversionSourceControl, From D:/Epic Games/4.13/Engine/Plugins/Developer/SubversionSourceControl/SubversionSourceControl.uplugin
LogPluginManager: Loaded Plugin UObjectPlugin, From D:/Epic Games/4.13/Engine/Plugins/Developer/UObjectPlugin/UObjectPlugin.uplugin
LogPluginManager: Loaded Plugin VisualStudioSourceCodeAccess, From D:/Epic Games/4.13/Engine/Plugins/Developer/VisualStudioSourceCodeAccess/VisualStudioSourceCodeAccess.uplugin
LogPluginManager: Loaded Plugin XCodeSourceCodeAccess, From D:/Epic Games/4.13/Engine/Plugins/Developer/XCodeSourceCodeAccess/XCodeSourceCodeAccess.uplugin
LogPluginManager: Loaded Plugin EpicSurvey, From D:/Epic Games/4.13/Engine/Plugins/Editor/EpicSurvey/EpicSurvey.uplugin
LogPluginManager: Loaded Plugin MacGraphicsSwitching, From D:/Epic Games/4.13/Engine/Plugins/Editor/MacGraphicsSwitching/MacGraphicsSwitching.uplugin
LogPluginManager: Loaded Plugin MobileLauncherProfileWizard, From D:/Epic Games/4.13/Engine/Plugins/Editor/MobileLauncherProfileWizard/MobileLauncherProfileWizard.uplugin
LogPluginManager: Loaded Plugin PluginBrowser, From D:/Epic Games/4.13/Engine/Plugins/Editor/PluginBrowser/PluginBrowser.uplugin
LogPluginManager: Loaded Plugin SpeedTreeImporter, From D:/Epic Games/4.13/Engine/Plugins/Editor/SpeedTreeImporter/SpeedTreeImporter.uplugin
LogPluginManager: Loaded Plugin SuperSearchEditor, From D:/Epic Games/4.13/Engine/Plugins/Editor/SuperSearchEditor/SuperSearchEditor.uplugin
LogPluginManager: Loaded Plugin AlembicImporter, From D:/Epic Games/4.13/Engine/Plugins/Experimental/AlembicImporter/AlembicImporter.uplugin
LogPluginManager: Loaded Plugin BlueprintStats, From D:/Epic Games/4.13/Engine/Plugins/Experimental/BlueprintStats/BlueprintStats.uplugin
LogPluginManager: Loaded Plugin CharacterAI, From D:/Epic Games/4.13/Engine/Plugins/Experimental/CharacterAI/CharacterAI.uplugin
LogPluginManager: Loaded Plugin CodeEditor, From D:/Epic Games/4.13/Engine/Plugins/Experimental/CodeEditor/CodeEditor.uplugin
LogPluginManager: Loaded Plugin CodeView, From D:/Epic Games/4.13/Engine/Plugins/Experimental/CodeView/CodeView.uplugin
LogPluginManager: Loaded Plugin HTML5Networking, From D:/Epic Games/4.13/Engine/Plugins/Experimental/HTML5Networking/HTML5Networking.uplugin
LogPluginManager: Loaded Plugin LiveEditor, From D:/Epic Games/4.13/Engine/Plugins/Experimental/LiveEditor/LiveEditor.uplugin
LogPluginManager: Loaded Plugin OSVR, From D:/Epic Games/4.13/Engine/Plugins/Experimental/OSVR/OSVR.uplugin
LogPluginManager: Loaded Plugin Phya, From D:/Epic Games/4.13/Engine/Plugins/Experimental/Phya/Phya.uplugin
LogPluginManager: Loaded Plugin SignificanceManager, From D:/Epic Games/4.13/Engine/Plugins/Experimental/SignificanceManager/SignificanceManager.uplugin
LogPluginManager: Loaded Plugin SimpleHMD, From D:/Epic Games/4.13/Engine/Plugins/Experimental/SimpleHMD/SimpleHMD.uplugin
LogPluginManager: Loaded Plugin StereoPanorama, From D:/Epic Games/4.13/Engine/Plugins/Experimental/StereoPanorama/StereoPanorama.uplugin
LogPluginManager: Loaded Plugin StructBox, From D:/Epic Games/4.13/Engine/Plugins/Experimental/StructBox/StructBox.uplugin
LogPluginManager: Loaded Plugin AndroidMedia, From D:/Epic Games/4.13/Engine/Plugins/Media/AndroidMedia/AndroidMedia.uplugin
LogPluginManager: Loaded Plugin AvfMedia, From D:/Epic Games/4.13/Engine/Plugins/Media/AvfMedia/AvfMedia.uplugin
LogPluginManager: Loaded Plugin MediaPlayerEditor, From D:/Epic Games/4.13/Engine/Plugins/Media/MediaPlayerEditor/MediaPlayerEditor.uplugin
LogPluginManager: Loaded Plugin WmfMedia, From D:/Epic Games/4.13/Engine/Plugins/Media/WmfMedia/WmfMedia.uplugin
LogPluginManager: Loaded Plugin MessagingDebugger, From D:/Epic Games/4.13/Engine/Plugins/Messaging/MessagingDebugger/MessagingDebugger.uplugin
LogPluginManager: Loaded Plugin TcpMessaging, From D:/Epic Games/4.13/Engine/Plugins/Messaging/TcpMessaging/TcpMessaging.uplugin
LogPluginManager: Loaded Plugin UdpMessaging, From D:/Epic Games/4.13/Engine/Plugins/Messaging/UdpMessaging/UdpMessaging.uplugin
LogPluginManager: Loaded Plugin LevelSequenceEditor, From D:/Epic Games/4.13/Engine/Plugins/MovieScene/LevelSequenceEditor/LevelSequenceEditor.uplugin
LogPluginManager: Loaded Plugin MatineeToLevelSequence, From D:/Epic Games/4.13/Engine/Plugins/MovieScene/MatineeToLevelSequence/MatineeToLevelSequence.uplugin
LogPluginManager: Loaded Plugin NetcodeUnitTest, From D:/Epic Games/4.13/Engine/Plugins/NetcodeUnitTest/NetcodeUnitTest/NetcodeUnitTest.uplugin
LogPluginManager: Loaded Plugin NUTUnrealEngine4, From D:/Epic Games/4.13/Engine/Plugins/NetcodeUnitTest/NUTUnrealEngine4/NUTUnrealEngine4.uplugin
LogPluginManager: Loaded Plugin OnlineSubsystemGooglePlay, From D:/Epic Games/4.13/Engine/Plugins/Online/Android/OnlineSubsystemGooglePlay/OnlineSubsystemGooglePlay.uplugin
LogPluginManager: Loaded Plugin OnlineSubsystemIOS, From D:/Epic Games/4.13/Engine/Plugins/Online/IOS/OnlineSubsystemIOS/OnlineSubsystemIOS.uplugin
LogPluginManager: Loaded Plugin OnlineFramework, From D:/Epic Games/4.13/Engine/Plugins/Online/OnlineFramework/OnlineFramework.uplugin
LogPluginManager: Loaded Plugin OnlineSubsystem, From D:/Epic Games/4.13/Engine/Plugins/Online/OnlineSubsystem/OnlineSubsystem.uplugin
LogPluginManager: Loaded Plugin OnlineSubsystemAmazon, From D:/Epic Games/4.13/Engine/Plugins/Online/OnlineSubsystemAmazon/OnlineSubsystemAmazon.uplugin
LogPluginManager: Loaded Plugin OnlineSubsystemFacebook, From D:/Epic Games/4.13/Engine/Plugins/Online/OnlineSubsystemFacebook/OnlineSubsystemFacebook.uplugin
LogPluginManager: Loaded Plugin OnlineSubsystemNull, From D:/Epic Games/4.13/Engine/Plugins/Online/OnlineSubsystemNull/OnlineSubsystemNull.uplugin
LogPluginManager: Loaded Plugin OnlineSubsystemOculus, From D:/Epic Games/4.13/Engine/Plugins/Online/OnlineSubsystemOculus/OnlineSubsystemOculus.uplugin
LogPluginManager: Loaded Plugin OnlineSubsystemSteam, From D:/Epic Games/4.13/Engine/Plugins/Online/OnlineSubsystemSteam/OnlineSubsystemSteam.uplugin
LogPluginManager: Loaded Plugin OnlineSubsystemUtils, From D:/Epic Games/4.13/Engine/Plugins/Online/OnlineSubsystemUtils/OnlineSubsystemUtils.uplugin
LogPluginManager: Loaded Plugin IOSTapJoy, From D:/Epic Games/4.13/Engine/Plugins/Runtime/Advertising/IOSTapJoy/IOSTapJoy.uplugin
LogPluginManager: Loaded Plugin AnalyticsBlueprintLibrary, From D:/Epic Games/4.13/Engine/Plugins/Runtime/Analytics/AnalyticsBlueprintLibrary/AnalyticsBlueprintLibrary.uplugin
LogPluginManager: Loaded Plugin AnalyticsMulticast, From D:/Epic Games/4.13/Engine/Plugins/Runtime/Analytics/AnalyticsMulticast/AnalyticsMulticast.uplugin
LogPluginManager: Loaded Plugin Apsalar, From D:/Epic Games/4.13/Engine/Plugins/Runtime/Analytics/Apsalar/Apsalar.uplugin
LogPluginManager: Loaded Plugin FileLogging, From D:/Epic Games/4.13/Engine/Plugins/Runtime/Analytics/FileLogging/FileLogging.uplugin
LogPluginManager: Loaded Plugin Flurry, From D:/Epic Games/4.13/Engine/Plugins/Runtime/Analytics/Flurry/Flurry.uplugin
LogPluginManager: Loaded Plugin AndroidDeviceProfileSelector, From D:/Epic Games/4.13/Engine/Plugins/Runtime/AndroidDeviceProfileSelector/AndroidDeviceProfileSelector.uplugin
LogPluginManager: Loaded Plugin AndroidMoviePlayer, From D:/Epic Games/4.13/Engine/Plugins/Runtime/AndroidMoviePlayer/AndroidMoviePlayer.uplugin
LogPluginManager: Loaded Plugin AppleMoviePlayer, From D:/Epic Games/4.13/Engine/Plugins/Runtime/AppleMoviePlayer/AppleMoviePlayer.uplugin
LogPluginManager: Loaded Plugin ArchVisCharacter, From D:/Epic Games/4.13/Engine/Plugins/Runtime/ArchVisCharacter/ArchVisCharacter.uplugin
LogPluginManager: Loaded Plugin CableComponent, From D:/Epic Games/4.13/Engine/Plugins/Runtime/CableComponent/CableComponent.uplugin
LogPluginManager: Loaded Plugin CustomMeshComponent, From D:/Epic Games/4.13/Engine/Plugins/Runtime/CustomMeshComponent/CustomMeshComponent.uplugin
LogPluginManager: Loaded Plugin ExampleDeviceProfileSelector, From D:/Epic Games/4.13/Engine/Plugins/Runtime/ExampleDeviceProfileSelector/ExampleDeviceProfileSelector.uplugin
LogPluginManager: Loaded Plugin GearVR, From D:/Epic Games/4.13/Engine/Plugins/Runtime/GearVR/GearVR.uplugin
LogPluginManager: Loaded Plugin GoogleVRController, From D:/Epic Games/4.13/Engine/Plugins/Runtime/GoogleVR/GoogleVRController/GoogleVRController.uplugin
LogPluginManager: Loaded Plugin GoogleVRHMD, From D:/Epic Games/4.13/Engine/Plugins/Runtime/GoogleVR/GoogleVRHMD/GoogleVRHMD.uplugin
LogPluginManager: Loaded Plugin IOSDeviceProfileSelector, From D:/Epic Games/4.13/Engine/Plugins/Runtime/IOSDeviceProfileSelector/IOSDeviceProfileSelector.uplugin
LogPluginManager: Loaded Plugin LeapMotion, From D:/Epic Games/4.13/Engine/Plugins/Runtime/LeapMotion/LeapMotion.uplugin
LogPluginManager: Loaded Plugin LinuxDeviceProfileSelector, From D:/Epic Games/4.13/Engine/Plugins/Runtime/LinuxDeviceProfileSelector/LinuxDeviceProfileSelector.uplugin
LogPluginManager: Loaded Plugin LiveEditorListenServer, From D:/Epic Games/4.13/Engine/Plugins/Runtime/LiveEditorListenServer/LiveEditorListenServer.uplugin
LogPluginManager: Loaded Plugin OculusAudio, From D:/Epic Games/4.13/Engine/Plugins/Runtime/OculusAudio/OculusAudio.uplugin
LogPluginManager: Loaded Plugin OculusInput, From D:/Epic Games/4.13/Engine/Plugins/Runtime/OculusInput/OculusInput.uplugin
LogPluginManager: Loaded Plugin OculusLibrary, From D:/Epic Games/4.13/Engine/Plugins/Runtime/OculusLibrary/OculusLibrary.uplugin
LogPluginManager: Loaded Plugin OculusRift, From D:/Epic Games/4.13/Engine/Plugins/Runtime/OculusRift/OculusRift.uplugin
LogPluginManager: Loaded Plugin Oodle, From D:/Epic Games/4.13/Engine/Plugins/Runtime/PacketHandlers/CompressionComponents/Oodle/Oodle.uplugin
LogPluginManager: Loaded Plugin ProceduralMeshComponent, From D:/Epic Games/4.13/Engine/Plugins/Runtime/ProceduralMeshComponent/ProceduralMeshComponent.uplugin
LogPluginManager: Loaded Plugin SoundMod, From D:/Epic Games/4.13/Engine/Plugins/Runtime/SoundMod/SoundMod.uplugin
LogPluginManager: Loaded Plugin SoundVisualizations, From D:/Epic Games/4.13/Engine/Plugins/Runtime/SoundVisualizations/SoundVisualizations.uplugin
LogPluginManager: Loaded Plugin SteamController, From D:/Epic Games/4.13/Engine/Plugins/Runtime/Steam/SteamController/SteamController.uplugin
LogPluginManager: Loaded Plugin SteamVR, From D:/Epic Games/4.13/Engine/Plugins/Runtime/Steam/SteamVR/SteamVR.uplugin
LogPluginManager: Loaded Plugin WebBrowserWidget, From D:/Epic Games/4.13/Engine/Plugins/Runtime/WebBrowserWidget/WebBrowserWidget.uplugin
LogPluginManager: Loaded Plugin WindowsDeviceProfileSelector, From D:/Epic Games/4.13/Engine/Plugins/Runtime/WindowsDeviceProfileSelector/WindowsDeviceProfileSelector.uplugin
LogPluginManager: Loaded Plugin WindowsMoviePlayer, From D:/Epic Games/4.13/Engine/Plugins/Runtime/WindowsMoviePlayer/WindowsMoviePlayer.uplugin
LogPluginManager: Loaded Plugin ScriptPlugin, From D:/Epic Games/4.13/Engine/Plugins/ScriptPlugin/ScriptPlugin.uplugin
LogPluginManager: Loaded Plugin SlateRemote, From D:/Epic Games/4.13/Engine/Plugins/Slate/SlateRemote/SlateRemote.uplugin
LogInit: Using libcurl 7.47.1
LogInit:  - built for x86_64-pc-win32
LogInit:  - supports SSL with WinSSL
LogInit:  - other features:
LogInit:      CURL_VERSION_SSL
LogInit:      CURL_VERSION_IPV6
LogInit:      CURL_VERSION_ASYNCHDNS
LogInit:      CURL_VERSION_LARGEFILE
LogInit:      CURL_VERSION_IDN
LogInit:  CurlRequestOptions (configurable via config and command line):
LogInit:  - bVerifyPeer = false  - Libcurl will NOT verify peer certificate
LogInit:  - bUseHttpProxy = false  - Libcurl will NOT use HTTP proxy
LogInit:  - bDontReuseConnections = false  - Libcurl will reuse connections
LogInit:  - CertBundlePath = nullptr  - Libcurl will use whatever was configured at build time.
LogInit: Build: ++UE4+Release-4.13-CL-3172292
LogInit: Engine Version: 4.13.2-3172292+++UE4+Release-4.13
LogInit: Compatible Engine Version: 4.13.0-3106830+++UE4+Release-4.13
LogInit: Net CL: 3172292
LogDevObjectVersion: Number of dev versions registered: 13
LogDevObjectVersion:   Dev-Blueprints (B0D832E4-1F89-4F0D-ACCF-7EB736FD4AA2): 5
LogDevObjectVersion:   Dev-Build (E1C64328-A22C-4D53-A36C-8E866417BD8C): 0
LogDevObjectVersion:   Dev-Core (375EC13C-06E4-48FB-B500-84F0262A717E): 1
LogDevObjectVersion:   Dev-Editor (E4B068ED-F494-42E9-A231-DA0B2E46BB41): 6
LogDevObjectVersion:   Dev-Framework (CFFC743F-43B0-4480-9391-14DF171D2073): 12
LogDevObjectVersion:   Dev-Mobile (B02B49B5-BB20-44E9-A304-32B752E40360): 0
LogDevObjectVersion:   Dev-Networking (A4E4105C-59A1-49B5-A7C5-40C4547EDFEE): 0
LogDevObjectVersion:   Dev-Online (39C831C9-5AE6-47DC-9A44-9C173E1C8E7C): 0
LogDevObjectVersion:   Dev-Physics (78F01B33-EBEA-4F98-B9B4-84EACCB95AA2): 0
LogDevObjectVersion:   Dev-Platform (6631380F-2D4D-43E0-8009-CF276956A95A): 0
LogDevObjectVersion:   Dev-Rendering (12F88B9F-8875-4AFC-A67C-D90C383ABD29): 4
LogDevObjectVersion:   Dev-Sequencer (7B5AE74C-D270-4C10-A958-57980B212A5A): 0
LogDevObjectVersion:   Dev-VR (D7296918-1DD6-4BDD-9DE2-64A83CC13884): 0
LogInit: Compiled (64-bit): Oct 24 2016 14:29:06
LogInit: Compiled with Visual C++: 19.00.23026.00
LogInit: Build Configuration: Development
LogInit: Branch Name: ++UE4+Release-4.13
LogInit: Command line:  
LogInit: Base directory: D:/Epic Games/4.13/Engine/Binaries/Win64/
LogInit: Installed Engine Build: 1
LogInit: Presizing for max 8388607 objects, including 0 objects not considered by GC, pre-allocating 0 bytes for permanent pool.
LogInit: Object subsystem initialized
[2016.11.17-12.20.28:144][  0]LogInit: Selected Device Profile: [Windows]
[2016.11.17-12.20.28:144][  0]LogInit: Applying CVar settings loaded from the selected device profile: [Windows]
[2016.11.17-12.20.28:376][  0]LogInit: Computer: AMORIM
[2016.11.17-12.20.28:376][  0]LogInit: User: PCAmorim
[2016.11.17-12.20.28:376][  0]LogInit: CPU Page size=65536, Cores=2
[2016.11.17-12.20.28:376][  0]LogInit: High frequency timer resolution =3.215353 MHz
[2016.11.17-12.20.28:432][  0]LogMemory: Memory total: Physical=4.0GB (4GB approx)
[2016.11.17-12.20.28:434][  0]LogMemory: Platform Memory Stats for Windows
[2016.11.17-12.20.28:434][  0]LogMemory: Process Physical Memory: 253.85 MB used, 253.85 MB peak
[2016.11.17-12.20.28:434][  0]LogMemory: Process Virtual Memory: 259.27 MB used, 259.27 MB peak
[2016.11.17-12.20.28:434][  0]LogMemory: Physical Memory: 3602.66 MB used, 4058.09 MB total
[2016.11.17-12.20.28:434][  0]LogMemory: Virtual Memory: 602.82 MB used, 134217728.00 MB total
[2016.11.17-12.20.30:940][  0]LogInit: Overriding culture en w/ editor configuration.
[2016.11.17-12.20.43:002][  0]LogD3D11RHI: D3D11 adapters:
[2016.11.17-12.20.43:102][  0]LogD3D11RHI:    0. 'AMD Radeon HD 7800 Series' (Feature Level 11_0)
[2016.11.17-12.20.43:102][  0]LogD3D11RHI:       1007/0/1792 MB DedicatedVideo/DedicatedSystem/SharedSystem, Outputs:1, VendorId:0x1002
[2016.11.17-12.20.43:134][  0]LogD3D11RHI:    1. 'Microsoft Basic Render Driver' (Feature Level 11_0)
[2016.11.17-12.20.43:134][  0]LogD3D11RHI:       0/0/256 MB DedicatedVideo/DedicatedSystem/SharedSystem, Outputs:0, VendorId:0x1414
[2016.11.17-12.20.43:134][  0]LogD3D11RHI: Chosen D3D11 Adapter: 0
[2016.11.17-12.20.43:171][  0]LogD3D11RHI: Creating new Direct3DDevice
[2016.11.17-12.20.43:171][  0]LogD3D11RHI:     GPU DeviceId: 0x6819 (for the marketing name, search the web for "GPU Device Id")
[2016.11.17-12.20.43:171][  0]LogWindows: EnumDisplayDevices:
[2016.11.17-12.20.43:172][  0]LogWindows:    0. 'AMD Radeon HD 7800 Series' (P:1 D:1)
[2016.11.17-12.20.43:172][  0]LogWindows:    1. 'AMD Radeon HD 7800 Series' (P:0 D:0)
[2016.11.17-12.20.43:172][  0]LogWindows:    2. 'AMD Radeon HD 7800 Series' (P:0 D:0)
[2016.11.17-12.20.43:173][  0]LogWindows:    3. 'AMD Radeon HD 7800 Series' (P:0 D:0)
[2016.11.17-12.20.43:173][  0]LogWindows:    4. 'AMD Radeon HD 7800 Series' (P:0 D:0)
[2016.11.17-12.20.43:173][  0]LogWindows:    5. 'AMD Radeon HD 7800 Series' (P:0 D:0)
[2016.11.17-12.20.43:173][  0]LogWindows: DebugString: FoundDriverCount:6 
[2016.11.17-12.20.43:173][  0]LogD3D11RHI:     Adapter Name: AMD Radeon HD 7800 Series
[2016.11.17-12.20.43:173][  0]LogD3D11RHI:   Driver Version: Crimson 16.5.3 (internal:16.200.1013.0, unified:16.200.1013.0)
[2016.11.17-12.20.43:173][  0]LogD3D11RHI:      Driver Date: 5-20-2016
[2016.11.17-12.20.43:174][  0]LogRHI: Texture pool is 705 MB (70% of 1007 MB)
[2016.11.17-12.20.43:179][  0]LogD3D11RHI: Async texture creation enabled
[2016.11.17-12.20.44:786][  0]LogD3D11RHI: GPU Timing Frequency: 27.000000 (Debug: 2 1)
[2016.11.17-12.20.45:484][  0]LogShaderCompilers: Guid format shader working directory is 25 characters bigger than the processId version (../../../../../MyProject/Intermediate/Shaders/WorkingDirectory/9072/).
[2016.11.17-12.20.45:484][  0]LogShaderCompilers: Cleaned the shader compiler working directory 'C:/Users/PC-AMO~1/AppData/Local/Temp/UnrealShaderWorkingDir/A340039C454454D5629BE79F21C6B6CC/'.
[2016.11.17-12.20.45:514][  0]LogShaderCompilers:Display: Using Local Shader Compiler.
[2016.11.17-12.21.06:849][  0]LogTemp:Display: Loaded TP AllDesktopTargetPlatform
[2016.11.17-12.21.06:862][  0]LogTemp:Display: Loaded TP WindowsClientTargetPlatform
[2016.11.17-12.21.06:884][  0]LogTemp:Display: Loaded TP WindowsNoEditorTargetPlatform
[2016.11.17-12.21.06:899][  0]LogTemp:Display: Loaded TP WindowsServerTargetPlatform
[2016.11.17-12.21.06:913][  0]LogTemp:Display: Loaded TP WindowsTargetPlatform
[2016.11.17-12.21.06:939][  0]LogTemp:Display: Loaded TP AndroidTargetPlatform
[2016.11.17-12.21.06:951][  0]LogTemp:Display: Loaded TP Android_ASTCTargetPlatform
[2016.11.17-12.21.06:961][  0]LogTemp:Display: Loaded TP Android_ATCTargetPlatform
[2016.11.17-12.21.06:974][  0]LogTemp:Display: Loaded TP Android_DXTTargetPlatform
[2016.11.17-12.21.07:006][  0]LogTemp:Display: Loaded TP Android_ETC1TargetPlatform
[2016.11.17-12.21.07:018][  0]LogTemp:Display: Loaded TP Android_ETC2TargetPlatform
[2016.11.17-12.21.07:041][  0]LogTemp:Display: Loaded TP Android_MultiTargetPlatform
[2016.11.17-12.21.07:041][  0]LogTemp:Display: Loaded TP Android_PVRTCTargetPlatform
[2016.11.17-12.21.07:057][  0]LogTemp:Display: Loaded TP HTML5TargetPlatform
[2016.11.17-12.21.07:239][  0]LogTemp:Display: Loaded TP IOSTargetPlatform
[2016.11.17-12.21.07:249][  0]LogTemp:Display: Loaded TP TVOSTargetPlatform
[2016.11.17-12.21.07:275][  0]LogTemp:Display: Loaded TP LinuxClientTargetPlatform
[2016.11.17-12.21.07:289][  0]LogTemp:Display: Loaded TP LinuxNoEditorTargetPlatform
[2016.11.17-12.21.07:317][  0]LogTemp:Display: Loaded TP LinuxServerTargetPlatform
[2016.11.17-12.21.07:392][  0]LogTemp:Display: Loaded TP LinuxTargetPlatform
[2016.11.17-12.21.07:392][  0]LogTargetPlatformManager:Display: Building Assets For Windows
[2016.11.17-12.21.10:876][  0]LogDerivedDataCache:Display: Max Cache Size: 512 MB
[2016.11.17-12.21.11:870][  0]LogDerivedDataCache: Loaded boot cache 0.94s 62MB C:/Users/PC-Amorim/AppData/Local/UnrealEngine/4.13/DerivedDataCache/Boot.ddc.
[2016.11.17-12.21.11:870][  0]LogDerivedDataCache:Display: Loaded Boot cache: C:/Users/PC-Amorim/AppData/Local/UnrealEngine/4.13/DerivedDataCache/Boot.ddc
[2016.11.17-12.21.11:870][  0]LogDerivedDataCache: FDerivedDataBackendGraph:  Pak pak cache file ../../../../../MyProject/DerivedDataCache/DDC.ddp not found, will not use a pak cache.
[2016.11.17-12.21.11:870][  0]LogDerivedDataCache: Unable to find inner node Pak for hierarchical cache Hierarchy.
[2016.11.17-12.21.11:870][  0]LogDerivedDataCache: FDerivedDataBackendGraph:  CompressedPak pak cache file ../../../../../MyProject/DerivedDataCache/Compressed.ddp not found, will not use a pak cache.
[2016.11.17-12.21.11:870][  0]LogDerivedDataCache: Unable to find inner node CompressedPak for hierarchical cache Hierarchy.
[2016.11.17-12.21.12:097][  0]LogDerivedDataCache:Display: Pak cache opened for reading ../../../Engine/DerivedDataCache/Compressed.ddp.
[2016.11.17-12.21.12:109][  0]LogDerivedDataCache: Using Local data cache path C:/Users/PC-Amorim/AppData/Local/UnrealEngine/Common/DerivedDataCache: Writable
[2016.11.17-12.21.47:416][  0]LogInit: Selected Device Profile: [Windows]
[2016.11.17-12.21.47:989][  0]LogContentStreaming: Texture pool size is 0.00 MB
[2016.11.17-12.21.49:330][  0]LogMeshUtilities: No automatic mesh reduction module available
[2016.11.17-12.21.49:330][  0]LogMeshUtilities: No automatic mesh merging module available
[2016.11.17-12.21.49:330][  0]LogMeshUtilities: No distributed automatic mesh merging module available
[2016.11.17-12.21.54:200][  0]LogMaterial: Uniform references updated for custom material expression Custom.
[2016.11.17-12.22.15:880][  0]LogNetVersion: GetLocalNetworkVersion: CL: 3106830, ProjectName: myproject, ProjectVersion: , EngineNetworkVersion: 1, GameNetworkVersion: 0, NetworkChecksum: 1879837642
[2016.11.17-12.22.17:113][  0]LogAssetRegistry: FAssetRegistry took 0.0267 seconds to start up
[2016.11.17-12.22.17:659][  0]LogPackageLocalizationCache: Processed 3 localized package path(s) for 1 prioritized culture(s) in 0.254980 seconds
[2016.11.17-12.22.17:734][  0]LogUObjectArray: 29778 objects as part of root set at end of initial load.
[2016.11.17-12.22.17:744][  0]LogUObjectAllocator: 6125456 out of 0 bytes used by permanent object pool.
[2016.11.17-12.22.17:744][  0]LogUObjectArray: CloseDisregardForGC: 0/0 objects in disregard for GC pool
[2016.11.17-12.22.18:161][  0]LogInit: WinSock: version 1.1 (2.2), MaxSocks=32767, MaxUdp=65467
[2016.11.17-12.22.37:165][  0]LogSlate: SlateFontCache - WITH_FREETYPE: 1, WITH_HARFBUZZ: 1
[2016.11.17-12.22.37:166][  0]LogSlate: SlateFontCache - WITH_FREETYPE: 1, WITH_HARFBUZZ: 1
[2016.11.17-12.23.00:517][  0]LogTcpMessaging: Initializing TcpMessaging bridge
[2016.11.17-12.23.03:525][  0]LogUdpMessaging: Initializing bridge on interface 0.0.0.0:0 to multicast group 230.0.0.1:6666.
[2016.11.17-12.24.08:491][  0]SourceControl: Info Source control is disabled
[2016.11.17-12.24.08:656][  0]SourceControl: Info Source control is disabled
[2016.11.17-12.24.09:387][  0]SourceControl: Info Source control is disabled
[2016.11.17-12.24.09:696][  0]SourceControl: Info Source control is disabled
[2016.11.17-12.24.30:104][  0]LogAutomationTest:Warning: Smoke tests took > 2s to run: 3.58s
[2016.11.17-12.24.30:648][  0]LogEngine: Initializing Engine...
[2016.11.17-12.24.31:010][  0]LogHMD: Failed to initialize OpenVR with code 100
[2016.11.17-12.24.40:685][  0]LogAIModule: Creating AISystem for world Untitled
[2016.11.17-12.24.41:988][  0]LogInit: XAudio2 using 'Alto-falantes (2- Dispositivo de High Definition Audio)' : 2 channels at 44.1 kHz using 16 bits per sample (channel mask 0x3)
[2016.11.17-12.24.42:304][  0]LogInit: FAudioDevice initialized.
[2016.11.17-12.24.44:640][  0]LogDerivedDataCache: Saved boot cache 2.30s 62MB C:/Users/PC-Amorim/AppData/Local/UnrealEngine/4.13/DerivedDataCache/Boot.ddc.
[2016.11.17-12.24.45:015][  0]LogInit: Texture streaming: Enabled
[2016.11.17-12.24.47:760][  0]LogInit: Transaction tracking system initialized
[2016.11.17-12.24.50:899][  0]BlueprintLog: New page: Editor Load
[2016.11.17-12.24.59:209][  0]LocalizationService: Info Localization service is disabled
[2016.11.17-12.25.02:184][  0]LogConsoleResponse:Display: 
[2016.11.17-12.25.15:843][  0]LogFileCache: Scanning file cache for directory 'D:/MyProject/Content/' took 0.02s
[2016.11.17-12.25.15:843][  0]LogCook:Display: Max memory allowance for cook 16384mb min free memory 0mb
[2016.11.17-12.25.15:886][  0]LogCook:Display: Mobile HDR setting 1
[2016.11.17-12.25.26:620][  0]SourceControl: Info Source control is disabled
[2016.11.17-12.25.26:740][  0]Cmd: MAP LOAD FILE="../../../../../MyProject/Content/StarterContent/Maps/Minimal_Default.umap" TEMPLATE=0 SHOWPROGRESS=1 FEATURELEVEL=3
[2016.11.17-12.25.26:820][  0]LightingResults: New page: Lighting Build
[2016.11.17-12.25.27:249][  0]MapCheck: New page: Map Check
[2016.11.17-12.25.27:249][  0]LightingResults: New page: Lighting Build
[2016.11.17-12.25.39:035][  0]LogAIModule: Creating AISystem for world Minimal_Default
[2016.11.17-12.25.40:725][  0]LogEditorServer: Finished looking for orphan Actors (0.008 secs)
[2016.11.17-12.25.40:908][  0]Cmd: MAP CHECKDEP NOCLEARLOG
[2016.11.17-12.25.41:788][  0]MapCheck: Info Map check complete: 0 Error(s), 0 Warning(s), took 875.924ms to complete.
[2016.11.17-12.25.41:788][  0]LogFileHelpers: Loading map 'Minimal_Default' took 15.115
[2016.11.17-12.25.47:186][  0]LogCollectionManager: Loaded 0 collections in 0.002834 seconds
[2016.11.17-12.25.48:220][  0]LogFileCache: Scanning file cache for directory 'D:/MyProject/Saved/Collections/' took 0.01s
[2016.11.17-12.25.48:220][  0]LogFileCache: Scanning file cache for directory 'D:/MyProject/Content/Developers/PCAmorim/Collections/' took 0.01s
[2016.11.17-12.25.48:220][  0]LogFileCache: Scanning file cache for directory 'D:/MyProject/Content/Collections/' took 0.01s
[2016.11.17-12.25.48:220][  0]LogCollectionManager: Rebuilt the GUID cache for 0 collections in 0.000003 seconds
[2016.11.17-12.25.48:526][  0]LogContentBrowser: Native class hierarchy populated in 0.2598 seconds. Added 2141 classes and 415 folders.
[2016.11.17-12.25.48:774][  0]LogStats: UGameplayTagsManager::ConstructGameplayTagTree: Construct from data asset -  0.000 s
[2016.11.17-12.25.48:775][  0]LogStats: UGameplayTagsManager::ConstructGameplayTagTree: GameplayTagTreeChangedEvent.Broadcast -  0.001 s
[2016.11.17-12.25.48:777][  0]LogContentBrowser: Native class hierarchy updated for 'GameplayTags' in 0.0006 seconds. Added 12 classes and 0 folders.
[2016.11.17-12.25.48:836][  0]LogContentBrowser: Native class hierarchy updated for 'WidgetCarousel' in 0.0005 seconds. Added 0 classes and 0 folders.
[2016.11.17-12.25.50:253][  0]LogContentBrowser: Native class hierarchy updated for 'AddContentDialog' in 0.0024 seconds. Added 0 classes and 0 folders.
[2016.11.17-12.25.50:444][  0]LogContentBrowser: Native class hierarchy updated for 'SceneOutliner' in 0.0006 seconds. Added 1 classes and 2 folders.
[2016.11.17-12.25.55:018][  0]LogCrashTracker: Crashtracker disabled due to settings.
[2016.11.17-12.25.55:476][  0]LogUObjectGlobals:Warning: Failed to find object 'Class None.'
[2016.11.17-12.25.56:011][  0]LogContentBrowser: Native class hierarchy updated for 'HierarchicalLODOutliner' in 0.0006 seconds. Added 1 classes and 2 folders.
[2016.11.17-12.25.56:011][  0]LogLoad: (Engine Initialization) Total time: 347.69 seconds
[2016.11.17-12.25.56:011][  0]LogLoad: (Engine Initialization) Total Blueprint compile time: 4.05 seconds
[2016.11.17-12.25.56:080][  0]LogExternalProfiler: No external profilers were discovered.  External profiling features will not be available.
[2016.11.17-12.25.56:878][  0]LogOcInput: OculusInput pre-init called
[2016.11.17-12.25.58:593][  0]LogContentStreaming: Texture pool size now 800 MB
[2016.11.17-12.26.08:550][  0]LogRenderer: Reallocating scene render targets to support 612x424 (Frame:2).
[2016.11.17-12.26.39:894][ 84]LogAssetRegistry: Asset discovery search completed in 262.7657 seconds
[2016.11.17-12.26.39:909][ 84]LogCollectionManager: Rebuilt the object cache for 0 collections in 0.000002 seconds (found 0 objects)
[2016.11.17-12.26.39:917][ 84]LogCollectionManager: Fixed up redirectors for 0 collections in 0.023133 seconds (updated 0 objects)
[2016.11.17-12.59.40:689][871]LogWindowsTextInputMethodSystem:Display: IME system now deactivated.
[2016.11.17-12.59.45:535][872]Cmd: QUIT_EDITOR
[2016.11.17-12.59.47:560][872]LogExit: Preparing to exit.
[2016.11.17-13.00.10:330][872]LogDirectoryWatcher: A directory notification for 'D:/MyProject/Content/' was aborted.
[2016.11.17-13.00.25:261][872]LogExit: Editor shut down
[2016.11.17-13.00.25:413][872]LogExit: Transaction tracking system shut down
[2016.11.17-13.00.41:774][872]LogObj: Freed 0b from 0 cluster array pools.
[2016.11.17-13.00.41:779][872]LogExit: Object subsystem successfully closed.
[2016.11.17-13.00.43:663][872]LogD3D11RHI: Shutdown
[2016.11.17-13.00.43:663][872]LogD3D11RHI: CleanupD3DDevice
[2016.11.17-13.00.44:738][872]LogD3D11RHI: ~FD3D11DynamicRHI
[2016.11.17-13.00.48:653][872]LogModuleManager: Shutting down and abandoning module HierarchicalLODOutliner (233)
[2016.11.17-13.00.48:688][872]LogModuleManager: Shutting down and abandoning module CrashTracker (232)
[2016.11.17-13.00.48:722][872]LogModuleManager: Shutting down and abandoning module SceneOutliner (231)
[2016.11.17-13.00.48:787][872]LogModuleManager: Shutting down and abandoning module WidgetCarousel (230)
[2016.11.17-13.00.48:816][872]LogModuleManager: Shutting down and abandoning module AddContentDialog (229)
[2016.11.17-13.00.48:922][872]LogDirectoryWatcher: A directory notification for 'D:/Epic Games/4.13/FeaturePacks/' was aborted.
[2016.11.17-13.00.49:144][872]LogModuleManager: Shutting down and abandoning module GameplayTags (228)
[2016.11.17-13.00.49:220][872]LogModuleManager: Shutting down and abandoning module EditorWidgets (227)
[2016.11.17-13.00.49:232][872]LogModuleManager: Shutting down and abandoning module CollectionManager (226)
[2016.11.17-13.00.49:258][872]LogDirectoryWatcher: A directory notification for 'D:/MyProject/Content/Collections/' was aborted.
[2016.11.17-13.00.49:258][872]LogDirectoryWatcher: A directory notification for 'D:/MyProject/Content/Developers/PCAmorim/Collections/' was aborted.
[2016.11.17-13.00.49:258][872]LogDirectoryWatcher: A directory notification for 'D:/MyProject/Saved/Collections/' was aborted.
[2016.11.17-13.00.49:286][872]LogModuleManager: Shutting down and abandoning module StatsViewer (225)
[2016.11.17-13.00.49:319][872]LogModuleManager: Shutting down and abandoning module FoliageEdit (224)
[2016.11.17-13.00.49:326][872]LogModuleManager: Shutting down and abandoning module LandscapeEditor (223)
[2016.11.17-13.00.49:440][872]LogModuleManager: Shutting down and abandoning module SceneDepthPickerMode (222)
[2016.11.17-13.00.49:440][872]LogModuleManager: Shutting down and abandoning module ActorPickerMode (221)
[2016.11.17-13.00.49:440][872]LogModuleManager: Shutting down and abandoning module GeometryMode (220)
[2016.11.17-13.00.49:440][872]LogModuleManager: Shutting down and abandoning module TextureAlignMode (219)
[2016.11.17-13.00.49:440][872]LogModuleManager: Shutting down and abandoning module BspMode (218)
[2016.11.17-13.00.49:448][872]LogModuleManager: Shutting down and abandoning module HardwareSurvey (217)
[2016.11.17-13.00.49:457][872]LogModuleManager: Shutting down and abandoning module SequenceRecorderSections (216)
[2016.11.17-13.00.49:472][872]LogModuleManager: Shutting down and abandoning module SequenceRecorder (215)
[2016.11.17-13.00.49:524][872]LogModuleManager: Shutting down and abandoning module AutomationWorker (214)
[2016.11.17-13.00.49:548][872]LogModuleManager: Shutting down and abandoning module MatineeToLevelSequence (213)
[2016.11.17-13.00.49:579][872]LogModuleManager: Shutting down and abandoning module PlacementMode (212)
[2016.11.17-13.00.49:586][872]LogModuleManager: Shutting down and abandoning module LevelSequenceEditor (211)
[2016.11.17-13.00.49:653][872]LogModuleManager: Shutting down and abandoning module WmfMediaFactory (210)
[2016.11.17-13.00.49:653][872]LogModuleManager: Shutting down and abandoning module WmfMediaEditor (209)
[2016.11.17-13.00.49:653][872]LogModuleManager: Shutting down and abandoning module AvfMediaFactory (208)
[2016.11.17-13.00.49:653][872]LogModuleManager: Shutting down and abandoning module AvfMediaEditor (207)
[2016.11.17-13.00.49:653][872]LogModuleManager: Shutting down and abandoning module Media (206)
[2016.11.17-13.00.49:664][872]LogModuleManager: Shutting down and abandoning module AndroidMediaFactory (205)
[2016.11.17-13.00.49:664][872]LogModuleManager: Shutting down and abandoning module AndroidMediaEditor (204)
[2016.11.17-13.00.49:664][872]LogModuleManager: Shutting down and abandoning module CharacterAI (203)
[2016.11.17-13.00.49:664][872]LogModuleManager: Shutting down and abandoning module SmartSnapping (202)
[2016.11.17-13.00.49:664][872]LogModuleManager: Shutting down and abandoning module SessionServices (201)
[2016.11.17-13.00.49:665][872]LogModuleManager: Shutting down and abandoning module ViewportSnapping (200)
[2016.11.17-13.00.49:665][872]LogModuleManager: Shutting down and abandoning module ViewportInteraction (199)
[2016.11.17-13.00.49:665][872]LogModuleManager: Shutting down and abandoning module LogVisualizer (198)
[2016.11.17-13.00.49:757][872]LogModuleManager: Shutting down and abandoning module GameProjectGeneration (197)
[2016.11.17-13.00.49:808][872]LogModuleManager: Shutting down and abandoning module IntroTutorials (196)
[2016.11.17-13.00.49:881][872]LogModuleManager: Shutting down and abandoning module EditorLiveStreaming (195)
[2016.11.17-13.00.49:905][872]LogModuleManager: Shutting down and abandoning module IOSPlatformEditor (194)
[2016.11.17-13.00.49:935][872]LogModuleManager: Shutting down and abandoning module HTML5PlatformEditor (193)
[2016.11.17-13.00.49:935][872]LogModuleManager: Shutting down and abandoning module AndroidDeviceDetection (192)
[2016.11.17-13.00.50:116][872]LogModuleManager: Shutting down and abandoning module AndroidPlatformEditor (191)
[2016.11.17-13.00.50:162][872]LogModuleManager: Shutting down and abandoning module IOSRuntimeSettings (190)
[2016.11.17-13.00.50:162][872]LogModuleManager: Shutting down and abandoning module AndroidRuntimeSettings (189)
[2016.11.17-13.00.50:162][872]LogModuleManager: Shutting down and abandoning module NiagaraEditor (188)
[2016.11.17-13.00.50:198][872]LogModuleManager: Shutting down and abandoning module MergeActors (187)
[2016.11.17-13.00.50:216][872]LogModuleManager: Shutting down and abandoning module SizeMap (186)
[2016.11.17-13.00.50:226][872]LogModuleManager: Shutting down and abandoning module TreeMap (185)
[2016.11.17-13.00.50:258][872]LogModuleManager: Shutting down and abandoning module ReferenceViewer (184)
[2016.11.17-13.00.50:273][872]LogModuleManager: Shutting down and abandoning module LocalizationService (183)
[2016.11.17-13.00.50:302][872]LogModuleManager: Shutting down and abandoning module LocalizationDashboard (182)
[2016.11.17-13.00.50:318][872]LogModuleManager: Shutting down and abandoning module HardwareTargeting (181)
[2016.11.17-13.00.50:332][872]LogModuleManager: Shutting down and abandoning module DeviceProfileEditor (180)
[2016.11.17-13.00.50:352][872]LogModuleManager: Shutting down and abandoning module UndoHistory (179)
[2016.11.17-13.00.50:398][872]LogModuleManager: Shutting down and abandoning module UserFeedback (178)
[2016.11.17-13.00.50:398][872]LogModuleManager: Shutting down and abandoning module XmlParser (177)
[2016.11.17-13.00.50:420][872]LogModuleManager: Shutting down and abandoning module Blutility (176)
[2016.11.17-13.00.50:421][872]LogModuleManager: Shutting down and abandoning module ProjectTargetPlatformEditor (175)
[2016.11.17-13.00.50:449][872]LogModuleManager: Shutting down and abandoning module ProjectSettingsViewer (174)
[2016.11.17-13.00.50:453][872]LogModuleManager: Shutting down and abandoning module InputBindingEditor (173)
[2016.11.17-13.00.50:528][872]LogModuleManager: Shutting down and abandoning module EditorSettingsViewer (172)
[2016.11.17-13.00.50:556][872]LogModuleManager: Shutting down and abandoning module SettingsEditor (171)
[2016.11.17-13.00.50:633][872]LogModuleManager: Shutting down and abandoning module ProjectLauncher (170)
[2016.11.17-13.00.50:642][872]LogModuleManager: Shutting down and abandoning module SessionFrontend (169)
[2016.11.17-13.00.50:661][872]LogModuleManager: Shutting down and abandoning module ProfilerClient (168)
[2016.11.17-13.00.50:679][872]LogModuleManager: Shutting down and abandoning module TargetDeviceServices (167)
[2016.11.17-13.00.50:692][872]LogModuleManager: Shutting down and abandoning module DeviceManager (166)
[2016.11.17-13.00.50:816][872]LogModuleManager: Shutting down and abandoning module AutomationController (165)
[2016.11.17-13.00.50:830][872]LogModuleManager: Shutting down and abandoning module AutomationWindow (164)
[2016.11.17-13.00.50:854][872]LogModuleManager: Shutting down and abandoning module Layers (163)
[2016.11.17-13.00.50:872][872]LogModuleManager: Shutting down and abandoning module ComponentVisualizers (162)
[2016.11.17-13.00.50:872][872]LogModuleManager: Shutting down and abandoning module DetailCustomizations (161)
[2016.11.17-13.00.50:912][872]LogModuleManager: Shutting down and abandoning module PackagesDialog (160)
[2016.11.17-13.00.50:924][872]LogModuleManager: Shutting down and abandoning module AnimGraph (159)
[2016.11.17-13.00.50:943][872]LogModuleManager: Shutting down and abandoning module Persona (158)
[2016.11.17-13.00.50:990][872]LogModuleManager: Shutting down and abandoning module Kismet (157)
[2016.11.17-13.00.51:003][872]LogModuleManager: Shutting down and abandoning module GraphEditor (156)
[2016.11.17-13.00.51:078][872]LogModuleManager: Shutting down and abandoning module ClassViewer (155)
[2016.11.17-13.00.51:119][872]LogModuleManager: Shutting down and abandoning module Toolbox (154)
[2016.11.17-13.00.51:135][872]LogModuleManager: Shutting down and abandoning module ModuleUI (153)
[2016.11.17-13.00.51:151][872]LogModuleManager: Shutting down and abandoning module MovieSceneTools (152)
[2016.11.17-13.00.51:217][872]LogModuleManager: Shutting down and abandoning module OutputLog (151)
[2016.11.17-13.00.51:237][872]LogModuleManager: Shutting down and abandoning module GammaUI (150)
[2016.11.17-13.00.51:251][872]LogModuleManager: Shutting down and abandoning module Documentation (149)
[2016.11.17-13.00.51:285][872]LogModuleManager: Shutting down and abandoning module Niagara (148)
[2016.11.17-13.00.51:302][872]LogModuleManager: Shutting down and abandoning module StreamingPauseRendering (147)
[2016.11.17-13.00.51:302][872]LogModuleManager: Shutting down and abandoning module AnalyticsET (146)
[2016.11.17-13.00.51:319][872]LogModuleManager: Shutting down and abandoning module PortalServices (145)
[2016.11.17-13.00.51:319][872]LogModuleManager: Shutting down and abandoning module PortalRpc (144)
[2016.11.17-13.00.51:319][872]LogModuleManager: Shutting down and abandoning module MessagingRpc (143)
[2016.11.17-13.00.51:319][872]LogModuleManager: Shutting down and abandoning module GameplayDebugger (142)
[2016.11.17-13.00.51:345][872]LogModuleManager: Shutting down and abandoning module AITestSuite (141)
[2016.11.17-13.00.51:374][872]LogModuleManager: Shutting down and abandoning module AIModule (140)
[2016.11.17-13.00.51:401][872]LogModuleManager: Shutting down and abandoning module ProfilerService (139)
[2016.11.17-13.00.51:532][872]LogModuleManager: Shutting down and abandoning module TaskGraph (138)
[2016.11.17-13.00.51:561][872]LogModuleManager: Shutting down and abandoning module SlateRemote (137)
[2016.11.17-13.00.51:571][872]LogModuleManager: Shutting down and abandoning module SteamVRController (136)
[2016.11.17-13.00.51:571][872]LogModuleManager: Shutting down and abandoning module SteamVR (135)
[2016.11.17-13.00.51:583][872]LogModuleManager: Shutting down and abandoning module ProceduralMeshComponentEditor (134)
[2016.11.17-13.00.51:615][872]LogModuleManager: Shutting down and abandoning module ProceduralMeshComponent (133)
[2016.11.17-13.00.51:615][872]LogModuleManager: Shutting down and abandoning module OculusLibrary (132)
[2016.11.17-13.00.51:615][872]LogModuleManager: Shutting down and abandoning module OculusInput (131)
[2016.11.17-13.00.51:615][872]LogModuleManager: Shutting down and abandoning module CustomMeshComponent (130)
[2016.11.17-13.00.51:629][872]LogModuleManager: Shutting down and abandoning module CableComponent (129)
[2016.11.17-13.00.51:629][872]LogModuleManager: Shutting down and abandoning module ArchVisCharacter (128)
[2016.11.17-13.00.51:639][872]LogModuleManager: Shutting down and abandoning module MediaPlayerEditor (126)
[2016.11.17-13.00.51:659][872]LogModuleManager: Shutting down and abandoning module HTML5Networking (125)
[2016.11.17-13.00.51:659][872]LogModuleManager: Shutting down and abandoning module GeometryCacheEd (124)
[2016.11.17-13.00.51:659][872]LogModuleManager: Shutting down and abandoning module GeometryCache (123)
[2016.11.17-13.00.51:659][872]LogModuleManager: Shutting down and abandoning module AlembicLibrary (122)
[2016.11.17-13.00.51:692][872]LogModuleManager: Shutting down and abandoning module AlembicImporter (121)
[2016.11.17-13.00.51:709][872]LogModuleManager: Shutting down and abandoning module SuperSearch (120)
[2016.11.17-13.00.51:709][872]LogModuleManager: Shutting down and abandoning module SuperSearchEditor (119)
[2016.11.17-13.00.51:709][872]LogModuleManager: Shutting down and abandoning module SpeedTreeImporter (118)
[2016.11.17-13.00.51:709][872]LogModuleManager: Shutting down and abandoning module PluginBrowser (117)
[2016.11.17-13.00.51:753][872]LogModuleManager: Shutting down and abandoning module MobileLauncherProfileWizard (116)
[2016.11.17-13.00.51:772][872]LogModuleManager: Shutting down and abandoning module EpicSurvey (115)
[2016.11.17-13.00.51:845][872]LogModuleManager: Shutting down and abandoning module DesktopPlatform (114)
[2016.11.17-13.00.51:872][872]LogModuleManager: Shutting down and abandoning module VisualStudioSourceCodeAccess (113)
[2016.11.17-13.00.51:880][872]LogModuleManager: Shutting down and abandoning module UObjectPlugin (112)
[2016.11.17-13.00.51:880][872]LogModuleManager: Shutting down and abandoning module SubversionSourceControl (111)
[2016.11.17-13.00.51:904][872]LogModuleManager: Shutting down and abandoning module PerforceSourceControl (110)
[2016.11.17-13.00.51:934][872]LogModuleManager: Shutting down and abandoning module SourceControl (109)
[2016.11.17-13.00.51:966][872]LogModuleManager: Shutting down and abandoning module GitSourceControl (108)
[2016.11.17-13.00.51:999][872]LogModuleManager: Shutting down and abandoning module LightPropagationVolumeEditor (107)
[2016.11.17-13.00.51:999][872]LogModuleManager: Shutting down and abandoning module PaperTiledImporter (106)
[2016.11.17-13.00.52:014][872]LogModuleManager: Shutting down and abandoning module PaperSpriteSheetImporter (105)
[2016.11.17-13.00.52:023][872]LogModuleManager: Shutting down and abandoning module MeshPaint (104)
[2016.11.17-13.00.52:023][872]LogModuleManager: Shutting down and abandoning module FbxAutomationBuilderModule (103)
[2016.11.17-13.00.52:059][872]LogModuleManager: Shutting down and abandoning module PixelInspectorModule (102)
[2016.11.17-13.00.52:079][872]LogModuleManager: Shutting down and abandoning module HotReload (101)
[2016.11.17-13.00.52:164][872]LogModuleManager: Shutting down and abandoning module MainFrame (100)
[2016.11.17-13.00.52:205][872]LogModuleManager: Shutting down and abandoning module LevelEditor (99)
[2016.11.17-13.00.52:606][872]LogModuleManager: Shutting down and abandoning module ContentBrowser (98)
[2016.11.17-13.00.52:696][872]LogModuleManager: Shutting down and abandoning module Paper2DEditor (97)
[2016.11.17-13.00.52:747][872]LogModuleManager: Shutting down and abandoning module UdpMessaging (96)
[2016.11.17-13.00.52:889][872]LogModuleManager: Shutting down and abandoning module TcpMessaging (95)
[2016.11.17-13.00.53:085][872]LogModuleManager: Shutting down and abandoning module LightPropagationVolumeRuntime (94)
[2016.11.17-13.00.53:085][872]LogModuleManager: Shutting down and abandoning module Paper2D (93)
[2016.11.17-13.00.53:095][872]LogModuleManager: Shutting down and abandoning module WindowsMoviePlayer (92)
[2016.11.17-13.00.53:144][872]LogModuleManager: Shutting down and abandoning module WmfMedia (91)
[2016.11.17-13.00.53:254][872]LogModuleManager: Shutting down and abandoning module MediaAssets (90)
[2016.11.17-13.00.53:254][872]LogModuleManager: Shutting down and abandoning module GameLiveStreaming (89)
[2016.11.17-13.00.53:289][872]LogModuleManager: Shutting down and abandoning module GameplayTagsEditor (88)
[2016.11.17-13.00.53:303][872]LogModuleManager: Shutting down and abandoning module VREditor (87)
[2016.11.17-13.00.53:303][872]LogModuleManager: Shutting down and abandoning module GameplayTasksEditor (86)
[2016.11.17-13.00.53:303][872]LogModuleManager: Shutting down and abandoning module PropertyEditor (85)
[2016.11.17-13.00.53:412][872]LogModuleManager: Shutting down and abandoning module BehaviorTreeEditor (84)
[2016.11.17-13.00.53:436][872]LogModuleManager: Shutting down and abandoning module FunctionalTesting (83)
[2016.11.17-13.00.53:436][872]LogModuleManager: Shutting down and abandoning module CollisionAnalyzer (82)
[2016.11.17-13.00.53:497][872]LogModuleManager: Shutting down and abandoning module Sequencer (81)
[2016.11.17-13.00.53:598][872]LogModuleManager: Shutting down and abandoning module WorkspaceMenuStructure (80)
[2016.11.17-13.00.53:598][872]LogModuleManager: Shutting down and abandoning module MessageLog (79)
[2016.11.17-13.00.53:639][872]LogModuleManager: Shutting down and abandoning module AssetTools (78)
[2016.11.17-13.00.53:666][872]LogModuleManager: Shutting down and abandoning module UMGEditor (77)
[2016.11.17-13.00.53:698][872]LogModuleManager: Shutting down and abandoning module UMG (76)
[2016.11.17-13.00.53:756][872]LogModuleManager: Shutting down and abandoning module SlateReflector (75)
[2016.11.17-13.00.53:792][872]LogModuleManager: Shutting down and abandoning module Slate (74)
[2016.11.17-13.00.53:792][872]LogModuleManager: Shutting down and abandoning module EditorStyle (73)
[2016.11.17-13.00.53:999][872]LogModuleManager: Shutting down and abandoning module SourceCodeAccess (72)
[2016.11.17-13.00.54:018][872]LogModuleManager: Shutting down and abandoning module HeadMountedDisplay (71)
[2016.11.17-13.00.54:018][872]LogModuleManager: Shutting down and abandoning module XAudio2 (70)
[2016.11.17-13.00.54:018][872]LogModuleManager: Shutting down and abandoning module Networking (68)
[2016.11.17-13.00.54:030][872]LogModuleManager: Shutting down and abandoning module Core (67)
[2016.11.17-13.00.54:030][872]LogModuleManager: Shutting down and abandoning module DirectoryWatcher (66)
[2016.11.17-13.00.54:030][872]LogDirectoryWatcher: A directory notification for '../../../Engine/Content/' was aborted.
[2016.11.17-13.00.54:082][872]LogDirectoryWatcher: A directory notification for '../../../../../MyProject/Content/' was aborted.
[2016.11.17-13.00.54:085][872]LogDirectoryWatcher: A directory notification for '../../../Engine/Plugins/2D/Paper2D/Content/' was aborted.
[2016.11.17-13.00.54:138][872]LogModuleManager: Shutting down and abandoning module AssetRegistry (65)
[2016.11.17-13.00.55:394][872]LogModuleManager: Shutting down and abandoning module KismetCompiler (64)
[2016.11.17-13.00.55:452][872]LogModuleManager: Shutting down and abandoning module PhysXFormats (63)
[2016.11.17-13.00.55:471][872]LogModuleManager: Shutting down and abandoning module MeshUtilities (62)
[2016.11.17-13.00.55:532][872]LogModuleManager: Shutting down and abandoning module DerivedDataCache (61)
[2016.11.17-13.00.55:720][872]LogDerivedDataCache: Shutdown
[2016.11.17-13.00.55:720][872]LogModuleManager: Shutting down and abandoning module VulkanShaderFormat (60)
[2016.11.17-13.00.55:754][872]LogModuleManager: Shutting down and abandoning module ShaderFormatOpenGL (59)
[2016.11.17-13.00.55:789][872]LogModuleManager: Shutting down and abandoning module ShaderFormatD3D (58)
[2016.11.17-13.00.55:809][872]LogModuleManager: Shutting down and abandoning module MetalShaderFormat (57)
[2016.11.17-13.00.55:822][872]LogModuleManager: Shutting down and abandoning module TextureFormatUncompressed (56)
[2016.11.17-13.00.55:920][872]LogModuleManager: Shutting down and abandoning module TextureFormatPVR (55)
[2016.11.17-13.00.55:976][872]LogModuleManager: Shutting down and abandoning module TextureFormatDXT (54)
[2016.11.17-13.00.55:977][872]LogModuleManager: Shutting down and abandoning module TextureFormatIntelISPCTexComp (53)
[2016.11.17-13.00.56:094][872]LogModuleManager: Shutting down and abandoning module ImageWrapper (52)
[2016.11.17-13.00.56:094][872]LogModuleManager: Shutting down and abandoning module TextureFormatASTC (51)
[2016.11.17-13.00.56:094][872]LogModuleManager: Shutting down and abandoning module TextureFormatAndroid (50)
[2016.11.17-13.00.56:095][872]LogModuleManager: Shutting down and abandoning module AudioFormatOpus (49)
[2016.11.17-13.00.56:095][872]LogModuleManager: Shutting down and abandoning module AudioFormatOgg (48)
[2016.11.17-13.00.56:114][872]LogModuleManager: Shutting down and abandoning module AudioFormatADPCM (47)
[2016.11.17-13.00.56:127][872]LogModuleManager: Shutting down and abandoning module LinuxTargetPlatform (46)
[2016.11.17-13.00.56:161][872]LogModuleManager: Shutting down and abandoning module LinuxServerTargetPlatform (45)
[2016.11.17-13.00.56:174][872]LogModuleManager: Shutting down and abandoning module LinuxNoEditorTargetPlatform (44)
[2016.11.17-13.00.56:184][872]LogModuleManager: Shutting down and abandoning module LinuxClientTargetPlatform (43)
[2016.11.17-13.00.56:232][872]LogModuleManager: Shutting down and abandoning module TVOSTargetPlatform (42)
[2016.11.17-13.00.56:240][872]LogModuleManager: Shutting down and abandoning module Messaging (41)
[2016.11.17-13.00.56:240][872]LogModuleManager: Shutting down and abandoning module IOSTargetPlatform (40)
[2016.11.17-13.00.56:256][872]LogModuleManager: Shutting down and abandoning module HTML5TargetPlatform (39)
[2016.11.17-13.00.56:270][872]LogModuleManager: Shutting down and abandoning module Android_PVRTCTargetPlatform (38)
[2016.11.17-13.00.56:283][872]LogModuleManager: Shutting down and abandoning module Android_MultiTargetPlatform (37)
[2016.11.17-13.00.56:296][872]LogModuleManager: Shutting down and abandoning module Android_ETC2TargetPlatform (36)
[2016.11.17-13.00.56:304][872]LogModuleManager: Shutting down and abandoning module Android_ETC1TargetPlatform (35)
[2016.11.17-13.00.56:306][872]LogModuleManager: Shutting down and abandoning module Android_DXTTargetPlatform (34)
[2016.11.17-13.00.56:317][872]LogModuleManager: Shutting down and abandoning module Android_ATCTargetPlatform (33)
[2016.11.17-13.00.56:329][872]LogModuleManager: Shutting down and abandoning module Android_ASTCTargetPlatform (32)
[2016.11.17-13.00.56:344][872]LogModuleManager: Shutting down and abandoning module AndroidTargetPlatform (31)
[2016.11.17-13.00.56:357][872]LogModuleManager: Shutting down and abandoning module WindowsTargetPlatform (30)
[2016.11.17-13.00.56:389][872]LogModuleManager: Shutting down and abandoning module WindowsServerTargetPlatform (29)
[2016.11.17-13.00.56:411][872]LogModuleManager: Shutting down and abandoning module WindowsNoEditorTargetPlatform (28)
[2016.11.17-13.00.56:441][872]LogModuleManager: Shutting down and abandoning module WindowsClientTargetPlatform (27)
[2016.11.17-13.00.56:447][872]LogModuleManager: Shutting down and abandoning module AllDesktopTargetPlatform (26)
[2016.11.17-13.00.56:447][872]LogModuleManager: Shutting down and abandoning module TargetPlatform (25)
[2016.11.17-13.00.56:484][872]LogModuleManager: Shutting down and abandoning module InputCore (24)
[2016.11.17-13.00.56:499][872]LogModuleManager: Shutting down and abandoning module Settings (23)
[2016.11.17-13.00.56:524][872]LogModuleManager: Shutting down and abandoning module OculusRift (22)
[2016.11.17-13.00.56:546][872]LogModuleManager: Shutting down and abandoning module GearVR (21)
[2016.11.17-13.00.56:546][872]LogModuleManager: Shutting down and abandoning module ExampleDeviceProfileSelector (20)
[2016.11.17-13.00.56:564][872]LogModuleManager: Shutting down and abandoning module OnlineBlueprintSupport (19)
[2016.11.17-13.00.56:564][872]LogModuleManager: Shutting down and abandoning module OnlineSubsystem (17)
[2016.11.17-13.00.56:582][872]LogOnline:Display: Unloading online subsystem: NULL
[2016.11.17-13.00.56:675][872]LogModuleManager: Shutting down and abandoning module HTTP (16)
[2016.11.17-13.00.56:701][872]LogHttp:Display: Http module shutting down, but needs to wait on 1 outstanding Http requests:
[2016.11.17-13.00.56:701][872]LogHttp:Display: 	verb=[POST] url=[https://datarouter.ol.epicgames.com/datarouter/api/v1/public/data?SessionID=%7B6BE891DC-48D1-043A-9E16-F9BD6E130F3F%7D&AppID=UEEditor.Rocket.Release&AppVersion=4.13.2-3172292%2B%2B%2BUE4%2BRelease-4.13&UserID=d82d6ae94c79cc0120a3698c2e9d16be%7C3766a0fcf2b1448ab39b0ea0947a695a%7Cab59c584-56f8-4995-ba8b-1476dcaef410&AppEnvironment=datacollector-binary&UploadType=eteventstream] status=Processing
[2016.11.17-13.00.56:811][872]LogModuleManager: Shutting down and abandoning module XMPP (15)
[2016.11.17-13.00.56:840][872]LogModuleManager: Shutting down and abandoning module TextureCompressor (14)
[2016.11.17-13.00.56:979][872]LogModuleManager: Shutting down and abandoning module ShaderCore (13)
[2016.11.17-13.00.57:011][872]LogModuleManager: Shutting down and abandoning module Landscape (12)
[2016.11.17-13.00.57:030][872]LogModuleManager: Shutting down and abandoning module SlateRHIRenderer (11)
[2016.11.17-13.00.57:267][872]LogModuleManager: Shutting down and abandoning module OpenGLDrv (10)
[2016.11.17-13.00.57:286][872]LogModuleManager: Shutting down and abandoning module D3D11RHI (9)
[2016.11.17-13.00.57:286][872]LogModuleManager: Shutting down and abandoning module AnimGraphRuntime (8)
[2016.11.17-13.00.57:299][872]LogModuleManager: Shutting down and abandoning module Renderer (7)
[2016.11.17-13.00.57:299][872]LogModuleManager: Shutting down and abandoning module Engine (6)
[2016.11.17-13.00.57:299][872]LogModuleManager: Shutting down and abandoning module CoreUObject (5)
[2016.11.17-13.00.57:311][872]LogModuleManager: Shutting down and abandoning module NetworkFile (4)
[2016.11.17-13.00.57:321][872]LogModuleManager: Shutting down and abandoning module StreamingFile (3)
[2016.11.17-13.00.57:331][872]LogModuleManager: Shutting down and abandoning module SandboxFile (2)
[2016.11.17-13.00.57:345][872]LogModuleManager: Shutting down and abandoning module PakFile (1)
[2016.11.17-13.00.57:594][872]LogExit: Exiting.
[2016.11.17-13.00.57:788][872]Log file closed, 11/17/16 11:00:57
